{"C:\\Projetos\\Projetos\\GCEIC26\\api\\src\\app.js": {"path":"C:\\Projetos\\Projetos\\GCEIC26\\api\\src\\app.js","statementMap":{"0":{"start":{"line":1,"column":16},"end":{"line":1,"column":34}},"1":{"start":{"line":2,"column":13},"end":{"line":2,"column":28}},"2":{"start":{"line":3,"column":15},"end":{"line":3,"column":32}},"3":{"start":{"line":4,"column":14},"end":{"line":4,"column":30}},"4":{"start":{"line":6,"column":20},"end":{"line":6,"column":58}},"5":{"start":{"line":7,"column":22},"end":{"line":7,"column":58}},"6":{"start":{"line":8,"column":22},"end":{"line":8,"column":58}},"7":{"start":{"line":9,"column":23},"end":{"line":9,"column":57}},"8":{"start":{"line":10,"column":23},"end":{"line":10,"column":52}},"9":{"start":{"line":11,"column":18},"end":{"line":11,"column":52}},"10":{"start":{"line":12,"column":22},"end":{"line":12,"column":51}},"11":{"start":{"line":13,"column":21},"end":{"line":13,"column":56}},"12":{"start":{"line":14,"column":18},"end":{"line":14,"column":49}},"13":{"start":{"line":15,"column":21},"end":{"line":15,"column":49}},"14":{"start":{"line":16,"column":24},"end":{"line":16,"column":55}},"15":{"start":{"line":17,"column":21},"end":{"line":17,"column":49}},"16":{"start":{"line":18,"column":21},"end":{"line":18,"column":61}},"17":{"start":{"line":19,"column":24},"end":{"line":19,"column":61}},"18":{"start":{"line":21,"column":12},"end":{"line":21,"column":21}},"19":{"start":{"line":23,"column":0},"end":{"line":23,"column":18}},"20":{"start":{"line":24,"column":0},"end":{"line":24,"column":16}},"21":{"start":{"line":25,"column":0},"end":{"line":25,"column":24}},"22":{"start":{"line":27,"column":0},"end":{"line":34,"column":3}},"23":{"start":{"line":28,"column":2},"end":{"line":33,"column":5}},"24":{"start":{"line":36,"column":0},"end":{"line":36,"column":31}},"25":{"start":{"line":37,"column":0},"end":{"line":37,"column":27}},"26":{"start":{"line":38,"column":0},"end":{"line":38,"column":31}},"27":{"start":{"line":39,"column":0},"end":{"line":39,"column":35}},"28":{"start":{"line":40,"column":0},"end":{"line":40,"column":42}},"29":{"start":{"line":41,"column":0},"end":{"line":41,"column":38}},"30":{"start":{"line":42,"column":0},"end":{"line":42,"column":51}},"31":{"start":{"line":44,"column":0},"end":{"line":44,"column":91}},"32":{"start":{"line":44,"column":30},"end":{"line":44,"column":89}},"33":{"start":{"line":45,"column":0},"end":{"line":45,"column":27}},"34":{"start":{"line":47,"column":0},"end":{"line":49,"column":3}},"35":{"start":{"line":48,"column":2},"end":{"line":48,"column":62}},"36":{"start":{"line":50,"column":0},"end":{"line":50,"column":41}},"37":{"start":{"line":52,"column":0},"end":{"line":78,"column":3}},"38":{"start":{"line":53,"column":17},"end":{"line":53,"column":95}},"39":{"start":{"line":54,"column":23},"end":{"line":68,"column":4}},"40":{"start":{"line":61,"column":4},"end":{"line":61,"column":48}},"41":{"start":{"line":62,"column":4},"end":{"line":66,"column":5}},"42":{"start":{"line":63,"column":6},"end":{"line":65,"column":7}},"43":{"start":{"line":64,"column":8},"end":{"line":64,"column":37}},"44":{"start":{"line":67,"column":4},"end":{"line":67,"column":28}},"45":{"start":{"line":70,"column":2},"end":{"line":75,"column":5}},"46":{"start":{"line":71,"column":4},"end":{"line":74,"column":7}},"47":{"start":{"line":77,"column":2},"end":{"line":77,"column":25}},"48":{"start":{"line":80,"column":0},"end":{"line":80,"column":35}},"49":{"start":{"line":82,"column":0},"end":{"line":91,"column":3}},"50":{"start":{"line":83,"column":21},"end":{"line":83,"column":51}},"51":{"start":{"line":84,"column":2},"end":{"line":90,"column":5}},"52":{"start":{"line":93,"column":0},"end":{"line":99,"column":3}},"53":{"start":{"line":94,"column":21},"end":{"line":94,"column":50}},"54":{"start":{"line":95,"column":2},"end":{"line":98,"column":5}},"55":{"start":{"line":101,"column":0},"end":{"line":124,"column":3}},"56":{"start":{"line":102,"column":2},"end":{"line":123,"column":3}},"57":{"start":{"line":103,"column":27},"end":{"line":103,"column":56}},"58":{"start":{"line":104,"column":18},"end":{"line":104,"column":26}},"59":{"start":{"line":106,"column":4},"end":{"line":111,"column":5}},"60":{"start":{"line":107,"column":6},"end":{"line":110,"column":9}},"61":{"start":{"line":113,"column":22},"end":{"line":113,"column":39}},"62":{"start":{"line":114,"column":4},"end":{"line":117,"column":7}},"63":{"start":{"line":119,"column":4},"end":{"line":122,"column":7}},"64":{"start":{"line":126,"column":0},"end":{"line":137,"column":3}},"65":{"start":{"line":127,"column":2},"end":{"line":136,"column":3}},"66":{"start":{"line":128,"column":34},"end":{"line":128,"column":63}},"67":{"start":{"line":129,"column":4},"end":{"line":131,"column":5}},"68":{"start":{"line":130,"column":6},"end":{"line":130,"column":93}},"69":{"start":{"line":132,"column":22},"end":{"line":132,"column":49}},"70":{"start":{"line":133,"column":4},"end":{"line":133,"column":68}},"71":{"start":{"line":135,"column":4},"end":{"line":135,"column":72}},"72":{"start":{"line":139,"column":0},"end":{"line":150,"column":3}},"73":{"start":{"line":140,"column":2},"end":{"line":149,"column":3}},"74":{"start":{"line":141,"column":34},"end":{"line":141,"column":63}},"75":{"start":{"line":142,"column":4},"end":{"line":144,"column":5}},"76":{"start":{"line":143,"column":6},"end":{"line":143,"column":93}},"77":{"start":{"line":145,"column":22},"end":{"line":145,"column":49}},"78":{"start":{"line":146,"column":4},"end":{"line":146,"column":68}},"79":{"start":{"line":148,"column":4},"end":{"line":148,"column":72}},"80":{"start":{"line":152,"column":0},"end":{"line":166,"column":3}},"81":{"start":{"line":153,"column":2},"end":{"line":165,"column":3}},"82":{"start":{"line":154,"column":25},"end":{"line":154,"column":55}},"83":{"start":{"line":155,"column":18},"end":{"line":155,"column":26}},"84":{"start":{"line":157,"column":4},"end":{"line":159,"column":5}},"85":{"start":{"line":158,"column":6},"end":{"line":158,"column":93}},"86":{"start":{"line":161,"column":22},"end":{"line":161,"column":37}},"87":{"start":{"line":162,"column":4},"end":{"line":162,"column":68}},"88":{"start":{"line":164,"column":4},"end":{"line":164,"column":72}},"89":{"start":{"line":168,"column":73},"end":{"line":168,"column":103}},"90":{"start":{"line":170,"column":0},"end":{"line":178,"column":3}},"91":{"start":{"line":171,"column":2},"end":{"line":177,"column":3}},"92":{"start":{"line":172,"column":53},"end":{"line":172,"column":61}},"93":{"start":{"line":173,"column":22},"end":{"line":173,"column":105}},"94":{"start":{"line":174,"column":4},"end":{"line":174,"column":49}},"95":{"start":{"line":176,"column":4},"end":{"line":176,"column":65}},"96":{"start":{"line":180,"column":0},"end":{"line":188,"column":3}},"97":{"start":{"line":181,"column":2},"end":{"line":187,"column":3}},"98":{"start":{"line":182,"column":50},"end":{"line":182,"column":58}},"99":{"start":{"line":183,"column":22},"end":{"line":183,"column":106}},"100":{"start":{"line":184,"column":4},"end":{"line":184,"column":49}},"101":{"start":{"line":186,"column":4},"end":{"line":186,"column":65}},"102":{"start":{"line":190,"column":0},"end":{"line":203,"column":3}},"103":{"start":{"line":191,"column":2},"end":{"line":202,"column":3}},"104":{"start":{"line":192,"column":65},"end":{"line":192,"column":73}},"105":{"start":{"line":193,"column":22},"end":{"line":198,"column":5}},"106":{"start":{"line":199,"column":4},"end":{"line":199,"column":49}},"107":{"start":{"line":201,"column":4},"end":{"line":201,"column":65}},"108":{"start":{"line":205,"column":0},"end":{"line":205,"column":42}},"109":{"start":{"line":206,"column":0},"end":{"line":206,"column":48}},"110":{"start":{"line":207,"column":0},"end":{"line":207,"column":42}},"111":{"start":{"line":209,"column":28},"end":{"line":209,"column":70}},"112":{"start":{"line":211,"column":0},"end":{"line":219,"column":3}},"113":{"start":{"line":212,"column":2},"end":{"line":218,"column":3}},"114":{"start":{"line":213,"column":49},"end":{"line":213,"column":57}},"115":{"start":{"line":214,"column":22},"end":{"line":214,"column":109}},"116":{"start":{"line":215,"column":4},"end":{"line":215,"column":50}},"117":{"start":{"line":217,"column":4},"end":{"line":217,"column":66}},"118":{"start":{"line":221,"column":0},"end":{"line":233,"column":3}},"119":{"start":{"line":222,"column":2},"end":{"line":232,"column":3}},"120":{"start":{"line":223,"column":60},"end":{"line":223,"column":68}},"121":{"start":{"line":224,"column":22},"end":{"line":228,"column":5}},"122":{"start":{"line":229,"column":4},"end":{"line":229,"column":50}},"123":{"start":{"line":231,"column":4},"end":{"line":231,"column":66}},"124":{"start":{"line":235,"column":0},"end":{"line":248,"column":3}},"125":{"start":{"line":236,"column":2},"end":{"line":247,"column":3}},"126":{"start":{"line":237,"column":79},"end":{"line":237,"column":87}},"127":{"start":{"line":238,"column":22},"end":{"line":243,"column":5}},"128":{"start":{"line":244,"column":4},"end":{"line":244,"column":50}},"129":{"start":{"line":246,"column":4},"end":{"line":246,"column":66}},"130":{"start":{"line":250,"column":0},"end":{"line":250,"column":37}},"131":{"start":{"line":252,"column":0},"end":{"line":252,"column":21}}},"fnMap":{"0":{"name":"(anonymous_0)","decl":{"start":{"line":27,"column":19},"end":{"line":27,"column":20}},"loc":{"start":{"line":27,"column":33},"end":{"line":34,"column":1}},"line":27},"1":{"name":"(anonymous_1)","decl":{"start":{"line":44,"column":16},"end":{"line":44,"column":17}},"loc":{"start":{"line":44,"column":30},"end":{"line":44,"column":89}},"line":44},"2":{"name":"(anonymous_2)","decl":{"start":{"line":47,"column":26},"end":{"line":47,"column":27}},"loc":{"start":{"line":47,"column":40},"end":{"line":49,"column":1}},"line":47},"3":{"name":"(anonymous_3)","decl":{"start":{"line":52,"column":22},"end":{"line":52,"column":23}},"loc":{"start":{"line":52,"column":36},"end":{"line":78,"column":1}},"line":52},"4":{"name":"(anonymous_4)","decl":{"start":{"line":60,"column":5},"end":{"line":60,"column":6}},"loc":{"start":{"line":60,"column":24},"end":{"line":68,"column":3}},"line":60},"5":{"name":"(anonymous_5)","decl":{"start":{"line":70,"column":27},"end":{"line":70,"column":28}},"loc":{"start":{"line":70,"column":38},"end":{"line":75,"column":3}},"line":70},"6":{"name":"(anonymous_6)","decl":{"start":{"line":82,"column":24},"end":{"line":82,"column":25}},"loc":{"start":{"line":82,"column":38},"end":{"line":91,"column":1}},"line":82},"7":{"name":"(anonymous_7)","decl":{"start":{"line":93,"column":33},"end":{"line":93,"column":34}},"loc":{"start":{"line":93,"column":47},"end":{"line":99,"column":1}},"line":93},"8":{"name":"(anonymous_8)","decl":{"start":{"line":101,"column":35},"end":{"line":101,"column":36}},"loc":{"start":{"line":101,"column":49},"end":{"line":124,"column":1}},"line":101},"9":{"name":"(anonymous_9)","decl":{"start":{"line":126,"column":43},"end":{"line":126,"column":44}},"loc":{"start":{"line":126,"column":57},"end":{"line":137,"column":1}},"line":126},"10":{"name":"(anonymous_10)","decl":{"start":{"line":139,"column":35},"end":{"line":139,"column":36}},"loc":{"start":{"line":139,"column":49},"end":{"line":150,"column":1}},"line":139},"11":{"name":"(anonymous_11)","decl":{"start":{"line":152,"column":36},"end":{"line":152,"column":37}},"loc":{"start":{"line":152,"column":50},"end":{"line":166,"column":1}},"line":152},"12":{"name":"(anonymous_12)","decl":{"start":{"line":170,"column":32},"end":{"line":170,"column":33}},"loc":{"start":{"line":170,"column":46},"end":{"line":178,"column":1}},"line":170},"13":{"name":"(anonymous_13)","decl":{"start":{"line":180,"column":30},"end":{"line":180,"column":31}},"loc":{"start":{"line":180,"column":44},"end":{"line":188,"column":1}},"line":180},"14":{"name":"(anonymous_14)","decl":{"start":{"line":190,"column":27},"end":{"line":190,"column":28}},"loc":{"start":{"line":190,"column":41},"end":{"line":203,"column":1}},"line":190},"15":{"name":"(anonymous_15)","decl":{"start":{"line":211,"column":32},"end":{"line":211,"column":33}},"loc":{"start":{"line":211,"column":46},"end":{"line":219,"column":1}},"line":211},"16":{"name":"(anonymous_16)","decl":{"start":{"line":221,"column":36},"end":{"line":221,"column":37}},"loc":{"start":{"line":221,"column":50},"end":{"line":233,"column":1}},"line":221},"17":{"name":"(anonymous_17)","decl":{"start":{"line":235,"column":44},"end":{"line":235,"column":45}},"loc":{"start":{"line":235,"column":58},"end":{"line":248,"column":1}},"line":235}},"branchMap":{"0":{"loc":{"start":{"line":61,"column":15},"end":{"line":61,"column":46}},"type":"binary-expr","locations":[{"start":{"line":61,"column":15},"end":{"line":61,"column":39}},{"start":{"line":61,"column":43},"end":{"line":61,"column":46}}],"line":61},"1":{"loc":{"start":{"line":63,"column":6},"end":{"line":65,"column":7}},"type":"if","locations":[{"start":{"line":63,"column":6},"end":{"line":65,"column":7}},{"start":{},"end":{}}],"line":63},"2":{"loc":{"start":{"line":106,"column":4},"end":{"line":111,"column":5}},"type":"if","locations":[{"start":{"line":106,"column":4},"end":{"line":111,"column":5}},{"start":{},"end":{}}],"line":106},"3":{"loc":{"start":{"line":106,"column":8},"end":{"line":106,"column":43}},"type":"binary-expr","locations":[{"start":{"line":106,"column":8},"end":{"line":106,"column":14}},{"start":{"line":106,"column":18},"end":{"line":106,"column":43}}],"line":106},"4":{"loc":{"start":{"line":129,"column":4},"end":{"line":131,"column":5}},"type":"if","locations":[{"start":{"line":129,"column":4},"end":{"line":131,"column":5}},{"start":{},"end":{}}],"line":129},"5":{"loc":{"start":{"line":129,"column":8},"end":{"line":129,"column":49}},"type":"binary-expr","locations":[{"start":{"line":129,"column":8},"end":{"line":129,"column":17}},{"start":{"line":129,"column":21},"end":{"line":129,"column":49}}],"line":129},"6":{"loc":{"start":{"line":142,"column":4},"end":{"line":144,"column":5}},"type":"if","locations":[{"start":{"line":142,"column":4},"end":{"line":144,"column":5}},{"start":{},"end":{}}],"line":142},"7":{"loc":{"start":{"line":142,"column":8},"end":{"line":142,"column":49}},"type":"binary-expr","locations":[{"start":{"line":142,"column":8},"end":{"line":142,"column":17}},{"start":{"line":142,"column":21},"end":{"line":142,"column":49}}],"line":142},"8":{"loc":{"start":{"line":157,"column":4},"end":{"line":159,"column":5}},"type":"if","locations":[{"start":{"line":157,"column":4},"end":{"line":159,"column":5}},{"start":{},"end":{}}],"line":157},"9":{"loc":{"start":{"line":157,"column":8},"end":{"line":157,"column":43}},"type":"binary-expr","locations":[{"start":{"line":157,"column":8},"end":{"line":157,"column":14}},{"start":{"line":157,"column":18},"end":{"line":157,"column":43}}],"line":157},"10":{"loc":{"start":{"line":183,"column":87},"end":{"line":183,"column":105}},"type":"binary-expr","locations":[{"start":{"line":183,"column":87},"end":{"line":183,"column":99}},{"start":{"line":183,"column":103},"end":{"line":183,"column":105}}],"line":183}},"s":{"0":13,"1":13,"2":13,"3":13,"4":13,"5":13,"6":13,"7":13,"8":13,"9":13,"10":13,"11":13,"12":13,"13":13,"14":13,"15":13,"16":13,"17":13,"18":13,"19":13,"20":13,"21":13,"22":13,"23":1,"24":13,"25":13,"26":13,"27":13,"28":13,"29":13,"30":13,"31":13,"32":1,"33":13,"34":13,"35":1,"36":13,"37":13,"38":0,"39":0,"40":0,"41":0,"42":0,"43":0,"44":0,"45":0,"46":0,"47":0,"48":13,"49":13,"50":0,"51":0,"52":13,"53":1,"54":1,"55":13,"56":4,"57":4,"58":4,"59":4,"60":0,"61":4,"62":1,"63":3,"64":13,"65":2,"66":2,"67":2,"68":0,"69":2,"70":1,"71":1,"72":13,"73":5,"74":5,"75":5,"76":0,"77":5,"78":2,"79":3,"80":13,"81":0,"82":0,"83":0,"84":0,"85":0,"86":0,"87":0,"88":0,"89":13,"90":13,"91":0,"92":0,"93":0,"94":0,"95":0,"96":13,"97":0,"98":0,"99":0,"100":0,"101":0,"102":13,"103":0,"104":0,"105":0,"106":0,"107":0,"108":13,"109":13,"110":13,"111":13,"112":13,"113":0,"114":0,"115":0,"116":0,"117":0,"118":13,"119":0,"120":0,"121":0,"122":0,"123":0,"124":13,"125":0,"126":0,"127":0,"128":0,"129":0,"130":13,"131":13},"f":{"0":1,"1":1,"2":1,"3":0,"4":0,"5":0,"6":0,"7":1,"8":4,"9":2,"10":5,"11":0,"12":0,"13":0,"14":0,"15":0,"16":0,"17":0},"b":{"0":[0,0],"1":[0,0],"2":[0,4],"3":[4,4],"4":[0,2],"5":[2,2],"6":[0,5],"7":[5,5],"8":[0,0],"9":[0,0],"10":[0,0]},"_coverageSchema":"1a1c01bbd47fc00a2c39e90264f33305004495a9","hash":"1e62a288dced115120314704076819fda688c6d9"}
,"C:\\Projetos\\Projetos\\GCEIC26\\api\\src\\equipe-08\\controllers\\piscinaController.js": {"path":"C:\\Projetos\\Projetos\\GCEIC26\\api\\src\\equipe-08\\controllers\\piscinaController.js","statementMap":{"0":{"start":{"line":1,"column":0},"end":{"line":15,"column":2}},"1":{"start":{"line":2,"column":51},"end":{"line":2,"column":59}},"2":{"start":{"line":4,"column":4},"end":{"line":6,"column":5}},"3":{"start":{"line":5,"column":8},"end":{"line":5,"column":102}},"4":{"start":{"line":8,"column":32},"end":{"line":8,"column":68}},"5":{"start":{"line":9,"column":25},"end":{"line":9,"column":51}},"6":{"start":{"line":11,"column":4},"end":{"line":14,"column":7}},"7":{"start":{"line":17,"column":0},"end":{"line":29,"column":2}},"8":{"start":{"line":18,"column":54},"end":{"line":18,"column":62}},"9":{"start":{"line":20,"column":4},"end":{"line":22,"column":5}},"10":{"start":{"line":21,"column":8},"end":{"line":21,"column":105}},"11":{"start":{"line":24,"column":22},"end":{"line":24,"column":60}},"12":{"start":{"line":26,"column":4},"end":{"line":28,"column":7}},"13":{"start":{"line":31,"column":0},"end":{"line":61,"column":2}},"14":{"start":{"line":32,"column":52},"end":{"line":32,"column":60}},"15":{"start":{"line":34,"column":4},"end":{"line":36,"column":5}},"16":{"start":{"line":35,"column":8},"end":{"line":35,"column":103}},"17":{"start":{"line":38,"column":24},"end":{"line":42,"column":5}},"18":{"start":{"line":44,"column":22},"end":{"line":44,"column":63}},"19":{"start":{"line":45,"column":4},"end":{"line":47,"column":5}},"20":{"start":{"line":46,"column":9},"end":{"line":46,"column":106}},"21":{"start":{"line":50,"column":27},"end":{"line":50,"column":58}},"22":{"start":{"line":51,"column":36},"end":{"line":51,"column":57}},"23":{"start":{"line":52,"column":27},"end":{"line":52,"column":67}},"24":{"start":{"line":54,"column":4},"end":{"line":60,"column":7}},"25":{"start":{"line":63,"column":0},"end":{"line":80,"column":2}},"26":{"start":{"line":64,"column":43},"end":{"line":64,"column":51}},"27":{"start":{"line":66,"column":4},"end":{"line":68,"column":5}},"28":{"start":{"line":67,"column":8},"end":{"line":67,"column":94}},"29":{"start":{"line":71,"column":29},"end":{"line":71,"column":33}},"30":{"start":{"line":72,"column":29},"end":{"line":72,"column":67}},"31":{"start":{"line":73,"column":28},"end":{"line":73,"column":52}},"32":{"start":{"line":75,"column":4},"end":{"line":79,"column":7}},"33":{"start":{"line":82,"column":0},"end":{"line":94,"column":2}},"34":{"start":{"line":83,"column":58},"end":{"line":83,"column":66}},"35":{"start":{"line":85,"column":4},"end":{"line":87,"column":5}},"36":{"start":{"line":86,"column":8},"end":{"line":86,"column":109}},"37":{"start":{"line":89,"column":27},"end":{"line":89,"column":70}},"38":{"start":{"line":91,"column":4},"end":{"line":93,"column":7}}},"fnMap":{"0":{"name":"(anonymous_0)","decl":{"start":{"line":1,"column":25},"end":{"line":1,"column":26}},"loc":{"start":{"line":1,"column":39},"end":{"line":15,"column":1}},"line":1},"1":{"name":"(anonymous_1)","decl":{"start":{"line":17,"column":23},"end":{"line":17,"column":24}},"loc":{"start":{"line":17,"column":37},"end":{"line":29,"column":1}},"line":17},"2":{"name":"(anonymous_2)","decl":{"start":{"line":31,"column":28},"end":{"line":31,"column":29}},"loc":{"start":{"line":31,"column":42},"end":{"line":61,"column":1}},"line":31},"3":{"name":"(anonymous_3)","decl":{"start":{"line":63,"column":29},"end":{"line":63,"column":30}},"loc":{"start":{"line":63,"column":43},"end":{"line":80,"column":1}},"line":63},"4":{"name":"(anonymous_4)","decl":{"start":{"line":82,"column":28},"end":{"line":82,"column":29}},"loc":{"start":{"line":82,"column":42},"end":{"line":94,"column":1}},"line":82}},"branchMap":{"0":{"loc":{"start":{"line":4,"column":4},"end":{"line":6,"column":5}},"type":"if","locations":[{"start":{"line":4,"column":4},"end":{"line":6,"column":5}},{"start":{},"end":{}}],"line":4},"1":{"loc":{"start":{"line":4,"column":8},"end":{"line":4,"column":49}},"type":"binary-expr","locations":[{"start":{"line":4,"column":8},"end":{"line":4,"column":16}},{"start":{"line":4,"column":20},"end":{"line":4,"column":32}},{"start":{"line":4,"column":36},"end":{"line":4,"column":49}}],"line":4},"2":{"loc":{"start":{"line":20,"column":4},"end":{"line":22,"column":5}},"type":"if","locations":[{"start":{"line":20,"column":4},"end":{"line":22,"column":5}},{"start":{},"end":{}}],"line":20},"3":{"loc":{"start":{"line":20,"column":8},"end":{"line":20,"column":49}},"type":"binary-expr","locations":[{"start":{"line":20,"column":8},"end":{"line":20,"column":28}},{"start":{"line":20,"column":32},"end":{"line":20,"column":49}}],"line":20},"4":{"loc":{"start":{"line":34,"column":4},"end":{"line":36,"column":5}},"type":"if","locations":[{"start":{"line":34,"column":4},"end":{"line":36,"column":5}},{"start":{},"end":{}}],"line":34},"5":{"loc":{"start":{"line":34,"column":8},"end":{"line":34,"column":47}},"type":"binary-expr","locations":[{"start":{"line":34,"column":8},"end":{"line":34,"column":28}},{"start":{"line":34,"column":32},"end":{"line":34,"column":47}}],"line":34},"6":{"loc":{"start":{"line":45,"column":4},"end":{"line":47,"column":5}},"type":"if","locations":[{"start":{"line":45,"column":4},"end":{"line":47,"column":5}},{"start":{},"end":{}}],"line":45},"7":{"loc":{"start":{"line":66,"column":4},"end":{"line":68,"column":5}},"type":"if","locations":[{"start":{"line":66,"column":4},"end":{"line":68,"column":5}},{"start":{},"end":{}}],"line":66},"8":{"loc":{"start":{"line":66,"column":8},"end":{"line":66,"column":38}},"type":"binary-expr","locations":[{"start":{"line":66,"column":8},"end":{"line":66,"column":28}},{"start":{"line":66,"column":32},"end":{"line":66,"column":38}}],"line":66},"9":{"loc":{"start":{"line":85,"column":4},"end":{"line":87,"column":5}},"type":"if","locations":[{"start":{"line":85,"column":4},"end":{"line":87,"column":5}},{"start":{},"end":{}}],"line":85},"10":{"loc":{"start":{"line":85,"column":8},"end":{"line":85,"column":56}},"type":"binary-expr","locations":[{"start":{"line":85,"column":8},"end":{"line":85,"column":22}},{"start":{"line":85,"column":26},"end":{"line":85,"column":40}},{"start":{"line":85,"column":44},"end":{"line":85,"column":56}}],"line":85}},"s":{"0":13,"1":2,"2":2,"3":1,"4":1,"5":1,"6":1,"7":13,"8":2,"9":2,"10":1,"11":1,"12":1,"13":13,"14":1,"15":1,"16":0,"17":1,"18":1,"19":1,"20":0,"21":1,"22":1,"23":1,"24":1,"25":13,"26":1,"27":1,"28":0,"29":1,"30":1,"31":1,"32":1,"33":13,"34":1,"35":1,"36":0,"37":1,"38":1},"f":{"0":2,"1":2,"2":1,"3":1,"4":1},"b":{"0":[1,1],"1":[2,2,1],"2":[1,1],"3":[2,2],"4":[0,1],"5":[1,1],"6":[0,1],"7":[0,1],"8":[1,1],"9":[0,1],"10":[1,1,1]},"_coverageSchema":"1a1c01bbd47fc00a2c39e90264f33305004495a9","hash":"041897c9c4e8f544568a3a6744ab50c666f7ce6c"}
,"C:\\Projetos\\Projetos\\GCEIC26\\api\\src\\equipe-08\\routes\\piscina.js": {"path":"C:\\Projetos\\Projetos\\GCEIC26\\api\\src\\equipe-08\\routes\\piscina.js","statementMap":{"0":{"start":{"line":1,"column":16},"end":{"line":1,"column":34}},"1":{"start":{"line":2,"column":15},"end":{"line":2,"column":31}},"2":{"start":{"line":3,"column":26},"end":{"line":3,"column":69}},"3":{"start":{"line":5,"column":0},"end":{"line":5,"column":57}},"4":{"start":{"line":6,"column":0},"end":{"line":6,"column":53}},"5":{"start":{"line":7,"column":0},"end":{"line":7,"column":63}},"6":{"start":{"line":8,"column":0},"end":{"line":8,"column":65}},"7":{"start":{"line":9,"column":0},"end":{"line":9,"column":65}},"8":{"start":{"line":11,"column":0},"end":{"line":11,"column":24}}},"fnMap":{},"branchMap":{},"s":{"0":13,"1":13,"2":13,"3":13,"4":13,"5":13,"6":13,"7":13,"8":13},"f":{},"b":{},"_coverageSchema":"1a1c01bbd47fc00a2c39e90264f33305004495a9","hash":"532653f165bdd19864851e9c6f7f58a21025976f"}
,"C:\\Projetos\\Projetos\\GCEIC26\\api\\src\\equipe-12\\funcoes.js": {"path":"C:\\Projetos\\Projetos\\GCEIC26\\api\\src\\equipe-12\\funcoes.js","statementMap":{"0":{"start":{"line":1,"column":15},"end":{"line":20,"column":1}},"1":{"start":{"line":23,"column":2},"end":{"line":23,"column":68}},"2":{"start":{"line":23,"column":18},"end":{"line":23,"column":68}},"3":{"start":{"line":24,"column":2},"end":{"line":24,"column":71}},"4":{"start":{"line":24,"column":22},"end":{"line":24,"column":71}},"5":{"start":{"line":26,"column":21},"end":{"line":26,"column":51}},"6":{"start":{"line":27,"column":16},"end":{"line":27,"column":34}},"7":{"start":{"line":29,"column":2},"end":{"line":34,"column":4}},"8":{"start":{"line":38,"column":2},"end":{"line":38,"column":68}},"9":{"start":{"line":38,"column":18},"end":{"line":38,"column":68}},"10":{"start":{"line":40,"column":26},"end":{"line":40,"column":59}},"11":{"start":{"line":41,"column":2},"end":{"line":43,"column":3}},"12":{"start":{"line":42,"column":4},"end":{"line":42,"column":81}},"13":{"start":{"line":45,"column":24},"end":{"line":45,"column":49}},"14":{"start":{"line":46,"column":30},"end":{"line":46,"column":47}},"15":{"start":{"line":47,"column":21},"end":{"line":47,"column":42}},"16":{"start":{"line":48,"column":16},"end":{"line":48,"column":48}},"17":{"start":{"line":50,"column":2},"end":{"line":60,"column":4}},"18":{"start":{"line":64,"column":2},"end":{"line":64,"column":68}},"19":{"start":{"line":64,"column":18},"end":{"line":64,"column":68}},"20":{"start":{"line":65,"column":2},"end":{"line":65,"column":89}},"21":{"start":{"line":65,"column":27},"end":{"line":65,"column":89}},"22":{"start":{"line":67,"column":16},"end":{"line":67,"column":34}},"23":{"start":{"line":68,"column":21},"end":{"line":68,"column":42}},"24":{"start":{"line":69,"column":21},"end":{"line":69,"column":47}},"25":{"start":{"line":71,"column":2},"end":{"line":77,"column":4}},"26":{"start":{"line":81,"column":2},"end":{"line":81,"column":68}},"27":{"start":{"line":81,"column":18},"end":{"line":81,"column":68}},"28":{"start":{"line":82,"column":2},"end":{"line":82,"column":82}},"29":{"start":{"line":82,"column":23},"end":{"line":82,"column":82}},"30":{"start":{"line":83,"column":2},"end":{"line":83,"column":89}},"31":{"start":{"line":83,"column":27},"end":{"line":83,"column":89}},"32":{"start":{"line":85,"column":16},"end":{"line":85,"column":34}},"33":{"start":{"line":86,"column":21},"end":{"line":86,"column":47}},"34":{"start":{"line":87,"column":21},"end":{"line":87,"column":42}},"35":{"start":{"line":89,"column":2},"end":{"line":95,"column":4}},"36":{"start":{"line":99,"column":2},"end":{"line":99,"column":80}},"37":{"start":{"line":99,"column":23},"end":{"line":99,"column":80}},"38":{"start":{"line":100,"column":2},"end":{"line":100,"column":82}},"39":{"start":{"line":100,"column":23},"end":{"line":100,"column":82}},"40":{"start":{"line":101,"column":2},"end":{"line":101,"column":90}},"41":{"start":{"line":101,"column":33},"end":{"line":101,"column":90}},"42":{"start":{"line":102,"column":2},"end":{"line":104,"column":3}},"43":{"start":{"line":103,"column":4},"end":{"line":103,"column":84}},"44":{"start":{"line":106,"column":29},"end":{"line":106,"column":63}},"45":{"start":{"line":107,"column":33},"end":{"line":107,"column":72}},"46":{"start":{"line":108,"column":19},"end":{"line":108,"column":51}},"47":{"start":{"line":109,"column":28},"end":{"line":109,"column":72}},"48":{"start":{"line":111,"column":2},"end":{"line":120,"column":4}},"49":{"start":{"line":124,"column":19},"end":{"line":124,"column":24}},"50":{"start":{"line":125,"column":2},"end":{"line":127,"column":3}},"51":{"start":{"line":126,"column":4},"end":{"line":126,"column":112}},"52":{"start":{"line":129,"column":2},"end":{"line":151,"column":3}},"53":{"start":{"line":131,"column":6},"end":{"line":131,"column":79}},"54":{"start":{"line":133,"column":6},"end":{"line":138,"column":8}},"55":{"start":{"line":140,"column":6},"end":{"line":140,"column":75}},"56":{"start":{"line":142,"column":6},"end":{"line":142,"column":75}},"57":{"start":{"line":144,"column":6},"end":{"line":148,"column":8}},"58":{"start":{"line":150,"column":6},"end":{"line":150,"column":65}},"59":{"start":{"line":155,"column":2},"end":{"line":155,"column":39}},"60":{"start":{"line":159,"column":2},"end":{"line":159,"column":43}},"61":{"start":{"line":162,"column":0},"end":{"line":170,"column":2}}},"fnMap":{"0":{"name":"calcularPrecoVenda","decl":{"start":{"line":22,"column":9},"end":{"line":22,"column":27}},"loc":{"start":{"line":22,"column":47},"end":{"line":35,"column":1}},"line":22},"1":{"name":"calcularMarkupDivisor","decl":{"start":{"line":37,"column":9},"end":{"line":37,"column":30}},"loc":{"start":{"line":37,"column":71},"end":{"line":61,"column":1}},"line":37},"2":{"name":"calcularMarkup","decl":{"start":{"line":63,"column":9},"end":{"line":63,"column":23}},"loc":{"start":{"line":63,"column":43},"end":{"line":78,"column":1}},"line":63},"3":{"name":"calcularMargem","decl":{"start":{"line":80,"column":9},"end":{"line":80,"column":23}},"loc":{"start":{"line":80,"column":43},"end":{"line":96,"column":1}},"line":80},"4":{"name":"calcularPontoEquilibrio","decl":{"start":{"line":98,"column":9},"end":{"line":98,"column":32}},"loc":{"start":{"line":98,"column":81},"end":{"line":121,"column":1}},"line":98},"5":{"name":"calcular","decl":{"start":{"line":123,"column":9},"end":{"line":123,"column":17}},"loc":{"start":{"line":123,"column":25},"end":{"line":152,"column":1}},"line":123},"6":{"name":"arred","decl":{"start":{"line":154,"column":9},"end":{"line":154,"column":14}},"loc":{"start":{"line":154,"column":22},"end":{"line":156,"column":1}},"line":154},"7":{"name":"arred4","decl":{"start":{"line":158,"column":9},"end":{"line":158,"column":15}},"loc":{"start":{"line":158,"column":23},"end":{"line":160,"column":1}},"line":158}},"branchMap":{"0":{"loc":{"start":{"line":23,"column":2},"end":{"line":23,"column":68}},"type":"if","locations":[{"start":{"line":23,"column":2},"end":{"line":23,"column":68}},{"start":{},"end":{}}],"line":23},"1":{"loc":{"start":{"line":24,"column":2},"end":{"line":24,"column":71}},"type":"if","locations":[{"start":{"line":24,"column":2},"end":{"line":24,"column":71}},{"start":{},"end":{}}],"line":24},"2":{"loc":{"start":{"line":38,"column":2},"end":{"line":38,"column":68}},"type":"if","locations":[{"start":{"line":38,"column":2},"end":{"line":38,"column":68}},{"start":{},"end":{}}],"line":38},"3":{"loc":{"start":{"line":41,"column":2},"end":{"line":43,"column":3}},"type":"if","locations":[{"start":{"line":41,"column":2},"end":{"line":43,"column":3}},{"start":{},"end":{}}],"line":41},"4":{"loc":{"start":{"line":64,"column":2},"end":{"line":64,"column":68}},"type":"if","locations":[{"start":{"line":64,"column":2},"end":{"line":64,"column":68}},{"start":{},"end":{}}],"line":64},"5":{"loc":{"start":{"line":65,"column":2},"end":{"line":65,"column":89}},"type":"if","locations":[{"start":{"line":65,"column":2},"end":{"line":65,"column":89}},{"start":{},"end":{}}],"line":65},"6":{"loc":{"start":{"line":81,"column":2},"end":{"line":81,"column":68}},"type":"if","locations":[{"start":{"line":81,"column":2},"end":{"line":81,"column":68}},{"start":{},"end":{}}],"line":81},"7":{"loc":{"start":{"line":82,"column":2},"end":{"line":82,"column":82}},"type":"if","locations":[{"start":{"line":82,"column":2},"end":{"line":82,"column":82}},{"start":{},"end":{}}],"line":82},"8":{"loc":{"start":{"line":83,"column":2},"end":{"line":83,"column":89}},"type":"if","locations":[{"start":{"line":83,"column":2},"end":{"line":83,"column":89}},{"start":{},"end":{}}],"line":83},"9":{"loc":{"start":{"line":99,"column":2},"end":{"line":99,"column":80}},"type":"if","locations":[{"start":{"line":99,"column":2},"end":{"line":99,"column":80}},{"start":{},"end":{}}],"line":99},"10":{"loc":{"start":{"line":100,"column":2},"end":{"line":100,"column":82}},"type":"if","locations":[{"start":{"line":100,"column":2},"end":{"line":100,"column":82}},{"start":{},"end":{}}],"line":100},"11":{"loc":{"start":{"line":101,"column":2},"end":{"line":101,"column":90}},"type":"if","locations":[{"start":{"line":101,"column":2},"end":{"line":101,"column":90}},{"start":{},"end":{}}],"line":101},"12":{"loc":{"start":{"line":102,"column":2},"end":{"line":104,"column":3}},"type":"if","locations":[{"start":{"line":102,"column":2},"end":{"line":104,"column":3}},{"start":{},"end":{}}],"line":102},"13":{"loc":{"start":{"line":125,"column":2},"end":{"line":127,"column":3}},"type":"if","locations":[{"start":{"line":125,"column":2},"end":{"line":127,"column":3}},{"start":{},"end":{}}],"line":125},"14":{"loc":{"start":{"line":129,"column":2},"end":{"line":151,"column":3}},"type":"switch","locations":[{"start":{"line":130,"column":4},"end":{"line":131,"column":79}},{"start":{"line":132,"column":4},"end":{"line":138,"column":8}},{"start":{"line":139,"column":4},"end":{"line":140,"column":75}},{"start":{"line":141,"column":4},"end":{"line":142,"column":75}},{"start":{"line":143,"column":4},"end":{"line":148,"column":8}},{"start":{"line":149,"column":4},"end":{"line":150,"column":65}}],"line":129}},"s":{"0":14,"1":4,"2":1,"3":3,"4":1,"5":2,"6":2,"7":2,"8":6,"9":1,"10":5,"11":5,"12":2,"13":3,"14":3,"15":3,"16":3,"17":3,"18":4,"19":1,"20":3,"21":1,"22":2,"23":2,"24":2,"25":2,"26":5,"27":1,"28":4,"29":1,"30":3,"31":1,"32":2,"33":2,"34":2,"35":2,"36":6,"37":1,"38":5,"39":1,"40":4,"41":1,"42":3,"43":1,"44":2,"45":2,"46":2,"47":2,"48":2,"49":9,"50":9,"51":1,"52":8,"53":1,"54":3,"55":1,"56":1,"57":1,"58":1,"59":61,"60":8,"61":14},"f":{"0":4,"1":6,"2":4,"3":5,"4":6,"5":9,"6":61,"7":8},"b":{"0":[1,3],"1":[1,2],"2":[1,5],"3":[2,3],"4":[1,3],"5":[1,2],"6":[1,4],"7":[1,3],"8":[1,2],"9":[1,5],"10":[1,4],"11":[1,3],"12":[1,2],"13":[1,8],"14":[1,3,1,1,1,1]},"_coverageSchema":"1a1c01bbd47fc00a2c39e90264f33305004495a9","hash":"f61be3f0d7ffaf5a1287c0224494b3207c51294f"}
,"C:\\Projetos\\Projetos\\GCEIC26\\api\\src\\equipe-12\\routes.js": {"path":"C:\\Projetos\\Projetos\\GCEIC26\\api\\src\\equipe-12\\routes.js","statementMap":{"0":{"start":{"line":1,"column":16},"end":{"line":1,"column":34}},"1":{"start":{"line":2,"column":29},"end":{"line":2,"column":49}},"2":{"start":{"line":4,"column":15},"end":{"line":4,"column":31}},"3":{"start":{"line":6,"column":0},"end":{"line":11,"column":3}},"4":{"start":{"line":7,"column":2},"end":{"line":10,"column":5}},"5":{"start":{"line":13,"column":0},"end":{"line":24,"column":3}},"6":{"start":{"line":14,"column":2},"end":{"line":23,"column":3}},"7":{"start":{"line":15,"column":4},"end":{"line":17,"column":5}},"8":{"start":{"line":16,"column":6},"end":{"line":16,"column":93}},"9":{"start":{"line":19,"column":22},"end":{"line":19,"column":40}},"10":{"start":{"line":20,"column":4},"end":{"line":20,"column":68}},"11":{"start":{"line":22,"column":4},"end":{"line":22,"column":72}},"12":{"start":{"line":26,"column":0},"end":{"line":26,"column":24}}},"fnMap":{"0":{"name":"(anonymous_0)","decl":{"start":{"line":6,"column":23},"end":{"line":6,"column":24}},"loc":{"start":{"line":6,"column":37},"end":{"line":11,"column":1}},"line":6},"1":{"name":"(anonymous_1)","decl":{"start":{"line":13,"column":25},"end":{"line":13,"column":26}},"loc":{"start":{"line":13,"column":39},"end":{"line":24,"column":1}},"line":13}},"branchMap":{"0":{"loc":{"start":{"line":15,"column":4},"end":{"line":17,"column":5}},"type":"if","locations":[{"start":{"line":15,"column":4},"end":{"line":17,"column":5}},{"start":{},"end":{}}],"line":15},"1":{"loc":{"start":{"line":15,"column":8},"end":{"line":15,"column":49}},"type":"binary-expr","locations":[{"start":{"line":15,"column":8},"end":{"line":15,"column":17}},{"start":{"line":15,"column":21},"end":{"line":15,"column":49}}],"line":15}},"s":{"0":13,"1":13,"2":13,"3":13,"4":1,"5":13,"6":3,"7":3,"8":1,"9":2,"10":1,"11":1,"12":13},"f":{"0":1,"1":3},"b":{"0":[1,2],"1":[3,2]},"_coverageSchema":"1a1c01bbd47fc00a2c39e90264f33305004495a9","hash":"36d47585e7d2ee67a0ff48278f53de844d60192b"}
,"C:\\Projetos\\Projetos\\GCEIC26\\api\\src\\equipe-14\\pricingRoutes.js": {"path":"C:\\Projetos\\Projetos\\GCEIC26\\api\\src\\equipe-14\\pricingRoutes.js","statementMap":{"0":{"start":{"line":1,"column":19},"end":{"line":1,"column":37}},"1":{"start":{"line":6,"column":4},"end":{"line":6,"column":31}},"2":{"start":{"line":7,"column":26},"end":{"line":7,"column":49}},"3":{"start":{"line":9,"column":22},"end":{"line":9,"column":30}},"4":{"start":{"line":11,"column":0},"end":{"line":13,"column":3}},"5":{"start":{"line":12,"column":2},"end":{"line":12,"column":61}},"6":{"start":{"line":15,"column":0},"end":{"line":24,"column":3}},"7":{"start":{"line":16,"column":2},"end":{"line":23,"column":7}},"8":{"start":{"line":16,"column":30},"end":{"line":23,"column":5}},"9":{"start":{"line":26,"column":0},"end":{"line":35,"column":3}},"10":{"start":{"line":27,"column":2},"end":{"line":34,"column":7}},"11":{"start":{"line":27,"column":30},"end":{"line":34,"column":5}},"12":{"start":{"line":37,"column":0},"end":{"line":47,"column":3}},"13":{"start":{"line":38,"column":2},"end":{"line":46,"column":7}},"14":{"start":{"line":38,"column":30},"end":{"line":46,"column":5}},"15":{"start":{"line":50,"column":2},"end":{"line":58,"column":3}},"16":{"start":{"line":51,"column":4},"end":{"line":51,"column":24}},"17":{"start":{"line":53,"column":4},"end":{"line":57,"column":7}},"18":{"start":{"line":62,"column":2},"end":{"line":70,"column":9}},"19":{"start":{"line":63,"column":58},"end":{"line":63,"column":70}},"20":{"start":{"line":64,"column":24},"end":{"line":64,"column":54}},"21":{"start":{"line":65,"column":26},"end":{"line":67,"column":5}},"22":{"start":{"line":65,"column":66},"end":{"line":65,"column":77}},"23":{"start":{"line":66,"column":17},"end":{"line":66,"column":70}},"24":{"start":{"line":68,"column":4},"end":{"line":68,"column":93}},"25":{"start":{"line":69,"column":4},"end":{"line":69,"column":15}},"26":{"start":{"line":73,"column":0},"end":{"line":73,"column":31}}},"fnMap":{"0":{"name":"(anonymous_0)","decl":{"start":{"line":11,"column":29},"end":{"line":11,"column":30}},"loc":{"start":{"line":11,"column":44},"end":{"line":13,"column":1}},"line":11},"1":{"name":"(anonymous_1)","decl":{"start":{"line":15,"column":37},"end":{"line":15,"column":38}},"loc":{"start":{"line":15,"column":51},"end":{"line":24,"column":1}},"line":15},"2":{"name":"(anonymous_2)","decl":{"start":{"line":16,"column":24},"end":{"line":16,"column":25}},"loc":{"start":{"line":16,"column":30},"end":{"line":23,"column":5}},"line":16},"3":{"name":"(anonymous_3)","decl":{"start":{"line":26,"column":35},"end":{"line":26,"column":36}},"loc":{"start":{"line":26,"column":49},"end":{"line":35,"column":1}},"line":26},"4":{"name":"(anonymous_4)","decl":{"start":{"line":27,"column":24},"end":{"line":27,"column":25}},"loc":{"start":{"line":27,"column":30},"end":{"line":34,"column":5}},"line":27},"5":{"name":"(anonymous_5)","decl":{"start":{"line":37,"column":30},"end":{"line":37,"column":31}},"loc":{"start":{"line":37,"column":44},"end":{"line":47,"column":1}},"line":37},"6":{"name":"(anonymous_6)","decl":{"start":{"line":38,"column":24},"end":{"line":38,"column":25}},"loc":{"start":{"line":38,"column":30},"end":{"line":46,"column":5}},"line":38},"7":{"name":"responderCalculo","decl":{"start":{"line":49,"column":9},"end":{"line":49,"column":25}},"loc":{"start":{"line":49,"column":40},"end":{"line":59,"column":1}},"line":49},"8":{"name":"normalizarEntrada","decl":{"start":{"line":61,"column":9},"end":{"line":61,"column":26}},"loc":{"start":{"line":61,"column":41},"end":{"line":71,"column":1}},"line":61},"9":{"name":"(anonymous_9)","decl":{"start":{"line":62,"column":39},"end":{"line":62,"column":40}},"loc":{"start":{"line":62,"column":71},"end":{"line":70,"column":3}},"line":62},"10":{"name":"(anonymous_10)","decl":{"start":{"line":65,"column":55},"end":{"line":65,"column":56}},"loc":{"start":{"line":65,"column":66},"end":{"line":65,"column":77}},"line":65},"11":{"name":"(anonymous_11)","decl":{"start":{"line":66,"column":6},"end":{"line":66,"column":7}},"loc":{"start":{"line":66,"column":17},"end":{"line":66,"column":70}},"line":66}},"branchMap":{"0":{"loc":{"start":{"line":53,"column":15},"end":{"line":53,"column":38}},"type":"binary-expr","locations":[{"start":{"line":53,"column":15},"end":{"line":53,"column":31}},{"start":{"line":53,"column":35},"end":{"line":53,"column":38}}],"line":53},"1":{"loc":{"start":{"line":54,"column":18},"end":{"line":54,"column":41}},"type":"binary-expr","locations":[{"start":{"line":54,"column":18},"end":{"line":54,"column":34}},{"start":{"line":54,"column":38},"end":{"line":54,"column":41}}],"line":54},"2":{"loc":{"start":{"line":63,"column":12},"end":{"line":63,"column":31}},"type":"default-arg","locations":[{"start":{"line":63,"column":26},"end":{"line":63,"column":31}}],"line":63},"3":{"loc":{"start":{"line":63,"column":33},"end":{"line":63,"column":45}},"type":"default-arg","locations":[{"start":{"line":63,"column":43},"end":{"line":63,"column":45}}],"line":63},"4":{"loc":{"start":{"line":64,"column":24},"end":{"line":64,"column":54}},"type":"cond-expr","locations":[{"start":{"line":64,"column":49},"end":{"line":64,"column":50}},{"start":{"line":64,"column":53},"end":{"line":64,"column":54}}],"line":64},"5":{"loc":{"start":{"line":66,"column":17},"end":{"line":66,"column":70}},"type":"binary-expr","locations":[{"start":{"line":66,"column":17},"end":{"line":66,"column":36}},{"start":{"line":66,"column":40},"end":{"line":66,"column":54}},{"start":{"line":66,"column":58},"end":{"line":66,"column":70}}],"line":66},"6":{"loc":{"start":{"line":68,"column":38},"end":{"line":68,"column":66}},"type":"binary-expr","locations":[{"start":{"line":68,"column":38},"end":{"line":68,"column":51}},{"start":{"line":68,"column":55},"end":{"line":68,"column":66}}],"line":68}},"s":{"0":13,"1":13,"2":13,"3":13,"4":13,"5":1,"6":13,"7":2,"8":2,"9":13,"10":0,"11":0,"12":13,"13":0,"14":0,"15":2,"16":2,"17":1,"18":2,"19":9,"20":9,"21":9,"22":0,"23":9,"24":9,"25":8,"26":13},"f":{"0":1,"1":2,"2":2,"3":0,"4":0,"5":0,"6":0,"7":2,"8":2,"9":9,"10":0,"11":9},"b":{"0":[1,0],"1":[1,0],"2":[7],"3":[9],"4":[2,7],"5":[9,8,8],"6":[9,1]},"_coverageSchema":"1a1c01bbd47fc00a2c39e90264f33305004495a9","hash":"4381f13bc36c16550e0d186e4f6f4130a75952af"}
,"C:\\Projetos\\Projetos\\GCEIC26\\api\\src\\equipe-14\\pricingService.js": {"path":"C:\\Projetos\\Projetos\\GCEIC26\\api\\src\\equipe-14\\pricingService.js","statementMap":{"0":{"start":{"line":1,"column":23},"end":{"line":1,"column":24}},"1":{"start":{"line":11,"column":21},"end":{"line":11,"column":44}},"2":{"start":{"line":12,"column":26},"end":{"line":16,"column":4}},"3":{"start":{"line":18,"column":2},"end":{"line":18,"column":42}},"4":{"start":{"line":20,"column":23},"end":{"line":20,"column":57}},"5":{"start":{"line":21,"column":19},"end":{"line":21,"column":56}},"6":{"start":{"line":22,"column":27},"end":{"line":22,"column":48}},"7":{"start":{"line":24,"column":2},"end":{"line":38,"column":5}},"8":{"start":{"line":49,"column":26},"end":{"line":53,"column":4}},"9":{"start":{"line":55,"column":2},"end":{"line":55,"column":42}},"10":{"start":{"line":57,"column":23},"end":{"line":57,"column":48}},"11":{"start":{"line":58,"column":21},"end":{"line":58,"column":57}},"12":{"start":{"line":59,"column":19},"end":{"line":59,"column":56}},"13":{"start":{"line":60,"column":27},"end":{"line":60,"column":48}},"14":{"start":{"line":62,"column":2},"end":{"line":76,"column":5}},"15":{"start":{"line":88,"column":16},"end":{"line":95,"column":4}},"16":{"start":{"line":96,"column":21},"end":{"line":96,"column":47}},"17":{"start":{"line":97,"column":16},"end":{"line":97,"column":47}},"18":{"start":{"line":98,"column":27},"end":{"line":98,"column":92}},"19":{"start":{"line":99,"column":27},"end":{"line":99,"column":76}},"20":{"start":{"line":101,"column":2},"end":{"line":108,"column":5}},"21":{"start":{"line":112,"column":2},"end":{"line":112,"column":22}},"22":{"start":{"line":116,"column":2},"end":{"line":116,"column":105}},"23":{"start":{"line":120,"column":2},"end":{"line":124,"column":3}},"24":{"start":{"line":121,"column":18},"end":{"line":121,"column":82}},"25":{"start":{"line":122,"column":4},"end":{"line":122,"column":27}},"26":{"start":{"line":123,"column":4},"end":{"line":123,"column":16}},"27":{"start":{"line":128,"column":2},"end":{"line":133,"column":4}},"28":{"start":{"line":129,"column":54},"end":{"line":132,"column":5}},"29":{"start":{"line":136,"column":0},"end":{"line":140,"column":2}}},"fnMap":{"0":{"name":"calcularPrecoLiquido","decl":{"start":{"line":3,"column":9},"end":{"line":3,"column":29}},"loc":{"start":{"line":10,"column":3},"end":{"line":39,"column":1}},"line":10},"1":{"name":"calcularPrecoBrutoNecessario","decl":{"start":{"line":41,"column":9},"end":{"line":41,"column":37}},"loc":{"start":{"line":48,"column":3},"end":{"line":77,"column":1}},"line":48},"2":{"name":"calcularLucroMargem","decl":{"start":{"line":79,"column":9},"end":{"line":79,"column":28}},"loc":{"start":{"line":87,"column":3},"end":{"line":109,"column":1}},"line":87},"3":{"name":"percentual","decl":{"start":{"line":111,"column":9},"end":{"line":111,"column":19}},"loc":{"start":{"line":111,"column":33},"end":{"line":113,"column":1}},"line":111},"4":{"name":"calcularCargaTributaria","decl":{"start":{"line":115,"column":9},"end":{"line":115,"column":32}},"loc":{"start":{"line":115,"column":86},"end":{"line":117,"column":1}},"line":115},"5":{"name":"validarCargaTributaria","decl":{"start":{"line":119,"column":9},"end":{"line":119,"column":31}},"loc":{"start":{"line":119,"column":49},"end":{"line":125,"column":1}},"line":119},"6":{"name":"arredondarResultado","decl":{"start":{"line":127,"column":9},"end":{"line":127,"column":28}},"loc":{"start":{"line":127,"column":40},"end":{"line":134,"column":1}},"line":127},"7":{"name":"(anonymous_7)","decl":{"start":{"line":129,"column":34},"end":{"line":129,"column":35}},"loc":{"start":{"line":129,"column":54},"end":{"line":132,"column":5}},"line":129}},"branchMap":{"0":{"loc":{"start":{"line":5,"column":2},"end":{"line":5,"column":16}},"type":"default-arg","locations":[{"start":{"line":5,"column":15},"end":{"line":5,"column":16}}],"line":5},"1":{"loc":{"start":{"line":6,"column":2},"end":{"line":6,"column":20}},"type":"default-arg","locations":[{"start":{"line":6,"column":19},"end":{"line":6,"column":20}}],"line":6},"2":{"loc":{"start":{"line":7,"column":2},"end":{"line":7,"column":19}},"type":"default-arg","locations":[{"start":{"line":7,"column":18},"end":{"line":7,"column":19}}],"line":7},"3":{"loc":{"start":{"line":8,"column":2},"end":{"line":8,"column":22}},"type":"default-arg","locations":[{"start":{"line":8,"column":21},"end":{"line":8,"column":22}}],"line":8},"4":{"loc":{"start":{"line":9,"column":2},"end":{"line":9,"column":19}},"type":"default-arg","locations":[{"start":{"line":9,"column":18},"end":{"line":9,"column":19}}],"line":9},"5":{"loc":{"start":{"line":43,"column":2},"end":{"line":43,"column":16}},"type":"default-arg","locations":[{"start":{"line":43,"column":15},"end":{"line":43,"column":16}}],"line":43},"6":{"loc":{"start":{"line":44,"column":2},"end":{"line":44,"column":20}},"type":"default-arg","locations":[{"start":{"line":44,"column":19},"end":{"line":44,"column":20}}],"line":44},"7":{"loc":{"start":{"line":45,"column":2},"end":{"line":45,"column":19}},"type":"default-arg","locations":[{"start":{"line":45,"column":18},"end":{"line":45,"column":19}}],"line":45},"8":{"loc":{"start":{"line":46,"column":2},"end":{"line":46,"column":22}},"type":"default-arg","locations":[{"start":{"line":46,"column":21},"end":{"line":46,"column":22}}],"line":46},"9":{"loc":{"start":{"line":47,"column":2},"end":{"line":47,"column":19}},"type":"default-arg","locations":[{"start":{"line":47,"column":18},"end":{"line":47,"column":19}}],"line":47},"10":{"loc":{"start":{"line":82,"column":2},"end":{"line":82,"column":16}},"type":"default-arg","locations":[{"start":{"line":82,"column":15},"end":{"line":82,"column":16}}],"line":82},"11":{"loc":{"start":{"line":83,"column":2},"end":{"line":83,"column":20}},"type":"default-arg","locations":[{"start":{"line":83,"column":19},"end":{"line":83,"column":20}}],"line":83},"12":{"loc":{"start":{"line":84,"column":2},"end":{"line":84,"column":19}},"type":"default-arg","locations":[{"start":{"line":84,"column":18},"end":{"line":84,"column":19}}],"line":84},"13":{"loc":{"start":{"line":85,"column":2},"end":{"line":85,"column":22}},"type":"default-arg","locations":[{"start":{"line":85,"column":21},"end":{"line":85,"column":22}}],"line":85},"14":{"loc":{"start":{"line":86,"column":2},"end":{"line":86,"column":19}},"type":"default-arg","locations":[{"start":{"line":86,"column":18},"end":{"line":86,"column":19}}],"line":86},"15":{"loc":{"start":{"line":98,"column":27},"end":{"line":98,"column":92}},"type":"cond-expr","locations":[{"start":{"line":98,"column":54},"end":{"line":98,"column":55}},{"start":{"line":98,"column":58},"end":{"line":98,"column":92}}],"line":98},"16":{"loc":{"start":{"line":99,"column":27},"end":{"line":99,"column":76}},"type":"cond-expr","locations":[{"start":{"line":99,"column":46},"end":{"line":99,"column":47}},{"start":{"line":99,"column":50},"end":{"line":99,"column":76}}],"line":99},"17":{"loc":{"start":{"line":120,"column":2},"end":{"line":124,"column":3}},"type":"if","locations":[{"start":{"line":120,"column":2},"end":{"line":124,"column":3}},{"start":{},"end":{}}],"line":120},"18":{"loc":{"start":{"line":131,"column":6},"end":{"line":131,"column":79}},"type":"cond-expr","locations":[{"start":{"line":131,"column":34},"end":{"line":131,"column":71}},{"start":{"line":131,"column":74},"end":{"line":131,"column":79}}],"line":131}},"s":{"0":13,"1":1,"2":1,"3":1,"4":1,"5":1,"6":1,"7":1,"8":0,"9":0,"10":0,"11":0,"12":0,"13":0,"14":0,"15":0,"16":0,"17":0,"18":0,"19":0,"20":0,"21":1,"22":1,"23":1,"24":0,"25":0,"26":0,"27":1,"28":13,"29":13},"f":{"0":1,"1":0,"2":0,"3":1,"4":1,"5":1,"6":1,"7":13},"b":{"0":[0],"1":[0],"2":[0],"3":[0],"4":[0],"5":[0],"6":[0],"7":[0],"8":[0],"9":[0],"10":[0],"11":[0],"12":[0],"13":[0],"14":[0],"15":[0,0],"16":[0,0],"17":[0,1],"18":[13,0]},"_coverageSchema":"1a1c01bbd47fc00a2c39e90264f33305004495a9","hash":"ac16a19c67bf1139c611a35356ba5567c99388b9"}
,"C:\\Projetos\\Projetos\\GCEIC26\\api\\src\\equipe-14\\validation.js": {"path":"C:\\Projetos\\Projetos\\GCEIC26\\api\\src\\equipe-14\\validation.js","statementMap":{"0":{"start":{"line":2,"column":2},"end":{"line":6,"column":3}},"1":{"start":{"line":3,"column":18},"end":{"line":3,"column":65}},"2":{"start":{"line":4,"column":4},"end":{"line":4,"column":27}},"3":{"start":{"line":5,"column":4},"end":{"line":5,"column":16}},"4":{"start":{"line":8,"column":17},"end":{"line":8,"column":30}},"5":{"start":{"line":10,"column":2},"end":{"line":14,"column":3}},"6":{"start":{"line":11,"column":18},"end":{"line":11,"column":63}},"7":{"start":{"line":12,"column":4},"end":{"line":12,"column":27}},"8":{"start":{"line":13,"column":4},"end":{"line":13,"column":16}},"9":{"start":{"line":16,"column":2},"end":{"line":20,"column":3}},"10":{"start":{"line":17,"column":18},"end":{"line":17,"column":67}},"11":{"start":{"line":18,"column":4},"end":{"line":18,"column":27}},"12":{"start":{"line":19,"column":4},"end":{"line":19,"column":16}},"13":{"start":{"line":22,"column":2},"end":{"line":26,"column":3}},"14":{"start":{"line":23,"column":18},"end":{"line":23,"column":78}},"15":{"start":{"line":24,"column":4},"end":{"line":24,"column":27}},"16":{"start":{"line":25,"column":4},"end":{"line":25,"column":16}},"17":{"start":{"line":28,"column":2},"end":{"line":32,"column":3}},"18":{"start":{"line":29,"column":18},"end":{"line":29,"column":65}},"19":{"start":{"line":30,"column":4},"end":{"line":30,"column":27}},"20":{"start":{"line":31,"column":4},"end":{"line":31,"column":16}},"21":{"start":{"line":34,"column":2},"end":{"line":34,"column":16}},"22":{"start":{"line":37,"column":0},"end":{"line":37,"column":35}}},"fnMap":{"0":{"name":"validarNumero","decl":{"start":{"line":1,"column":9},"end":{"line":1,"column":22}},"loc":{"start":{"line":1,"column":74},"end":{"line":35,"column":1}},"line":1}},"branchMap":{"0":{"loc":{"start":{"line":1,"column":36},"end":{"line":1,"column":72}},"type":"default-arg","locations":[{"start":{"line":1,"column":70},"end":{"line":1,"column":72}}],"line":1},"1":{"loc":{"start":{"line":1,"column":38},"end":{"line":1,"column":57}},"type":"default-arg","locations":[{"start":{"line":1,"column":52},"end":{"line":1,"column":57}}],"line":1},"2":{"loc":{"start":{"line":2,"column":2},"end":{"line":6,"column":3}},"type":"if","locations":[{"start":{"line":2,"column":2},"end":{"line":6,"column":3}},{"start":{},"end":{}}],"line":2},"3":{"loc":{"start":{"line":2,"column":6},"end":{"line":2,"column":76}},"type":"binary-expr","locations":[{"start":{"line":2,"column":6},"end":{"line":2,"column":17}},{"start":{"line":2,"column":22},"end":{"line":2,"column":41}},{"start":{"line":2,"column":45},"end":{"line":2,"column":59}},{"start":{"line":2,"column":63},"end":{"line":2,"column":75}}],"line":2},"4":{"loc":{"start":{"line":10,"column":2},"end":{"line":14,"column":3}},"type":"if","locations":[{"start":{"line":10,"column":2},"end":{"line":14,"column":3}},{"start":{},"end":{}}],"line":10},"5":{"loc":{"start":{"line":16,"column":2},"end":{"line":20,"column":3}},"type":"if","locations":[{"start":{"line":16,"column":2},"end":{"line":20,"column":3}},{"start":{},"end":{}}],"line":16},"6":{"loc":{"start":{"line":22,"column":2},"end":{"line":26,"column":3}},"type":"if","locations":[{"start":{"line":22,"column":2},"end":{"line":26,"column":3}},{"start":{},"end":{}}],"line":22},"7":{"loc":{"start":{"line":22,"column":6},"end":{"line":22,"column":51}},"type":"binary-expr","locations":[{"start":{"line":22,"column":6},"end":{"line":22,"column":32}},{"start":{"line":22,"column":36},"end":{"line":22,"column":51}}],"line":22},"8":{"loc":{"start":{"line":28,"column":2},"end":{"line":32,"column":3}},"type":"if","locations":[{"start":{"line":28,"column":2},"end":{"line":32,"column":3}},{"start":{},"end":{}}],"line":28},"9":{"loc":{"start":{"line":28,"column":6},"end":{"line":28,"column":42}},"type":"binary-expr","locations":[{"start":{"line":28,"column":6},"end":{"line":28,"column":27}},{"start":{"line":28,"column":31},"end":{"line":28,"column":42}}],"line":28}},"s":{"0":9,"1":0,"2":0,"3":0,"4":9,"5":9,"6":0,"7":0,"8":0,"9":9,"10":0,"11":0,"12":0,"13":9,"14":1,"15":1,"16":1,"17":8,"18":0,"19":0,"20":0,"21":8,"22":13},"f":{"0":9},"b":{"0":[0],"1":[0],"2":[0,9],"3":[9,2,2,2],"4":[0,9],"5":[0,9],"6":[1,8],"7":[9,5],"8":[0,8],"9":[8,2]},"_coverageSchema":"1a1c01bbd47fc00a2c39e90264f33305004495a9","hash":"9edc3c4c571c5a56c8af1666fa25b0d7e842c489"}
,"C:\\Projetos\\Projetos\\GCEIC26\\api\\src\\equipe-15\\freteRoutes.js": {"path":"C:\\Projetos\\Projetos\\GCEIC26\\api\\src\\equipe-15\\freteRoutes.js","statementMap":{"0":{"start":{"line":1,"column":19},"end":{"line":1,"column":37}},"1":{"start":{"line":2,"column":75},"end":{"line":2,"column":100}},"2":{"start":{"line":4,"column":20},"end":{"line":4,"column":28}},"3":{"start":{"line":11,"column":2},"end":{"line":23,"column":4}},"4":{"start":{"line":12,"column":4},"end":{"line":21,"column":5}},"5":{"start":{"line":13,"column":20},"end":{"line":13,"column":35}},"6":{"start":{"line":14,"column":6},"end":{"line":16,"column":7}},"7":{"start":{"line":15,"column":8},"end":{"line":15,"column":95}},"8":{"start":{"line":17,"column":18},"end":{"line":17,"column":31}},"9":{"start":{"line":18,"column":6},"end":{"line":20,"column":7}},"10":{"start":{"line":19,"column":8},"end":{"line":19,"column":110}},"11":{"start":{"line":22,"column":4},"end":{"line":22,"column":11}},"12":{"start":{"line":27,"column":23},"end":{"line":27,"column":58}},"13":{"start":{"line":28,"column":19},"end":{"line":28,"column":27}},"14":{"start":{"line":29,"column":2},"end":{"line":31,"column":3}},"15":{"start":{"line":30,"column":4},"end":{"line":30,"column":87}},"16":{"start":{"line":32,"column":2},"end":{"line":34,"column":3}},"17":{"start":{"line":33,"column":4},"end":{"line":33,"column":110}},"18":{"start":{"line":35,"column":2},"end":{"line":35,"column":9}},"19":{"start":{"line":39,"column":30},"end":{"line":39,"column":38}},"20":{"start":{"line":40,"column":2},"end":{"line":42,"column":3}},"21":{"start":{"line":41,"column":4},"end":{"line":41,"column":89}},"22":{"start":{"line":43,"column":2},"end":{"line":45,"column":3}},"23":{"start":{"line":44,"column":4},"end":{"line":44,"column":90}},"24":{"start":{"line":46,"column":2},"end":{"line":48,"column":3}},"25":{"start":{"line":47,"column":4},"end":{"line":47,"column":99}},"26":{"start":{"line":49,"column":2},"end":{"line":49,"column":9}},"27":{"start":{"line":55,"column":0},"end":{"line":57,"column":3}},"28":{"start":{"line":56,"column":2},"end":{"line":56,"column":57}},"29":{"start":{"line":62,"column":0},"end":{"line":78,"column":2}},"30":{"start":{"line":67,"column":4},"end":{"line":76,"column":5}},"31":{"start":{"line":68,"column":20},"end":{"line":72,"column":8}},"32":{"start":{"line":73,"column":6},"end":{"line":73,"column":53}},"33":{"start":{"line":75,"column":6},"end":{"line":75,"column":66}},"34":{"start":{"line":84,"column":0},"end":{"line":98,"column":2}},"35":{"start":{"line":88,"column":4},"end":{"line":96,"column":5}},"36":{"start":{"line":89,"column":20},"end":{"line":92,"column":8}},"37":{"start":{"line":93,"column":6},"end":{"line":93,"column":53}},"38":{"start":{"line":95,"column":6},"end":{"line":95,"column":66}},"39":{"start":{"line":100,"column":0},"end":{"line":103,"column":3}},"40":{"start":{"line":101,"column":16},"end":{"line":101,"column":31}},"41":{"start":{"line":102,"column":2},"end":{"line":102,"column":49}},"42":{"start":{"line":108,"column":0},"end":{"line":123,"column":2}},"43":{"start":{"line":113,"column":4},"end":{"line":121,"column":5}},"44":{"start":{"line":114,"column":20},"end":{"line":117,"column":8}},"45":{"start":{"line":118,"column":6},"end":{"line":118,"column":53}},"46":{"start":{"line":120,"column":6},"end":{"line":120,"column":66}},"47":{"start":{"line":125,"column":0},"end":{"line":125,"column":29}}},"fnMap":{"0":{"name":"validarNumeroPositivo","decl":{"start":{"line":10,"column":9},"end":{"line":10,"column":30}},"loc":{"start":{"line":10,"column":39},"end":{"line":24,"column":1}},"line":10},"1":{"name":"(anonymous_1)","decl":{"start":{"line":11,"column":9},"end":{"line":11,"column":10}},"loc":{"start":{"line":11,"column":29},"end":{"line":23,"column":3}},"line":11},"2":{"name":"validarTipoEntrega","decl":{"start":{"line":26,"column":9},"end":{"line":26,"column":27}},"loc":{"start":{"line":26,"column":44},"end":{"line":36,"column":1}},"line":26},"3":{"name":"validarCidades","decl":{"start":{"line":38,"column":9},"end":{"line":38,"column":23}},"loc":{"start":{"line":38,"column":40},"end":{"line":50,"column":1}},"line":38},"4":{"name":"(anonymous_4)","decl":{"start":{"line":55,"column":27},"end":{"line":55,"column":28}},"loc":{"start":{"line":55,"column":42},"end":{"line":57,"column":1}},"line":55},"5":{"name":"(anonymous_5)","decl":{"start":{"line":66,"column":2},"end":{"line":66,"column":3}},"loc":{"start":{"line":66,"column":16},"end":{"line":77,"column":3}},"line":66},"6":{"name":"(anonymous_6)","decl":{"start":{"line":87,"column":2},"end":{"line":87,"column":3}},"loc":{"start":{"line":87,"column":16},"end":{"line":97,"column":3}},"line":87},"7":{"name":"(anonymous_7)","decl":{"start":{"line":100,"column":44},"end":{"line":100,"column":45}},"loc":{"start":{"line":100,"column":59},"end":{"line":103,"column":1}},"line":100},"8":{"name":"(anonymous_8)","decl":{"start":{"line":112,"column":2},"end":{"line":112,"column":3}},"loc":{"start":{"line":112,"column":16},"end":{"line":122,"column":3}},"line":112}},"branchMap":{"0":{"loc":{"start":{"line":14,"column":6},"end":{"line":16,"column":7}},"type":"if","locations":[{"start":{"line":14,"column":6},"end":{"line":16,"column":7}},{"start":{},"end":{}}],"line":14},"1":{"loc":{"start":{"line":14,"column":10},"end":{"line":14,"column":63}},"type":"binary-expr","locations":[{"start":{"line":14,"column":10},"end":{"line":14,"column":29}},{"start":{"line":14,"column":33},"end":{"line":14,"column":47}},{"start":{"line":14,"column":51},"end":{"line":14,"column":63}}],"line":14},"2":{"loc":{"start":{"line":18,"column":6},"end":{"line":20,"column":7}},"type":"if","locations":[{"start":{"line":18,"column":6},"end":{"line":20,"column":7}},{"start":{},"end":{}}],"line":18},"3":{"loc":{"start":{"line":18,"column":10},"end":{"line":18,"column":32}},"type":"binary-expr","locations":[{"start":{"line":18,"column":10},"end":{"line":18,"column":20}},{"start":{"line":18,"column":24},"end":{"line":18,"column":32}}],"line":18},"4":{"loc":{"start":{"line":29,"column":2},"end":{"line":31,"column":3}},"type":"if","locations":[{"start":{"line":29,"column":2},"end":{"line":31,"column":3}},{"start":{},"end":{}}],"line":29},"5":{"loc":{"start":{"line":32,"column":2},"end":{"line":34,"column":3}},"type":"if","locations":[{"start":{"line":32,"column":2},"end":{"line":34,"column":3}},{"start":{},"end":{}}],"line":32},"6":{"loc":{"start":{"line":40,"column":2},"end":{"line":42,"column":3}},"type":"if","locations":[{"start":{"line":40,"column":2},"end":{"line":42,"column":3}},{"start":{},"end":{}}],"line":40},"7":{"loc":{"start":{"line":40,"column":6},"end":{"line":40,"column":45}},"type":"binary-expr","locations":[{"start":{"line":40,"column":6},"end":{"line":40,"column":13}},{"start":{"line":40,"column":17},"end":{"line":40,"column":45}}],"line":40},"8":{"loc":{"start":{"line":43,"column":2},"end":{"line":45,"column":3}},"type":"if","locations":[{"start":{"line":43,"column":2},"end":{"line":45,"column":3}},{"start":{},"end":{}}],"line":43},"9":{"loc":{"start":{"line":43,"column":6},"end":{"line":43,"column":47}},"type":"binary-expr","locations":[{"start":{"line":43,"column":6},"end":{"line":43,"column":14}},{"start":{"line":43,"column":18},"end":{"line":43,"column":47}}],"line":43},"10":{"loc":{"start":{"line":46,"column":2},"end":{"line":48,"column":3}},"type":"if","locations":[{"start":{"line":46,"column":2},"end":{"line":48,"column":3}},{"start":{},"end":{}}],"line":46},"11":{"loc":{"start":{"line":90,"column":24},"end":{"line":90,"column":45}},"type":"binary-expr","locations":[{"start":{"line":90,"column":24},"end":{"line":90,"column":39}},{"start":{"line":90,"column":43},"end":{"line":90,"column":45}}],"line":90},"12":{"loc":{"start":{"line":91,"column":24},"end":{"line":91,"column":46}},"type":"binary-expr","locations":[{"start":{"line":91,"column":24},"end":{"line":91,"column":40}},{"start":{"line":91,"column":44},"end":{"line":91,"column":46}}],"line":91}},"s":{"0":13,"1":13,"2":13,"3":26,"4":8,"5":11,"6":11,"7":2,"8":9,"9":9,"10":1,"11":5,"12":10,"13":10,"14":10,"15":0,"16":10,"17":2,"18":8,"19":5,"20":5,"21":1,"22":4,"23":0,"24":4,"25":1,"26":3,"27":13,"28":1,"29":13,"30":3,"31":3,"32":3,"33":0,"34":13,"35":3,"36":3,"37":2,"38":1,"39":13,"40":1,"41":1,"42":13,"43":2,"44":2,"45":2,"46":0,"47":13},"f":{"0":26,"1":8,"2":10,"3":5,"4":1,"5":3,"6":3,"7":1,"8":2},"b":{"0":[2,9],"1":[11,9,9],"2":[1,8],"3":[9,9],"4":[0,10],"5":[2,8],"6":[1,4],"7":[5,4],"8":[0,4],"9":[4,4],"10":[1,3],"11":[3,0],"12":[3,0]},"_coverageSchema":"1a1c01bbd47fc00a2c39e90264f33305004495a9","hash":"a722c0fab3ae392a245933f87ee8d6f71d2f8a30"}
,"C:\\Projetos\\Projetos\\GCEIC26\\api\\src\\equipe-15\\freteService.js": {"path":"C:\\Projetos\\Projetos\\GCEIC26\\api\\src\\equipe-15\\freteService.js","statementMap":{"0":{"start":{"line":4,"column":22},"end":{"line":4,"column":26}},"1":{"start":{"line":5,"column":22},"end":{"line":5,"column":26}},"2":{"start":{"line":7,"column":20},"end":{"line":11,"column":1}},"3":{"start":{"line":14,"column":19},"end":{"line":25,"column":1}},"4":{"start":{"line":31,"column":2},"end":{"line":31,"column":70}},"5":{"start":{"line":31,"column":22},"end":{"line":31,"column":70}},"6":{"start":{"line":32,"column":2},"end":{"line":32,"column":75}},"7":{"start":{"line":32,"column":22},"end":{"line":32,"column":75}},"8":{"start":{"line":34,"column":17},"end":{"line":34,"column":34}},"9":{"start":{"line":35,"column":2},"end":{"line":35,"column":57}},"10":{"start":{"line":35,"column":15},"end":{"line":35,"column":57}},"11":{"start":{"line":37,"column":25},"end":{"line":37,"column":70}},"12":{"start":{"line":38,"column":25},"end":{"line":38,"column":75}},"13":{"start":{"line":39,"column":25},"end":{"line":39,"column":76}},"14":{"start":{"line":40,"column":25},"end":{"line":40,"column":82}},"15":{"start":{"line":42,"column":2},"end":{"line":52,"column":4}},"16":{"start":{"line":59,"column":2},"end":{"line":59,"column":80}},"17":{"start":{"line":59,"column":27},"end":{"line":59,"column":80}},"18":{"start":{"line":60,"column":2},"end":{"line":60,"column":84}},"19":{"start":{"line":60,"column":27},"end":{"line":60,"column":84}},"20":{"start":{"line":63,"column":4},"end":{"line":65,"column":8}},"21":{"start":{"line":67,"column":2},"end":{"line":69,"column":3}},"22":{"start":{"line":68,"column":4},"end":{"line":68,"column":67}},"23":{"start":{"line":71,"column":25},"end":{"line":71,"column":77}},"24":{"start":{"line":76,"column":2},"end":{"line":88,"column":3}},"25":{"start":{"line":77,"column":4},"end":{"line":77,"column":29}},"26":{"start":{"line":78,"column":4},"end":{"line":78,"column":50}},"27":{"start":{"line":79,"column":9},"end":{"line":88,"column":3}},"28":{"start":{"line":80,"column":4},"end":{"line":80,"column":32}},"29":{"start":{"line":81,"column":4},"end":{"line":81,"column":55}},"30":{"start":{"line":82,"column":9},"end":{"line":88,"column":3}},"31":{"start":{"line":83,"column":4},"end":{"line":83,"column":37}},"32":{"start":{"line":84,"column":4},"end":{"line":84,"column":61}},"33":{"start":{"line":86,"column":4},"end":{"line":86,"column":39}},"34":{"start":{"line":87,"column":4},"end":{"line":87,"column":58}},"35":{"start":{"line":90,"column":2},"end":{"line":90,"column":87}},"36":{"start":{"line":94,"column":2},"end":{"line":94,"column":40}},"37":{"start":{"line":101,"column":2},"end":{"line":101,"column":77}},"38":{"start":{"line":101,"column":24},"end":{"line":101,"column":77}},"39":{"start":{"line":103,"column":17},"end":{"line":103,"column":34}},"40":{"start":{"line":104,"column":2},"end":{"line":104,"column":57}},"41":{"start":{"line":104,"column":15},"end":{"line":104,"column":57}},"42":{"start":{"line":106,"column":23},"end":{"line":106,"column":84}},"43":{"start":{"line":107,"column":23},"end":{"line":107,"column":46}},"44":{"start":{"line":108,"column":23},"end":{"line":108,"column":46}},"45":{"start":{"line":109,"column":23},"end":{"line":109,"column":69}},"46":{"start":{"line":110,"column":23},"end":{"line":110,"column":53}},"47":{"start":{"line":112,"column":2},"end":{"line":112,"column":87}},"48":{"start":{"line":116,"column":15},"end":{"line":116,"column":25}},"49":{"start":{"line":117,"column":17},"end":{"line":117,"column":18}},"50":{"start":{"line":118,"column":2},"end":{"line":122,"column":3}},"51":{"start":{"line":119,"column":4},"end":{"line":119,"column":37}},"52":{"start":{"line":120,"column":22},"end":{"line":120,"column":35}},"53":{"start":{"line":121,"column":4},"end":{"line":121,"column":55}},"54":{"start":{"line":121,"column":44},"end":{"line":121,"column":55}},"55":{"start":{"line":123,"column":2},"end":{"line":123,"column":42}},"56":{"start":{"line":126,"column":0},"end":{"line":126,"column":84}}},"fnMap":{"0":{"name":"calcularFrete","decl":{"start":{"line":30,"column":9},"end":{"line":30,"column":22}},"loc":{"start":{"line":30,"column":50},"end":{"line":53,"column":1}},"line":30},"1":{"name":"calcularDistancia","decl":{"start":{"line":58,"column":9},"end":{"line":58,"column":26}},"loc":{"start":{"line":58,"column":48},"end":{"line":91,"column":1}},"line":58},"2":{"name":"listarCidades","decl":{"start":{"line":93,"column":9},"end":{"line":93,"column":22}},"loc":{"start":{"line":93,"column":25},"end":{"line":95,"column":1}},"line":93},"3":{"name":"calcularPrazo","decl":{"start":{"line":100,"column":9},"end":{"line":100,"column":22}},"loc":{"start":{"line":100,"column":46},"end":{"line":113,"column":1}},"line":100},"4":{"name":"calcularDataUtil","decl":{"start":{"line":115,"column":9},"end":{"line":115,"column":25}},"loc":{"start":{"line":115,"column":37},"end":{"line":124,"column":1}},"line":115}},"branchMap":{"0":{"loc":{"start":{"line":31,"column":2},"end":{"line":31,"column":70}},"type":"if","locations":[{"start":{"line":31,"column":2},"end":{"line":31,"column":70}},{"start":{},"end":{}}],"line":31},"1":{"loc":{"start":{"line":32,"column":2},"end":{"line":32,"column":75}},"type":"if","locations":[{"start":{"line":32,"column":2},"end":{"line":32,"column":75}},{"start":{},"end":{}}],"line":32},"2":{"loc":{"start":{"line":35,"column":2},"end":{"line":35,"column":57}},"type":"if","locations":[{"start":{"line":35,"column":2},"end":{"line":35,"column":57}},{"start":{},"end":{}}],"line":35},"3":{"loc":{"start":{"line":59,"column":2},"end":{"line":59,"column":80}},"type":"if","locations":[{"start":{"line":59,"column":2},"end":{"line":59,"column":80}},{"start":{},"end":{}}],"line":59},"4":{"loc":{"start":{"line":59,"column":6},"end":{"line":59,"column":25}},"type":"binary-expr","locations":[{"start":{"line":59,"column":6},"end":{"line":59,"column":13}},{"start":{"line":59,"column":17},"end":{"line":59,"column":25}}],"line":59},"5":{"loc":{"start":{"line":60,"column":2},"end":{"line":60,"column":84}},"type":"if","locations":[{"start":{"line":60,"column":2},"end":{"line":60,"column":84}},{"start":{},"end":{}}],"line":60},"6":{"loc":{"start":{"line":63,"column":4},"end":{"line":65,"column":8}},"type":"binary-expr","locations":[{"start":{"line":63,"column":5},"end":{"line":63,"column":23}},{"start":{"line":63,"column":27},"end":{"line":63,"column":54}},{"start":{"line":64,"column":5},"end":{"line":64,"column":24}},{"start":{"line":64,"column":28},"end":{"line":64,"column":55}},{"start":{"line":65,"column":4},"end":{"line":65,"column":8}}],"line":63},"7":{"loc":{"start":{"line":67,"column":2},"end":{"line":69,"column":3}},"type":"if","locations":[{"start":{"line":67,"column":2},"end":{"line":69,"column":3}},{"start":{},"end":{}}],"line":67},"8":{"loc":{"start":{"line":76,"column":2},"end":{"line":88,"column":3}},"type":"if","locations":[{"start":{"line":76,"column":2},"end":{"line":88,"column":3}},{"start":{"line":79,"column":9},"end":{"line":88,"column":3}}],"line":76},"9":{"loc":{"start":{"line":79,"column":9},"end":{"line":88,"column":3}},"type":"if","locations":[{"start":{"line":79,"column":9},"end":{"line":88,"column":3}},{"start":{"line":82,"column":9},"end":{"line":88,"column":3}}],"line":79},"10":{"loc":{"start":{"line":82,"column":9},"end":{"line":88,"column":3}},"type":"if","locations":[{"start":{"line":82,"column":9},"end":{"line":88,"column":3}},{"start":{"line":85,"column":9},"end":{"line":88,"column":3}}],"line":82},"11":{"loc":{"start":{"line":101,"column":2},"end":{"line":101,"column":77}},"type":"if","locations":[{"start":{"line":101,"column":2},"end":{"line":101,"column":77}},{"start":{},"end":{}}],"line":101},"12":{"loc":{"start":{"line":104,"column":2},"end":{"line":104,"column":57}},"type":"if","locations":[{"start":{"line":104,"column":2},"end":{"line":104,"column":57}},{"start":{},"end":{}}],"line":104},"13":{"loc":{"start":{"line":121,"column":4},"end":{"line":121,"column":55}},"type":"if","locations":[{"start":{"line":121,"column":4},"end":{"line":121,"column":55}},{"start":{},"end":{}}],"line":121},"14":{"loc":{"start":{"line":121,"column":8},"end":{"line":121,"column":42}},"type":"binary-expr","locations":[{"start":{"line":121,"column":8},"end":{"line":121,"column":23}},{"start":{"line":121,"column":27},"end":{"line":121,"column":42}}],"line":121}},"s":{"0":13,"1":13,"2":13,"3":13,"4":3,"5":0,"6":3,"7":0,"8":3,"9":3,"10":0,"11":3,"12":3,"13":3,"14":3,"15":3,"16":3,"17":0,"18":3,"19":0,"20":3,"21":3,"22":1,"23":2,"24":2,"25":0,"26":0,"27":2,"28":2,"29":2,"30":0,"31":0,"32":0,"33":0,"34":0,"35":2,"36":1,"37":2,"38":0,"39":2,"40":2,"41":0,"42":2,"43":2,"44":2,"45":2,"46":2,"47":2,"48":2,"49":2,"50":2,"51":9,"52":9,"53":9,"54":7,"55":2,"56":13},"f":{"0":3,"1":3,"2":1,"3":2,"4":2},"b":{"0":[0,3],"1":[0,3],"2":[0,3],"3":[0,3],"4":[3,3],"5":[0,3],"6":[3,3,1,0,1],"7":[1,2],"8":[0,2],"9":[2,0],"10":[0,0],"11":[0,2],"12":[0,2],"13":[7,2],"14":[9,8]},"_coverageSchema":"1a1c01bbd47fc00a2c39e90264f33305004495a9","hash":"c6cbe7aa6b00bdadc66f1be6d265de5c0dc29eee"}
,"C:\\Projetos\\Projetos\\GCEIC26\\api\\src\\equipe-17\\funcoes.js": {"path":"C:\\Projetos\\Projetos\\GCEIC26\\api\\src\\equipe-17\\funcoes.js","statementMap":{"0":{"start":{"line":1,"column":24},"end":{"line":62,"column":1}},"1":{"start":{"line":65,"column":16},"end":{"line":66,"column":55}},"2":{"start":{"line":67,"column":13},"end":{"line":67,"column":14}},"3":{"start":{"line":68,"column":2},"end":{"line":68,"column":78}},"4":{"start":{"line":68,"column":15},"end":{"line":68,"column":16}},"5":{"start":{"line":68,"column":31},"end":{"line":68,"column":78}},"6":{"start":{"line":69,"column":16},"end":{"line":69,"column":25}},"7":{"start":{"line":70,"column":2},"end":{"line":70,"column":36}},"8":{"start":{"line":74,"column":12},"end":{"line":74,"column":44}},"9":{"start":{"line":75,"column":2},"end":{"line":75,"column":99}},"10":{"start":{"line":75,"column":23},"end":{"line":75,"column":99}},"11":{"start":{"line":77,"column":17},"end":{"line":77,"column":34}},"12":{"start":{"line":78,"column":17},"end":{"line":78,"column":34}},"13":{"start":{"line":79,"column":17},"end":{"line":79,"column":35}},"14":{"start":{"line":80,"column":17},"end":{"line":80,"column":36}},"15":{"start":{"line":81,"column":17},"end":{"line":81,"column":36}},"16":{"start":{"line":82,"column":17},"end":{"line":82,"column":36}},"17":{"start":{"line":83,"column":17},"end":{"line":83,"column":36}},"18":{"start":{"line":84,"column":17},"end":{"line":84,"column":36}},"19":{"start":{"line":85,"column":17},"end":{"line":85,"column":53}},"20":{"start":{"line":87,"column":19},"end":{"line":87,"column":58}},"21":{"start":{"line":88,"column":19},"end":{"line":88,"column":47}},"22":{"start":{"line":89,"column":19},"end":{"line":89,"column":46}},"23":{"start":{"line":90,"column":19},"end":{"line":90,"column":39}},"24":{"start":{"line":91,"column":19},"end":{"line":91,"column":90}},"25":{"start":{"line":93,"column":2},"end":{"line":110,"column":4}},"26":{"start":{"line":124,"column":6},"end":{"line":124,"column":11}},"27":{"start":{"line":126,"column":2},"end":{"line":126,"column":63}},"28":{"start":{"line":126,"column":14},"end":{"line":126,"column":63}},"29":{"start":{"line":127,"column":2},"end":{"line":127,"column":85}},"30":{"start":{"line":127,"column":25},"end":{"line":127,"column":85}},"31":{"start":{"line":128,"column":2},"end":{"line":128,"column":60}},"32":{"start":{"line":128,"column":15},"end":{"line":128,"column":60}},"33":{"start":{"line":129,"column":2},"end":{"line":131,"column":3}},"34":{"start":{"line":130,"column":4},"end":{"line":130,"column":66}},"35":{"start":{"line":133,"column":15},"end":{"line":133,"column":40}},"36":{"start":{"line":135,"column":22},"end":{"line":135,"column":80}},"37":{"start":{"line":136,"column":2},"end":{"line":136,"column":68}},"38":{"start":{"line":136,"column":24},"end":{"line":136,"column":68}},"39":{"start":{"line":138,"column":22},"end":{"line":140,"column":21}},"40":{"start":{"line":142,"column":21},"end":{"line":142,"column":89}},"41":{"start":{"line":144,"column":22},"end":{"line":144,"column":93}},"42":{"start":{"line":145,"column":22},"end":{"line":145,"column":94}},"43":{"start":{"line":146,"column":22},"end":{"line":146,"column":94}},"44":{"start":{"line":147,"column":22},"end":{"line":147,"column":94}},"45":{"start":{"line":149,"column":26},"end":{"line":149,"column":103}},"46":{"start":{"line":150,"column":26},"end":{"line":150,"column":127}},"47":{"start":{"line":151,"column":26},"end":{"line":151,"column":94}},"48":{"start":{"line":153,"column":2},"end":{"line":175,"column":4}},"49":{"start":{"line":178,"column":0},"end":{"line":178,"column":82}}},"fnMap":{"0":{"name":"_calcularDV","decl":{"start":{"line":64,"column":9},"end":{"line":64,"column":20}},"loc":{"start":{"line":64,"column":30},"end":{"line":71,"column":1}},"line":64},"1":{"name":"decodificarChaveNF","decl":{"start":{"line":73,"column":9},"end":{"line":73,"column":27}},"loc":{"start":{"line":73,"column":35},"end":{"line":111,"column":1}},"line":73},"2":{"name":"calcularImpostosNFVenda","decl":{"start":{"line":113,"column":9},"end":{"line":113,"column":32}},"loc":{"start":{"line":113,"column":40},"end":{"line":176,"column":1}},"line":113}},"branchMap":{"0":{"loc":{"start":{"line":70,"column":9},"end":{"line":70,"column":35}},"type":"cond-expr","locations":[{"start":{"line":70,"column":21},"end":{"line":70,"column":22}},{"start":{"line":70,"column":25},"end":{"line":70,"column":35}}],"line":70},"1":{"loc":{"start":{"line":75,"column":2},"end":{"line":75,"column":99}},"type":"if","locations":[{"start":{"line":75,"column":2},"end":{"line":75,"column":99}},{"start":{},"end":{}}],"line":75},"2":{"loc":{"start":{"line":97,"column":21},"end":{"line":97,"column":82}},"type":"cond-expr","locations":[{"start":{"line":97,"column":30},"end":{"line":97,"column":64}},{"start":{"line":97,"column":67},"end":{"line":97,"column":82}}],"line":97},"3":{"loc":{"start":{"line":98,"column":21},"end":{"line":98,"column":49}},"type":"cond-expr","locations":[{"start":{"line":98,"column":30},"end":{"line":98,"column":42}},{"start":{"line":98,"column":45},"end":{"line":98,"column":49}}],"line":98},"4":{"loc":{"start":{"line":99,"column":21},"end":{"line":99,"column":46}},"type":"cond-expr","locations":[{"start":{"line":99,"column":30},"end":{"line":99,"column":41}},{"start":{"line":99,"column":44},"end":{"line":99,"column":46}}],"line":99},"5":{"loc":{"start":{"line":104,"column":21},"end":{"line":104,"column":68}},"type":"binary-expr","locations":[{"start":{"line":104,"column":21},"end":{"line":104,"column":49}},{"start":{"line":104,"column":53},"end":{"line":104,"column":68}}],"line":104},"6":{"loc":{"start":{"line":108,"column":21},"end":{"line":108,"column":77}},"type":"binary-expr","locations":[{"start":{"line":108,"column":21},"end":{"line":108,"column":57}},{"start":{"line":108,"column":61},"end":{"line":108,"column":77}}],"line":108},"7":{"loc":{"start":{"line":116,"column":4},"end":{"line":116,"column":25}},"type":"default-arg","locations":[{"start":{"line":116,"column":24},"end":{"line":116,"column":25}}],"line":116},"8":{"loc":{"start":{"line":117,"column":4},"end":{"line":117,"column":25}},"type":"default-arg","locations":[{"start":{"line":117,"column":24},"end":{"line":117,"column":25}}],"line":117},"9":{"loc":{"start":{"line":118,"column":4},"end":{"line":118,"column":35}},"type":"default-arg","locations":[{"start":{"line":118,"column":24},"end":{"line":118,"column":35}}],"line":118},"10":{"loc":{"start":{"line":119,"column":4},"end":{"line":119,"column":28}},"type":"default-arg","locations":[{"start":{"line":119,"column":24},"end":{"line":119,"column":28}}],"line":119},"11":{"loc":{"start":{"line":120,"column":4},"end":{"line":120,"column":25}},"type":"default-arg","locations":[{"start":{"line":120,"column":24},"end":{"line":120,"column":25}}],"line":120},"12":{"loc":{"start":{"line":121,"column":4},"end":{"line":121,"column":25}},"type":"default-arg","locations":[{"start":{"line":121,"column":24},"end":{"line":121,"column":25}}],"line":121},"13":{"loc":{"start":{"line":122,"column":4},"end":{"line":122,"column"
[...]
,"C:\\Projetos\\Projetos\\GCEIC26\\api\\src\\etec64\\controllers\\frequenciaController.js": {"path":"C:\\Projetos\\Projetos\\GCEIC26\\api\\src\\etec64\\controllers\\frequenciaController.js","statementMap":{"0":{"start":{"line":17,"column":0},"end":{"line":87,"column":2}},"1":{"start":{"line":18,"column":2},"end":{"line":86,"column":3}},"2":{"start":{"line":19,"column":39},"end":{"line":19,"column":47}},"3":{"start":{"line":22,"column":4},"end":{"line":27,"column":5}},"4":{"start":{"line":23,"column":6},"end":{"line":26,"column":9}},"5":{"start":{"line":29,"column":23},"end":{"line":29,"column":47}},"6":{"start":{"line":30,"column":24},"end":{"line":30,"column":40}},"7":{"start":{"line":32,"column":4},"end":{"line":37,"column":5}},"8":{"start":{"line":33,"column":6},"end":{"line":36,"column":9}},"9":{"start":{"line":39,"column":4},"end":{"line":44,"column":5}},"10":{"start":{"line":40,"column":6},"end":{"line":43,"column":9}},"11":{"start":{"line":46,"column":4},"end":{"line":51,"column":5}},"12":{"start":{"line":47,"column":6},"end":{"line":50,"column":9}},"13":{"start":{"line":54,"column":22},"end":{"line":54,"column":46}},"14":{"start":{"line":55,"column":33},"end":{"line":55,"column":88}},"15":{"start":{"line":58,"column":29},"end":{"line":58,"column":33}},"16":{"start":{"line":59,"column":21},"end":{"line":59,"column":61}},"17":{"start":{"line":62,"column":29},"end":{"line":62,"column":58}},"18":{"start":{"line":63,"column":28},"end":{"line":63,"column":58}},"19":{"start":{"line":65,"column":4},"end":{"line":79,"column":7}},"20":{"start":{"line":82,"column":4},"end":{"line":85,"column":7}}},"fnMap":{"0":{"name":"(anonymous_0)","decl":{"start":{"line":17,"column":29},"end":{"line":17,"column":30}},"loc":{"start":{"line":17,"column":43},"end":{"line":87,"column":1}},"line":17}},"branchMap":{"0":{"loc":{"start":{"line":22,"column":4},"end":{"line":27,"column":5}},"type":"if","locations":[{"start":{"line":22,"column":4},"end":{"line":27,"column":5}},{"start":{},"end":{}}],"line":22},"1":{"loc":{"start":{"line":22,"column":8},"end":{"line":22,"column":60}},"type":"binary-expr","locations":[{"start":{"line":22,"column":8},"end":{"line":22,"column":36}},{"start":{"line":22,"column":40},"end":{"line":22,"column":60}}],"line":22},"2":{"loc":{"start":{"line":32,"column":4},"end":{"line":37,"column":5}},"type":"if","locations":[{"start":{"line":32,"column":4},"end":{"line":37,"column":5}},{"start":{},"end":{}}],"line":32},"3":{"loc":{"start":{"line":32,"column":8},"end":{"line":32,"column":44}},"type":"binary-expr","locations":[{"start":{"line":32,"column":8},"end":{"line":32,"column":25}},{"start":{"line":32,"column":29},"end":{"line":32,"column":44}}],"line":32},"4":{"loc":{"start":{"line":39,"column":4},"end":{"line":44,"column":5}},"type":"if","locations":[{"start":{"line":39,"column":4},"end":{"line":44,"column":5}},{"start":{},"end":{}}],"line":39},"5":{"loc":{"start":{"line":39,"column":8},"end":{"line":39,"column":45}},"type":"binary-expr","locations":[{"start":{"line":39,"column":8},"end":{"line":39,"column":26}},{"start":{"line":39,"column":30},"end":{"line":39,"column":45}}],"line":39},"6":{"loc":{"start":{"line":46,"column":4},"end":{"line":51,"column":5}},"type":"if","locations":[{"start":{"line":46,"column":4},"end":{"line":51,"column":5}},{"start":{},"end":{}}],"line":46},"7":{"loc":{"start":{"line":75,"column":23},"end":{"line":75,"column":65}},"type":"cond-expr","locations":[{"start":{"line":75,"column":46},"end":{"line":75,"column":61}},{"start":{"line":75,"column":64},"end":{"line":75,"column":65}}],"line":75},"8":{"loc":{"start":{"line":76,"column":16},"end":{"line":78,"column":150}},"type":"cond-expr","locations":[{"start":{"line":77,"column":10},"end":{"line":77,"column":115}},{"start":{"line":78,"column":10},"end":{"line":78,"column":150}}],"line":76}},"s":{"0":13,"1":7,"2":7,"3":7,"4":1,"5":6,"6":6,"7":6,"8":1,"9":5,"10":1,"11":4,"12":1,"13":3,"14":3,"15":3,"16":3,"17":3,"18":3,"19":3,"20":0},"f":{"0":7},"b":{"0":[1,6],"1":[7,7],"2":[1,5],"3":[6,6],"4":[1,4],"5":[5,5],"6":[1,3],"7":[2,1],"8":[2,1]},"_coverageSchema":"1a1c01bbd47fc00a2c39e90264f33305004495a9","hash":"cc9235bbc000e8bebad8e6a2bfdb52ffc76453a9"}
,"C:\\Projetos\\Projetos\\GCEIC26\\api\\src\\etec64\\controllers\\mediaController.js": {"path":"C:\\Projetos\\Projetos\\GCEIC26\\api\\src\\etec64\\controllers\\mediaController.js","statementMap":{"0":{"start":{"line":7,"column":23},"end":{"line":12,"column":1}},"1":{"start":{"line":15,"column":27},"end":{"line":20,"column":1}},"2":{"start":{"line":16,"column":2},"end":{"line":16,"column":31}},"3":{"start":{"line":16,"column":19},"end":{"line":16,"column":31}},"4":{"start":{"line":17,"column":2},"end":{"line":17,"column":30}},"5":{"start":{"line":17,"column":19},"end":{"line":17,"column":30}},"6":{"start":{"line":18,"column":2},"end":{"line":18,"column":30}},"7":{"start":{"line":18,"column":19},"end":{"line":18,"column":30}},"8":{"start":{"line":19,"column":2},"end":{"line":19,"column":13}},"9":{"start":{"line":33,"column":0},"end":{"line":107,"column":2}},"10":{"start":{"line":34,"column":2},"end":{"line":106,"column":3}},"11":{"start":{"line":35,"column":28},"end":{"line":35,"column":36}},"12":{"start":{"line":37,"column":4},"end":{"line":42,"column":5}},"13":{"start":{"line":38,"column":6},"end":{"line":41,"column":9}},"14":{"start":{"line":44,"column":25},"end":{"line":44,"column":27}},"15":{"start":{"line":45,"column":24},"end":{"line":45,"column":86}},"16":{"start":{"line":48,"column":4},"end":{"line":78,"column":5}},"17":{"start":{"line":48,"column":17},"end":{"line":48,"column":18}},"18":{"start":{"line":49,"column":25},"end":{"line":49,"column":33}},"19":{"start":{"line":51,"column":6},"end":{"line":77,"column":7}},"20":{"start":{"line":52,"column":8},"end":{"line":57,"column":9}},"21":{"start":{"line":53,"column":10},"end":{"line":56,"column":13}},"22":{"start":{"line":59,"column":27},"end":{"line":59,"column":60}},"23":{"start":{"line":60,"column":8},"end":{"line":65,"column":9}},"24":{"start":{"line":61,"column":10},"end":{"line":64,"column":13}},"25":{"start":{"line":66,"column":8},"end":{"line":66,"column":56}},"26":{"start":{"line":69,"column":24},"end":{"line":69,"column":48}},"27":{"start":{"line":70,"column":8},"end":{"line":75,"column":9}},"28":{"start":{"line":71,"column":10},"end":{"line":74,"column":13}},"29":{"start":{"line":76,"column":8},"end":{"line":76,"column":37}},"30":{"start":{"line":81,"column":17},"end":{"line":81,"column":68}},"31":{"start":{"line":81,"column":54},"end":{"line":81,"column":64}},"32":{"start":{"line":82,"column":18},"end":{"line":82,"column":71}},"33":{"start":{"line":83,"column":24},"end":{"line":83,"column":49}},"34":{"start":{"line":84,"column":21},"end":{"line":84,"column":33}},"35":{"start":{"line":86,"column":4},"end":{"line":99,"column":7}},"36":{"start":{"line":102,"column":4},"end":{"line":105,"column":7}}},"fnMap":{"0":{"name":"(anonymous_0)","decl":{"start":{"line":15,"column":27},"end":{"line":15,"column":28}},"loc":{"start":{"line":15,"column":37},"end":{"line":20,"column":1}},"line":15},"1":{"name":"(anonymous_1)","decl":{"start":{"line":33,"column":24},"end":{"line":33,"column":25}},"loc":{"start":{"line":33,"column":38},"end":{"line":107,"column":1}},"line":33},"2":{"name":"(anonymous_2)","decl":{"start":{"line":81,"column":39},"end":{"line":81,"column":40}},"loc":{"start":{"line":81,"column":54},"end":{"line":81,"column":64}},"line":81}},"branchMap":{"0":{"loc":{"start":{"line":16,"column":2},"end":{"line":16,"column":31}},"type":"if","locations":[{"start":{"line":16,"column":2},"end":{"line":16,"column":31}},{"start":{},"end":{}}],"line":16},"1":{"loc":{"start":{"line":17,"column":2},"end":{"line":17,"column":30}},"type":"if","locations":[{"start":{"line":17,"column":2},"end":{"line":17,"column":30}},{"start":{},"end":{}}],"line":17},"2":{"loc":{"start":{"line":18,"column":2},"end":{"line":18,"column":30}},"type":"if","locations":[{"start":{"line":18,"column":2},"end":{"line":18,"column":30}},{"start":{},"end":{}}],"line":18},"3":{"loc":{"start":{"line":37,"column":4},"end":{"line":42,"column":5}},"type":"if","locations":[{"start":{"line":37,"column":4},"end":{"line":42,"column":5}},{"start":{},"end":{}}],"line":37},"4":{"loc":{"start":{"line":37,"column":8},"end":{"line":37,"column":61}},"type":"binary-expr","locations":[{"start":{"line":37,"column":8},"end":{"line":37,"column":14}},{"start":{"line":37,"column":18},"end":{"line":37,"column":39}},{"start":{"line":37,"column":43},"end":{"line":37,"column":61}}],"line":37},"5":{"loc":{"start":{"line":45,"column":24},"end":{"line":45,"column":86}},"type":"binary-expr","locations":[{"start":{"line":45,"column":24},"end":{"line":45,"column":28}},{"start":{"line":45,"column":33},"end":{"line":45,"column":85}}],"line":45},"6":{"loc":{"start":{"line":45,"column":33},"end":{"line":45,"column":85}},"type":"cond-expr","locations":[{"start":{"line":45,"column":64},"end":{"line":45,"column":72}},{"start":{"line":45,"column":75},"end":{"line":45,"column":85}}],"line":45},"7":{"loc":{"start":{"line":51,"column":6},"end":{"line":77,"column":7}},"type":"if","locations":[{"start":{"line":51,"column":6},"end":{"line":77,"column":7}},{"start":{"line":67,"column":13},"end":{"line":77,"column":7}}],"line":51},"8":{"loc":{"start":{"line":52,"column":8},"end":{"line":57,"column":9}},"type":"if","locations":[{"start":{"line":52,"column":8},"end":{"line":57,"column":9}},{"start":{},"end":{}}],"line":52},"9":{"loc":{"start":{"line":60,"column":8},"end":{"line":65,"column":9}},"type":"if","locations":[{"start":{"line":60,"column":8},"end":{"line":65,"column":9}},{"start":{},"end":{}}],"line":60},"10":{"loc":{"start":{"line":70,"column":8},"end":{"line":75,"column":9}},"type":"if","locations":[{"start":{"line":70,"column":8},"end":{"line":75,"column":9}},{"start":{},"end":{}}],"line":70},"11":{"loc":{"start":{"line":70,"column":12},"end":{"line":70,"column":57}},"type":"binary-expr","locations":[{"start":{"line":70,"column":12},"end":{"line":70,"column":26}},{"start":{"line":70,"column":30},"end":{"line":70,"column":41}},{"start":{"line":70,"column":45},"end":{"line":70,"column":57}}],"line":70},"12":{"loc":{"start":{"line":96,"column":16},"end":{"line":98,"column":91}},"type":"cond-expr","locations":[{"start":{"line":97,"column":10},"end":{"line":97,"column":66}},{"start":{"line":98,"column":10},"end":{"line":98,"column":91}}],"line":96}},"s":{"0":13,"1":13,"2":3,"3":0,"4":3,"5":2,"6":1,"7":0,"8":1,"9":13,"10":6,"11":6,"12":6,"13":1,"14":5,"15":5,"16":5,"17":5,"18":14,"19":14,"20":8,"21":0,"22":8,"23":8,"24":1,"25":7,"26":6,"27":6,"28":1,"29":5,"30":3,"31":10,"32":3,"33":3,"34":3,"35":3,"36":0},"f":{"0":3,"1":6,"2":10},"b":{"0":[0,3],"1":[2,1],"2":[0,1],"3":[1,5],"4":[6,6,6],"5":[5,2],"6":[1,1],"7":[8,6],"8":[0,8],"9":[1,7],"10":[1,5],"11":[6,6,6],"12":[2,1]},"_coverageSchema":"1a1c01bbd47fc00a2c39e90264f33305004495a9","hash":"acc5df793f59eb5cb467842527f0bc488ade1a07"}
,"C:\\Projetos\\Projetos\\GCEIC26\\api\\src\\etec64\\routes\\etecRoutes.js": {"path":"C:\\Projetos\\Projetos\\GCEIC26\\api\\src\\etec64\\routes\\etecRoutes.js","statementMap":{"0":{"start":{"line":1,"column":16},"end":{"line":1,"column":34}},"1":{"start":{"line":2,"column":26},"end":{"line":2,"column":70}},"2":{"start":{"line":3,"column":31},"end":{"line":3,"column":80}},"3":{"start":{"line":4,"column":30},"end":{"line":4,"column":78}},"4":{"start":{"line":6,"column":15},"end":{"line":6,"column":31}},"5":{"start":{"line":8,"column":0},"end":{"line":8,"column":37}},"6":{"start":{"line":9,"column":0},"end":{"line":9,"column":47}},"7":{"start":{"line":10,"column":0},"end":{"line":10,"column":45}},"8":{"start":{"line":12,"column":0},"end":{"line":12,"column":24}}},"fnMap":{},"branchMap":{},"s":{"0":13,"1":13,"2":13,"3":13,"4":13,"5":13,"6":13,"7":13,"8":13},"f":{},"b":{},"_coverageSchema":"1a1c01bbd47fc00a2c39e90264f33305004495a9","hash":"5059b973a5caf6676640dca02011d15c880cb0e0"}
,"C:\\Projetos\\Projetos\\GCEIC26\\api\\src\\grupo13-markup\\markupController.js": {"path":"C:\\Projetos\\Projetos\\GCEIC26\\api\\src\\grupo13-markup\\markupController.js","statementMap":{"0":{"start":{"line":1,"column":24},"end":{"line":20,"column":1}},"1":{"start":{"line":2,"column":37},"end":{"line":2,"column":45}},"2":{"start":{"line":3,"column":2},"end":{"line":4,"column":86}},"3":{"start":{"line":4,"column":4},"end":{"line":4,"column":86}},"4":{"start":{"line":5,"column":2},"end":{"line":6,"column":78}},"5":{"start":{"line":6,"column":4},"end":{"line":6,"column":78}},"6":{"start":{"line":7,"column":16},"end":{"line":7,"column":32}},"7":{"start":{"line":8,"column":2},"end":{"line":9,"column":99}},"8":{"start":{"line":9,"column":4},"end":{"line":9,"column":99}},"9":{"start":{"line":10,"column":21},"end":{"line":10,"column":46}},"10":{"start":{"line":11,"column":21},"end":{"line":11,"column":42}},"11":{"start":{"line":12,"column":2},"end":{"line":19,"column":5}},"12":{"start":{"line":22,"column":22},"end":{"line":41,"column":1}},"13":{"start":{"line":23,"column":42},"end":{"line":23,"column":50}},"14":{"start":{"line":24,"column":2},"end":{"line":25,"column":87}},"15":{"start":{"line":25,"column":4},"end":{"line":25,"column":87}},"16":{"start":{"line":26,"column":2},"end":{"line":27,"column":96}},"17":{"start":{"line":27,"column":4},"end":{"line":27,"column":96}},"18":{"start":{"line":28,"column":2},"end":{"line":29,"column":88}},"19":{"start":{"line":29,"column":4},"end":{"line":29,"column":88}},"20":{"start":{"line":30,"column":24},"end":{"line":30,"column":53}},"21":{"start":{"line":31,"column":21},"end":{"line":31,"column":55}},"22":{"start":{"line":32,"column":22},"end":{"line":32,"column":53}},"23":{"start":{"line":33,"column":2},"end":{"line":40,"column":5}},"24":{"start":{"line":43,"column":27},"end":{"line":59,"column":1}},"25":{"start":{"line":44,"column":53},"end":{"line":44,"column":61}},"26":{"start":{"line":45,"column":2},"end":{"line":46,"column":94}},"27":{"start":{"line":46,"column":4},"end":{"line":46,"column":94}},"28":{"start":{"line":47,"column":2},"end":{"line":48,"column":100}},"29":{"start":{"line":48,"column":4},"end":{"line":48,"column":100}},"30":{"start":{"line":49,"column":24},"end":{"line":49,"column":52}},"31":{"start":{"line":50,"column":16},"end":{"line":50,"column":41}},"32":{"start":{"line":51,"column":2},"end":{"line":58,"column":5}},"33":{"start":{"line":61,"column":0},"end":{"line":61,"column":71}}},"fnMap":{"0":{"name":"(anonymous_0)","decl":{"start":{"line":1,"column":24},"end":{"line":1,"column":25}},"loc":{"start":{"line":1,"column":38},"end":{"line":20,"column":1}},"line":1},"1":{"name":"(anonymous_1)","decl":{"start":{"line":22,"column":22},"end":{"line":22,"column":23}},"loc":{"start":{"line":22,"column":36},"end":{"line":41,"column":1}},"line":22},"2":{"name":"(anonymous_2)","decl":{"start":{"line":43,"column":27},"end":{"line":43,"column":28}},"loc":{"start":{"line":43,"column":41},"end":{"line":59,"column":1}},"line":43}},"branchMap":{"0":{"loc":{"start":{"line":3,"column":2},"end":{"line":4,"column":86}},"type":"if","locations":[{"start":{"line":3,"column":2},"end":{"line":4,"column":86}},{"start":{},"end":{}}],"line":3},"1":{"loc":{"start":{"line":3,"column":6},"end":{"line":3,"column":74}},"type":"binary-expr","locations":[{"start":{"line":3,"column":6},"end":{"line":3,"column":25}},{"start":{"line":3,"column":29},"end":{"line":3,"column":51}},{"start":{"line":3,"column":55},"end":{"line":3,"column":74}}],"line":3},"2":{"loc":{"start":{"line":5,"column":2},"end":{"line":6,"column":78}},"type":"if","locations":[{"start":{"line":5,"column":2},"end":{"line":6,"column":78}},{"start":{},"end":{}}],"line":5},"3":{"loc":{"start":{"line":8,"column":2},"end":{"line":9,"column":99}},"type":"if","locations":[{"start":{"line":8,"column":2},"end":{"line":9,"column":99}},{"start":{},"end":{}}],"line":8},"4":{"loc":{"start":{"line":24,"column":2},"end":{"line":25,"column":87}},"type":"if","locations":[{"start":{"line":24,"column":2},"end":{"line":25,"column":87}},{"start":{},"end":{}}],"line":24},"5":{"loc":{"start":{"line":24,"column":6},"end":{"line":24,"column":79}},"type":"binary-expr","locations":[{"start":{"line":24,"column":6},"end":{"line":24,"column":30}},{"start":{"line":24,"column":34},"end":{"line":24,"column":53}},{"start":{"line":24,"column":57},"end":{"line":24,"column":79}}],"line":24},"6":{"loc":{"start":{"line":26,"column":2},"end":{"line":27,"column":96}},"type":"if","locations":[{"start":{"line":26,"column":2},"end":{"line":27,"column":96}},{"start":{},"end":{}}],"line":26},"7":{"loc":{"start":{"line":26,"column":6},"end":{"line":26,"column":35}},"type":"binary-expr","locations":[{"start":{"line":26,"column":6},"end":{"line":26,"column":21}},{"start":{"line":26,"column":25},"end":{"line":26,"column":35}}],"line":26},"8":{"loc":{"start":{"line":28,"column":2},"end":{"line":29,"column":88}},"type":"if","locations":[{"start":{"line":28,"column":2},"end":{"line":29,"column":88}},{"start":{},"end":{}}],"line":28},"9":{"loc":{"start":{"line":45,"column":2},"end":{"line":46,"column":94}},"type":"if","locations":[{"start":{"line":45,"column":2},"end":{"line":46,"column":94}},{"start":{},"end":{}}],"line":45},"10":{"loc":{"start":{"line":45,"column":6},"end":{"line":45,"column":90}},"type":"binary-expr","locations":[{"start":{"line":45,"column":6},"end":{"line":45,"column":29}},{"start":{"line":45,"column":33},"end":{"line":45,"column":57}},{"start":{"line":45,"column":61},"end":{"line":45,"column":90}}],"line":45},"11":{"loc":{"start":{"line":47,"column":2},"end":{"line":48,"column":100}},"type":"if","locations":[{"start":{"line":47,"column":2},"end":{"line":48,"column":100}},{"start":{},"end":{}}],"line":47}},"s":{"0":13,"1":3,"2":3,"3":1,"4":2,"5":0,"6":2,"7":2,"8":1,"9":1,"10":1,"11":1,"12":13,"13":2,"14":2,"15":0,"16":2,"17":0,"18":2,"19":1,"20":1,"21":1,"22":1,"23":1,"24":13,"25":2,"26":2,"27":0,"28":2,"29":1,"30":1,"31":1,"32":1,"33":13},"f":{"0":3,"1":2,"2":2},"b":{"0":[1,2],"1":[3,3,2],"2":[0,2],"3":[1,1],"4":[0,2],"5":[2,2,2],"6":[0,2],"7":[2,2],"8":[1,1],"9":[0,2],"10":[2,2,2],"11":[1,1]},"_coverageSchema":"1a1c01bbd47fc00a2c39e90264f33305004495a9","hash":"944a177cb8b121987e67e3d453092f1fbe1df629"}
,"C:\\Projetos\\Projetos\\GCEIC26\\api\\src\\grupo13-markup\\routes.js": {"path":"C:\\Projetos\\Projetos\\GCEIC26\\api\\src\\grupo13-markup\\routes.js","statementMap":{"0":{"start":{"line":1,"column":17},"end":{"line":1,"column":35}},"1":{"start":{"line":2,"column":15},"end":{"line":2,"column":31}},"2":{"start":{"line":3,"column":62},"end":{"line":3,"column":91}},"3":{"start":{"line":5,"column":0},"end":{"line":5,"column":91}},"4":{"start":{"line":5,"column":30},"end":{"line":5,"column":89}},"5":{"start":{"line":6,"column":0},"end":{"line":6,"column":39}},"6":{"start":{"line":7,"column":0},"end":{"line":7,"column":37}},"7":{"start":{"line":8,"column":0},"end":{"line":8,"column":47}},"8":{"start":{"line":10,"column":0},"end":{"line":10,"column":24}}},"fnMap":{"0":{"name":"(anonymous_0)","decl":{"start":{"line":5,"column":16},"end":{"line":5,"column":17}},"loc":{"start":{"line":5,"column":30},"end":{"line":5,"column":89}},"line":5}},"branchMap":{},"s":{"0":13,"1":13,"2":13,"3":13,"4":0,"5":13,"6":13,"7":13,"8":13},"f":{"0":0},"b":{},"_coverageSchema":"1a1c01bbd47fc00a2c39e90264f33305004495a9","hash":"eb601390d48423106496954fffc60a817cf2b592"}
}
