{"/home/lucas/Documents/semestre5/GCEIC26/api/src/app.js": {"path":"/home/lucas/Documents/semestre5/GCEIC26/api/src/app.js","statementMap":{"0":{"start":{"line":1,"column":16},"end":{"line":1,"column":34}},"1":{"start":{"line":2,"column":16},"end":{"line":2,"column":31}},"2":{"start":{"line":3,"column":16},"end":{"line":3,"column":33}},"3":{"start":{"line":5,"column":20},"end":{"line":5,"column":58}},"4":{"start":{"line":7,"column":12},"end":{"line":7,"column":21}},"5":{"start":{"line":9,"column":0},"end":{"line":9,"column":18}},"6":{"start":{"line":10,"column":0},"end":{"line":10,"column":16}},"7":{"start":{"line":11,"column":0},"end":{"line":11,"column":24}},"8":{"start":{"line":13,"column":23},"end":{"line":13,"column":59}},"9":{"start":{"line":14,"column":23},"end":{"line":14,"column":52}},"10":{"start":{"line":15,"column":23},"end":{"line":15,"column":59}},"11":{"start":{"line":16,"column":23},"end":{"line":16,"column":57}},"12":{"start":{"line":17,"column":23},"end":{"line":17,"column":52}},"13":{"start":{"line":18,"column":23},"end":{"line":18,"column":57}},"14":{"start":{"line":21,"column":0},"end":{"line":23,"column":3}},"15":{"start":{"line":22,"column":2},"end":{"line":22,"column":93}},"16":{"start":{"line":25,"column":0},"end":{"line":25,"column":41}},"17":{"start":{"line":26,"column":0},"end":{"line":26,"column":42}},"18":{"start":{"line":27,"column":0},"end":{"line":27,"column":41}},"19":{"start":{"line":28,"column":0},"end":{"line":28,"column":42}},"20":{"start":{"line":29,"column":0},"end":{"line":29,"column":42}},"21":{"start":{"line":32,"column":0},"end":{"line":32,"column":91}},"22":{"start":{"line":32,"column":30},"end":{"line":32,"column":89}},"23":{"start":{"line":33,"column":0},"end":{"line":33,"column":27}},"24":{"start":{"line":36,"column":0},"end":{"line":64,"column":3}},"25":{"start":{"line":37,"column":16},"end":{"line":37,"column":32}},"26":{"start":{"line":38,"column":17},"end":{"line":38,"column":95}},"27":{"start":{"line":40,"column":23},"end":{"line":54,"column":4}},"28":{"start":{"line":47,"column":4},"end":{"line":47,"column":48}},"29":{"start":{"line":48,"column":4},"end":{"line":52,"column":5}},"30":{"start":{"line":49,"column":6},"end":{"line":51,"column":7}},"31":{"start":{"line":50,"column":8},"end":{"line":50,"column":37}},"32":{"start":{"line":53,"column":4},"end":{"line":53,"column":28}},"33":{"start":{"line":56,"column":2},"end":{"line":61,"column":5}},"34":{"start":{"line":57,"column":4},"end":{"line":60,"column":7}},"35":{"start":{"line":63,"column":2},"end":{"line":63,"column":25}},"36":{"start":{"line":70,"column":0},"end":{"line":70,"column":34}},"37":{"start":{"line":75,"column":0},"end":{"line":84,"column":3}},"38":{"start":{"line":76,"column":21},"end":{"line":76,"column":51}},"39":{"start":{"line":77,"column":2},"end":{"line":83,"column":5}},"40":{"start":{"line":87,"column":0},"end":{"line":101,"column":3}},"41":{"start":{"line":88,"column":2},"end":{"line":100,"column":3}},"42":{"start":{"line":89,"column":25},"end":{"line":89,"column":55}},"43":{"start":{"line":90,"column":18},"end":{"line":90,"column":26}},"44":{"start":{"line":92,"column":4},"end":{"line":94,"column":5}},"45":{"start":{"line":93,"column":6},"end":{"line":93,"column":93}},"46":{"start":{"line":96,"column":22},"end":{"line":96,"column":37}},"47":{"start":{"line":97,"column":4},"end":{"line":97,"column":68}},"48":{"start":{"line":99,"column":4},"end":{"line":99,"column":72}},"49":{"start":{"line":103,"column":0},"end":{"line":103,"column":21}}},"fnMap":{"0":{"name":"(anonymous_0)","decl":{"start":{"line":21,"column":19},"end":{"line":21,"column":20}},"loc":{"start":{"line":21,"column":33},"end":{"line":23,"column":1}},"line":21},"1":{"name":"(anonymous_1)","decl":{"start":{"line":32,"column":16},"end":{"line":32,"column":17}},"loc":{"start":{"line":32,"column":30},"end":{"line":32,"column":89}},"line":32},"2":{"name":"(anonymous_2)","decl":{"start":{"line":36,"column":22},"end":{"line":36,"column":23}},"loc":{"start":{"line":36,"column":36},"end":{"line":64,"column":1}},"line":36},"3":{"name":"(anonymous_3)","decl":{"start":{"line":46,"column":5},"end":{"line":46,"column":6}},"loc":{"start":{"line":46,"column":24},"end":{"line":54,"column":3}},"line":46},"4":{"name":"(anonymous_4)","decl":{"start":{"line":56,"column":27},"end":{"line":56,"column":28}},"loc":{"start":{"line":56,"column":38},"end":{"line":61,"column":3}},"line":56},"5":{"name":"(anonymous_5)","decl":{"start":{"line":75,"column":24},"end":{"line":75,"column":25}},"loc":{"start":{"line":75,"column":38},"end":{"line":84,"column":1}},"line":75},"6":{"name":"(anonymous_6)","decl":{"start":{"line":87,"column":26},"end":{"line":87,"column":27}},"loc":{"start":{"line":87,"column":40},"end":{"line":101,"column":1}},"line":87}},"branchMap":{"0":{"loc":{"start":{"line":47,"column":15},"end":{"line":47,"column":46}},"type":"binary-expr","locations":[{"start":{"line":47,"column":15},"end":{"line":47,"column":39}},{"start":{"line":47,"column":43},"end":{"line":47,"column":46}}],"line":47},"1":{"loc":{"start":{"line":49,"column":6},"end":{"line":51,"column":7}},"type":"if","locations":[{"start":{"line":49,"column":6},"end":{"line":51,"column":7}},{"start":{},"end":{}}],"line":49},"2":{"loc":{"start":{"line":92,"column":4},"end":{"line":94,"column":5}},"type":"if","locations":[{"start":{"line":92,"column":4},"end":{"line":94,"column":5}},{"start":{},"end":{}}],"line":92},"3":{"loc":{"start":{"line":92,"column":8},"end":{"line":92,"column":43}},"type":"binary-expr","locations":[{"start":{"line":92,"column":8},"end":{"line":92,"column":14}},{"start":{"line":92,"column":18},"end":{"line":92,"column":43}}],"line":92}},"s":{"0":7,"1":7,"2":7,"3":7,"4":7,"5":7,"6":7,"7":7,"8":7,"9":7,"10":7,"11":7,"12":7,"13":7,"14":7,"15":1,"16":7,"17":7,"18":7,"19":7,"20":7,"21":7,"22":1,"23":7,"24":7,"25":0,"26":0,"27":0,"28":0,"29":0,"30":0,"31":0,"32":0,"33":0,"34":0,"35":0,"36":7,"37":7,"38":1,"39":1,"40":7,"41":2,"42":2,"43":2,"44":2,"45":0,"46":2,"47":1,"48":1,"49":7},"f":{"0":1,"1":1,"2":0,"3":0,"4":0,"5":1,"6":2},"b":{"0":[0,0],"1":[0,0],"2":[0,2],"3":[2,2]},"_coverageSchema":"1a1c01bbd47fc00a2c39e90264f33305004495a9","hash":"b8adbf640479fb17282f645070a6d6329421688d"}
,"/home/lucas/Documents/semestre5/GCEIC26/api/src/equipe-11/calculator.js": {"path":"/home/lucas/Documents/semestre5/GCEIC26/api/src/equipe-11/calculator.js","statementMap":{"0":{"start":{"line":2,"column":15},"end":{"line":2,"column":50}},"1":{"start":{"line":3,"column":20},"end":{"line":3,"column":61}},"2":{"start":{"line":5,"column":22},"end":{"line":5,"column":58}},"3":{"start":{"line":6,"column":25},"end":{"line":6,"column":58}},"4":{"start":{"line":7,"column":21},"end":{"line":7,"column":56}},"5":{"start":{"line":9,"column":31},"end":{"line":9,"column":102}},"6":{"start":{"line":10,"column":26},"end":{"line":10,"column":60}},"7":{"start":{"line":12,"column":27},"end":{"line":12,"column":86}},"8":{"start":{"line":13,"column":26},"end":{"line":13,"column":80}},"9":{"start":{"line":14,"column":20},"end":{"line":14,"column":75}},"10":{"start":{"line":16,"column":2},"end":{"line":29,"column":4}},"11":{"start":{"line":32,"column":0},"end":{"line":32,"column":36}}},"fnMap":{"0":{"name":"calculateField","decl":{"start":{"line":1,"column":9},"end":{"line":1,"column":23}},"loc":{"start":{"line":1,"column":108},"end":{"line":30,"column":1}},"line":1}},"branchMap":{"0":{"loc":{"start":{"line":5,"column":22},"end":{"line":5,"column":58}},"type":"cond-expr","locations":[{"start":{"line":5,"column":51},"end":{"line":5,"column":53}},{"start":{"line":5,"column":56},"end":{"line":5,"column":58}}],"line":5},"1":{"loc":{"start":{"line":6,"column":25},"end":{"line":6,"column":58}},"type":"cond-expr","locations":[{"start":{"line":6,"column":51},"end":{"line":6,"column":53}},{"start":{"line":6,"column":56},"end":{"line":6,"column":58}}],"line":6},"2":{"loc":{"start":{"line":7,"column":21},"end":{"line":7,"column":56}},"type":"cond-expr","locations":[{"start":{"line":7,"column":49},"end":{"line":7,"column":51}},{"start":{"line":7,"column":54},"end":{"line":7,"column":56}}],"line":7}},"s":{"0":0,"1":0,"2":0,"3":0,"4":0,"5":0,"6":0,"7":0,"8":0,"9":0,"10":0,"11":7},"f":{"0":0},"b":{"0":[0,0],"1":[0,0],"2":[0,0]},"_coverageSchema":"1a1c01bbd47fc00a2c39e90264f33305004495a9","hash":"5ee48b8fbdbc43615e048e147cdbb43e9e1acfe7"}
,"/home/lucas/Documents/semestre5/GCEIC26/api/src/equipe-11/routes.js": {"path":"/home/lucas/Documents/semestre5/GCEIC26/api/src/equipe-11/routes.js","statementMap":{"0":{"start":{"line":1,"column":16},"end":{"line":1,"column":34}},"1":{"start":{"line":2,"column":27},"end":{"line":2,"column":50}},"2":{"start":{"line":4,"column":15},"end":{"line":4,"column":31}},"3":{"start":{"line":5,"column":19},"end":{"line":5,"column":37}},"4":{"start":{"line":6,"column":21},"end":{"line":6,"column":61}},"5":{"start":{"line":8,"column":0},"end":{"line":16,"column":3}},"6":{"start":{"line":9,"column":33},"end":{"line":9,"column":41}},"7":{"start":{"line":11,"column":2},"end":{"line":13,"column":3}},"8":{"start":{"line":12,"column":4},"end":{"line":12,"column":53}},"9":{"start":{"line":15,"column":2},"end":{"line":15,"column":66}},"10":{"start":{"line":19,"column":21},"end":{"line":19,"column":52}},"11":{"start":{"line":20,"column":16},"end":{"line":20,"column":49}},"12":{"start":{"line":22,"column":2},"end":{"line":24,"column":3}},"13":{"start":{"line":23,"column":4},"end":{"line":23,"column":18}},"14":{"start":{"line":26,"column":2},"end":{"line":26,"column":59}},"15":{"start":{"line":29,"column":0},"end":{"line":69,"column":3}},"16":{"start":{"line":38,"column":6},"end":{"line":38,"column":14}},"17":{"start":{"line":40,"column":24},"end":{"line":40,"column":38}},"18":{"start":{"line":41,"column":23},"end":{"line":41,"column":36}},"19":{"start":{"line":42,"column":23},"end":{"line":42,"column":47}},"20":{"start":{"line":43,"column":28},"end":{"line":43,"column":50}},"21":{"start":{"line":45,"column":2},"end":{"line":52,"column":3}},"22":{"start":{"line":51,"column":4},"end":{"line":51,"column":119}},"23":{"start":{"line":54,"column":2},"end":{"line":68,"column":3}},"24":{"start":{"line":55,"column":19},"end":{"line":63,"column":6}},"25":{"start":{"line":65,"column":4},"end":{"line":65,"column":21}},"26":{"start":{"line":67,"column":4},"end":{"line":67,"column":51}},"27":{"start":{"line":71,"column":0},"end":{"line":71,"column":24}}},"fnMap":{"0":{"name":"(anonymous_0)","decl":{"start":{"line":8,"column":22},"end":{"line":8,"column":23}},"loc":{"start":{"line":8,"column":36},"end":{"line":16,"column":1}},"line":8},"1":{"name":"checkAuth","decl":{"start":{"line":18,"column":9},"end":{"line":18,"column":18}},"loc":{"start":{"line":18,"column":35},"end":{"line":27,"column":1}},"line":18},"2":{"name":"(anonymous_2)","decl":{"start":{"line":29,"column":37},"end":{"line":29,"column":38}},"loc":{"start":{"line":29,"column":51},"end":{"line":69,"column":1}},"line":29}},"branchMap":{"0":{"loc":{"start":{"line":11,"column":2},"end":{"line":13,"column":3}},"type":"if","locations":[{"start":{"line":11,"column":2},"end":{"line":13,"column":3}},{"start":{},"end":{}}],"line":11},"1":{"loc":{"start":{"line":11,"column":6},"end":{"line":11,"column":78}},"type":"binary-expr","locations":[{"start":{"line":11,"column":6},"end":{"line":11,"column":40}},{"start":{"line":11,"column":44},"end":{"line":11,"column":78}}],"line":11},"2":{"loc":{"start":{"line":19,"column":21},"end":{"line":19,"column":52}},"type":"binary-expr","locations":[{"start":{"line":19,"column":21},"end":{"line":19,"column":46}},{"start":{"line":19,"column":50},"end":{"line":19,"column":52}}],"line":19},"3":{"loc":{"start":{"line":22,"column":2},"end":{"line":24,"column":3}},"type":"if","locations":[{"start":{"line":22,"column":2},"end":{"line":24,"column":3}},{"start":{},"end":{}}],"line":22},"4":{"loc":{"start":{"line":33,"column":4},"end":{"line":33,"column":25}},"type":"default-arg","locations":[{"start":{"line":33,"column":16},"end":{"line":33,"column":25}}],"line":33},"5":{"loc":{"start":{"line":34,"column":4},"end":{"line":34,"column":25}},"type":"default-arg","locations":[{"start":{"line":34,"column":15},"end":{"line":34,"column":25}}],"line":34},"6":{"loc":{"start":{"line":35,"column":4},"end":{"line":35,"column":25}},"type":"default-arg","locations":[{"start":{"line":35,"column":15},"end":{"line":35,"column":25}}],"line":35},"7":{"loc":{"start":{"line":36,"column":4},"end":{"line":36,"column":24}},"type":"default-arg","locations":[{"start":{"line":36,"column":23},"end":{"line":36,"column":24}}],"line":36},"8":{"loc":{"start":{"line":37,"column":4},"end":{"line":37,"column":25}},"type":"default-arg","locations":[{"start":{"line":37,"column":21},"end":{"line":37,"column":25}}],"line":37},"9":{"loc":{"start":{"line":45,"column":2},"end":{"line":52,"column":3}},"type":"if","locations":[{"start":{"line":45,"column":2},"end":{"line":52,"column":3}},{"start":{},"end":{}}],"line":45},"10":{"loc":{"start":{"line":46,"column":4},"end":{"line":49,"column":60}},"type":"binary-expr","locations":[{"start":{"line":46,"column":4},"end":{"line":46,"column":31}},{"start":{"line":46,"column":35},"end":{"line":46,"column":53}},{"start":{"line":47,"column":4},"end":{"line":47,"column":30}},{"start":{"line":47,"column":34},"end":{"line":47,"column":51}},{"start":{"line":48,"column":4},"end":{"line":48,"column":30}},{"start":{"line":48,"column":34},"end":{"line":48,"column":50}},{"start":{"line":49,"column":4},"end":{"line":49,"column":35}},{"start":{"line":49,"column":39},"end":{"line":49,"column":60}}],"line":46}},"s":{"0":7,"1":7,"2":7,"3":7,"4":7,"5":7,"6":0,"7":0,"8":0,"9":0,"10":0,"11":0,"12":0,"13":0,"14":0,"15":7,"16":0,"17":0,"18":0,"19":0,"20":0,"21":0,"22":0,"23":0,"24":0,"25":0,"26":0,"27":7},"f":{"0":0,"1":0,"2":0},"b":{"0":[0,0],"1":[0,0],"2":[0,0],"3":[0,0],"4":[0],"5":[0],"6":[0],"7":[0],"8":[0],"9":[0,0],"10":[0,0,0,0,0,0,0,0]},"_coverageSchema":"1a1c01bbd47fc00a2c39e90264f33305004495a9","hash":"9f12ee0b0a327fe7fba1567a5ec1cc1f33a8d73c"}
,"/home/lucas/Documents/semestre5/GCEIC26/api/src/equipe-14/pricingRoutes.js": {"path":"/home/lucas/Documents/semestre5/GCEIC26/api/src/equipe-14/pricingRoutes.js","statementMap":{"0":{"start":{"line":1,"column":19},"end":{"line":1,"column":37}},"1":{"start":{"line":6,"column":4},"end":{"line":6,"column":31}},"2":{"start":{"line":7,"column":26},"end":{"line":7,"column":49}},"3":{"start":{"line":9,"column":22},"end":{"line":9,"column":30}},"4":{"start":{"line":11,"column":0},"end":{"line":13,"column":3}},"5":{"start":{"line":12,"column":2},"end":{"line":12,"column":61}},"6":{"start":{"line":15,"column":0},"end":{"line":24,"column":3}},"7":{"start":{"line":16,"column":2},"end":{"line":23,"column":7}},"8":{"start":{"line":16,"column":30},"end":{"line":23,"column":5}},"9":{"start":{"line":26,"column":0},"end":{"line":35,"column":3}},"10":{"start":{"line":27,"column":2},"end":{"line":34,"column":7}},"11":{"start":{"line":27,"column":30},"end":{"line":34,"column":5}},"12":{"start":{"line":37,"column":0},"end":{"line":47,"column":3}},"13":{"start":{"line":38,"column":2},"end":{"line":46,"column":7}},"14":{"start":{"line":38,"column":30},"end":{"line":46,"column":5}},"15":{"start":{"line":50,"column":2},"end":{"line":58,"column":3}},"16":{"start":{"line":51,"column":4},"end":{"line":51,"column":24}},"17":{"start":{"line":53,"column":4},"end":{"line":57,"column":7}},"18":{"start":{"line":62,"column":2},"end":{"line":70,"column":9}},"19":{"start":{"line":63,"column":58},"end":{"line":63,"column":70}},"20":{"start":{"line":64,"column":24},"end":{"line":64,"column":54}},"21":{"start":{"line":65,"column":26},"end":{"line":67,"column":5}},"22":{"start":{"line":65,"column":66},"end":{"line":65,"column":77}},"23":{"start":{"line":66,"column":17},"end":{"line":66,"column":70}},"24":{"start":{"line":68,"column":4},"end":{"line":68,"column":93}},"25":{"start":{"line":69,"column":4},"end":{"line":69,"column":15}},"26":{"start":{"line":73,"column":0},"end":{"line":73,"column":31}}},"fnMap":{"0":{"name":"(anonymous_0)","decl":{"start":{"line":11,"column":29},"end":{"line":11,"column":30}},"loc":{"start":{"line":11,"column":44},"end":{"line":13,"column":1}},"line":11},"1":{"name":"(anonymous_1)","decl":{"start":{"line":15,"column":37},"end":{"line":15,"column":38}},"loc":{"start":{"line":15,"column":51},"end":{"line":24,"column":1}},"line":15},"2":{"name":"(anonymous_2)","decl":{"start":{"line":16,"column":24},"end":{"line":16,"column":25}},"loc":{"start":{"line":16,"column":30},"end":{"line":23,"column":5}},"line":16},"3":{"name":"(anonymous_3)","decl":{"start":{"line":26,"column":35},"end":{"line":26,"column":36}},"loc":{"start":{"line":26,"column":49},"end":{"line":35,"column":1}},"line":26},"4":{"name":"(anonymous_4)","decl":{"start":{"line":27,"column":24},"end":{"line":27,"column":25}},"loc":{"start":{"line":27,"column":30},"end":{"line":34,"column":5}},"line":27},"5":{"name":"(anonymous_5)","decl":{"start":{"line":37,"column":30},"end":{"line":37,"column":31}},"loc":{"start":{"line":37,"column":44},"end":{"line":47,"column":1}},"line":37},"6":{"name":"(anonymous_6)","decl":{"start":{"line":38,"column":24},"end":{"line":38,"column":25}},"loc":{"start":{"line":38,"column":30},"end":{"line":46,"column":5}},"line":38},"7":{"name":"responderCalculo","decl":{"start":{"line":49,"column":9},"end":{"line":49,"column":25}},"loc":{"start":{"line":49,"column":40},"end":{"line":59,"column":1}},"line":49},"8":{"name":"normalizarEntrada","decl":{"start":{"line":61,"column":9},"end":{"line":61,"column":26}},"loc":{"start":{"line":61,"column":41},"end":{"line":71,"column":1}},"line":61},"9":{"name":"(anonymous_9)","decl":{"start":{"line":62,"column":39},"end":{"line":62,"column":40}},"loc":{"start":{"line":62,"column":71},"end":{"line":70,"column":3}},"line":62},"10":{"name":"(anonymous_10)","decl":{"start":{"line":65,"column":55},"end":{"line":65,"column":56}},"loc":{"start":{"line":65,"column":66},"end":{"line":65,"column":77}},"line":65},"11":{"name":"(anonymous_11)","decl":{"start":{"line":66,"column":6},"end":{"line":66,"column":7}},"loc":{"start":{"line":66,"column":17},"end":{"line":66,"column":70}},"line":66}},"branchMap":{"0":{"loc":{"start":{"line":53,"column":15},"end":{"line":53,"column":38}},"type":"binary-expr","locations":[{"start":{"line":53,"column":15},"end":{"line":53,"column":31}},{"start":{"line":53,"column":35},"end":{"line":53,"column":38}}],"line":53},"1":{"loc":{"start":{"line":54,"column":18},"end":{"line":54,"column":41}},"type":"binary-expr","locations":[{"start":{"line":54,"column":18},"end":{"line":54,"column":34}},{"start":{"line":54,"column":38},"end":{"line":54,"column":41}}],"line":54},"2":{"loc":{"start":{"line":63,"column":12},"end":{"line":63,"column":31}},"type":"default-arg","locations":[{"start":{"line":63,"column":26},"end":{"line":63,"column":31}}],"line":63},"3":{"loc":{"start":{"line":63,"column":33},"end":{"line":63,"column":45}},"type":"default-arg","locations":[{"start":{"line":63,"column":43},"end":{"line":63,"column":45}}],"line":63},"4":{"loc":{"start":{"line":64,"column":24},"end":{"line":64,"column":54}},"type":"cond-expr","locations":[{"start":{"line":64,"column":49},"end":{"line":64,"column":50}},{"start":{"line":64,"column":53},"end":{"line":64,"column":54}}],"line":64},"5":{"loc":{"start":{"line":66,"column":17},"end":{"line":66,"column":70}},"type":"binary-expr","locations":[{"start":{"line":66,"column":17},"end":{"line":66,"column":36}},{"start":{"line":66,"column":40},"end":{"line":66,"column":54}},{"start":{"line":66,"column":58},"end":{"line":66,"column":70}}],"line":66},"6":{"loc":{"start":{"line":68,"column":38},"end":{"line":68,"column":66}},"type":"binary-expr","locations":[{"start":{"line":68,"column":38},"end":{"line":68,"column":51}},{"start":{"line":68,"column":55},"end":{"line":68,"column":66}}],"line":68}},"s":{"0":7,"1":7,"2":7,"3":7,"4":7,"5":1,"6":7,"7":2,"8":2,"9":7,"10":0,"11":0,"12":7,"13":0,"14":0,"15":2,"16":2,"17":1,"18":2,"19":9,"20":9,"21":9,"22":0,"23":9,"24":9,"25":8,"26":7},"f":{"0":1,"1":2,"2":2,"3":0,"4":0,"5":0,"6":0,"7":2,"8":2,"9":9,"10":0,"11":9},"b":{"0":[1,0],"1":[1,0],"2":[7],"3":[9],"4":[2,7],"5":[9,8,8],"6":[9,1]},"_coverageSchema":"1a1c01bbd47fc00a2c39e90264f33305004495a9","hash":"f98e70aa00b1e377c8d9810095d2cb6b94636bfa"}
,"/home/lucas/Documents/semestre5/GCEIC26/api/src/equipe-14/pricingService.js": {"path":"/home/lucas/Documents/semestre5/GCEIC26/api/src/equipe-14/pricingService.js","statementMap":{"0":{"start":{"line":1,"column":23},"end":{"line":1,"column":24}},"1":{"start":{"line":11,"column":21},"end":{"line":11,"column":44}},"2":{"start":{"line":12,"column":26},"end":{"line":16,"column":4}},"3":{"start":{"line":18,"column":2},"end":{"line":18,"column":42}},"4":{"start":{"line":20,"column":23},"end":{"line":20,"column":57}},"5":{"start":{"line":21,"column":19},"end":{"line":21,"column":56}},"6":{"start":{"line":22,"column":27},"end":{"line":22,"column":48}},"7":{"start":{"line":24,"column":2},"end":{"line":38,"column":5}},"8":{"start":{"line":49,"column":26},"end":{"line":53,"column":4}},"9":{"start":{"line":55,"column":2},"end":{"line":55,"column":42}},"10":{"start":{"line":57,"column":23},"end":{"line":57,"column":48}},"11":{"start":{"line":58,"column":21},"end":{"line":58,"column":57}},"12":{"start":{"line":59,"column":19},"end":{"line":59,"column":56}},"13":{"start":{"line":60,"column":27},"end":{"line":60,"column":48}},"14":{"start":{"line":62,"column":2},"end":{"line":76,"column":5}},"15":{"start":{"line":88,"column":16},"end":{"line":95,"column":4}},"16":{"start":{"line":96,"column":21},"end":{"line":96,"column":47}},"17":{"start":{"line":97,"column":16},"end":{"line":97,"column":47}},"18":{"start":{"line":98,"column":27},"end":{"line":98,"column":92}},"19":{"start":{"line":99,"column":27},"end":{"line":99,"column":76}},"20":{"start":{"line":101,"column":2},"end":{"line":108,"column":5}},"21":{"start":{"line":112,"column":2},"end":{"line":112,"column":22}},"22":{"start":{"line":116,"column":2},"end":{"line":116,"column":105}},"23":{"start":{"line":120,"column":2},"end":{"line":124,"column":3}},"24":{"start":{"line":121,"column":18},"end":{"line":121,"column":82}},"25":{"start":{"line":122,"column":4},"end":{"line":122,"column":27}},"26":{"start":{"line":123,"column":4},"end":{"line":123,"column":16}},"27":{"start":{"line":128,"column":2},"end":{"line":133,"column":4}},"28":{"start":{"line":129,"column":54},"end":{"line":132,"column":5}},"29":{"start":{"line":136,"column":0},"end":{"line":140,"column":2}}},"fnMap":{"0":{"name":"calcularPrecoLiquido","decl":{"start":{"line":3,"column":9},"end":{"line":3,"column":29}},"loc":{"start":{"line":10,"column":3},"end":{"line":39,"column":1}},"line":10},"1":{"name":"calcularPrecoBrutoNecessario","decl":{"start":{"line":41,"column":9},"end":{"line":41,"column":37}},"loc":{"start":{"line":48,"column":3},"end":{"line":77,"column":1}},"line":48},"2":{"name":"calcularLucroMargem","decl":{"start":{"line":79,"column":9},"end":{"line":79,"column":28}},"loc":{"start":{"line":87,"column":3},"end":{"line":109,"column":1}},"line":87},"3":{"name":"percentual","decl":{"start":{"line":111,"column":9},"end":{"line":111,"column":19}},"loc":{"start":{"line":111,"column":33},"end":{"line":113,"column":1}},"line":111},"4":{"name":"calcularCargaTributaria","decl":{"start":{"line":115,"column":9},"end":{"line":115,"column":32}},"loc":{"start":{"line":115,"column":86},"end":{"line":117,"column":1}},"line":115},"5":{"name":"validarCargaTributaria","decl":{"start":{"line":119,"column":9},"end":{"line":119,"column":31}},"loc":{"start":{"line":119,"column":49},"end":{"line":125,"column":1}},"line":119},"6":{"name":"arredondarResultado","decl":{"start":{"line":127,"column":9},"end":{"line":127,"column":28}},"loc":{"start":{"line":127,"column":40},"end":{"line":134,"column":1}},"line":127},"7":{"name":"(anonymous_7)","decl":{"start":{"line":129,"column":34},"end":{"line":129,"column":35}},"loc":{"start":{"line":129,"column":54},"end":{"line":132,"column":5}},"line":129}},"branchMap":{"0":{"loc":{"start":{"line":5,"column":2},"end":{"line":5,"column":16}},"type":"default-arg","locations":[{"start":{"line":5,"column":15},"end":{"line":5,"column":16}}],"line":5},"1":{"loc":{"start":{"line":6,"column":2},"end":{"line":6,"column":20}},"type":"default-arg","locations":[{"start":{"line":6,"column":19},"end":{"line":6,"column":20}}],"line":6},"2":{"loc":{"start":{"line":7,"column":2},"end":{"line":7,"column":19}},"type":"default-arg","locations":[{"start":{"line":7,"column":18},"end":{"line":7,"column":19}}],"line":7},"3":{"loc":{"start":{"line":8,"column":2},"end":{"line":8,"column":22}},"type":"default-arg","locations":[{"start":{"line":8,"column":21},"end":{"line":8,"column":22}}],"line":8},"4":{"loc":{"start":{"line":9,"column":2},"end":{"line":9,"column":19}},"type":"default-arg","locations":[{"start":{"line":9,"column":18},"end":{"line":9,"column":19}}],"line":9},"5":{"loc":{"start":{"line":43,"column":2},"end":{"line":43,"column":16}},"type":"default-arg","locations":[{"start":{"line":43,"column":15},"end":{"line":43,"column":16}}],"line":43},"6":{"loc":{"start":{"line":44,"column":2},"end":{"line":44,"column":20}},"type":"default-arg","locations":[{"start":{"line":44,"column":19},"end":{"line":44,"column":20}}],"line":44},"7":{"loc":{"start":{"line":45,"column":2},"end":{"line":45,"column":19}},"type":"default-arg","locations":[{"start":{"line":45,"column":18},"end":{"line":45,"column":19}}],"line":45},"8":{"loc":{"start":{"line":46,"column":2},"end":{"line":46,"column":22}},"type":"default-arg","locations":[{"start":{"line":46,"column":21},"end":{"line":46,"column":22}}],"line":46},"9":{"loc":{"start":{"line":47,"column":2},"end":{"line":47,"column":19}},"type":"default-arg","locations":[{"start":{"line":47,"column":18},"end":{"line":47,"column":19}}],"line":47},"10":{"loc":{"start":{"line":82,"column":2},"end":{"line":82,"column":16}},"type":"default-arg","locations":[{"start":{"line":82,"column":15},"end":{"line":82,"column":16}}],"line":82},"11":{"loc":{"start":{"line":83,"column":2},"end":{"line":83,"column":20}},"type":"default-arg","locations":[{"start":{"line":83,"column":19},"end":{"line":83,"column":20}}],"line":83},"12":{"loc":{"start":{"line":84,"column":2},"end":{"line":84,"column":19}},"type":"default-arg","locations":[{"start":{"line":84,"column":18},"end":{"line":84,"column":19}}],"line":84},"13":{"loc":{"start":{"line":85,"column":2},"end":{"line":85,"column":22}},"type":"default-arg","locations":[{"start":{"line":85,"column":21},"end":{"line":85,"column":22}}],"line":85},"14":{"loc":{"start":{"line":86,"column":2},"end":{"line":86,"column":19}},"type":"default-arg","locations":[{"start":{"line":86,"column":18},"end":{"line":86,"column":19}}],"line":86},"15":{"loc":{"start":{"line":98,"column":27},"end":{"line":98,"column":92}},"type":"cond-expr","locations":[{"start":{"line":98,"column":54},"end":{"line":98,"column":55}},{"start":{"line":98,"column":58},"end":{"line":98,"column":92}}],"line":98},"16":{"loc":{"start":{"line":99,"column":27},"end":{"line":99,"column":76}},"type":"cond-expr","locations":[{"start":{"line":99,"column":46},"end":{"line":99,"column":47}},{"start":{"line":99,"column":50},"end":{"line":99,"column":76}}],"line":99},"17":{"loc":{"start":{"line":120,"column":2},"end":{"line":124,"column":3}},"type":"if","locations":[{"start":{"line":120,"column":2},"end":{"line":124,"column":3}},{"start":{},"end":{}}],"line":120},"18":{"loc":{"start":{"line":131,"column":6},"end":{"line":131,"column":79}},"type":"cond-expr","locations":[{"start":{"line":131,"column":34},"end":{"line":131,"column":71}},{"start":{"line":131,"column":74},"end":{"line":131,"column":79}}],"line":131}},"s":{"0":7,"1":1,"2":1,"3":1,"4":1,"5":1,"6":1,"7":1,"8":0,"9":0,"10":0,"11":0,"12":0,"13":0,"14":0,"15":0,"16":0,"17":0,"18":0,"19":0,"20":0,"21":1,"22":1,"23":1,"24":0,"25":0,"26":0,"27":1,"28":13,"29":7},"f":{"0":1,"1":0,"2":0,"3":1,"4":1,"5":1,"6":1,"7":13},"b":{"0":[0],"1":[0],"2":[0],"3":[0],"4":[0],"5":[0],"6":[0],"7":[0],"8":[0],"9":[0],"10":[0],"11":[0],"12":[0],"13":[0],"14":[0],"15":[0,0],"16":[0,0],"17":[0,1],"18":[13,0]},"_coverageSchema":"1a1c01bbd47fc00a2c39e90264f33305004495a9","hash":"39e6b93808d2f93cf62885cfa680bc5d76d666ac"}
,"/home/lucas/Documents/semestre5/GCEIC26/api/src/equipe-14/validation.js": {"path":"/home/lucas/Documents/semestre5/GCEIC26/api/src/equipe-14/validation.js","statementMap":{"0":{"start":{"line":2,"column":2},"end":{"line":6,"column":3}},"1":{"start":{"line":3,"column":18},"end":{"line":3,"column":65}},"2":{"start":{"line":4,"column":4},"end":{"line":4,"column":27}},"3":{"start":{"line":5,"column":4},"end":{"line":5,"column":16}},"4":{"start":{"line":8,"column":17},"end":{"line":8,"column":30}},"5":{"start":{"line":10,"column":2},"end":{"line":14,"column":3}},"6":{"start":{"line":11,"column":18},"end":{"line":11,"column":63}},"7":{"start":{"line":12,"column":4},"end":{"line":12,"column":27}},"8":{"start":{"line":13,"column":4},"end":{"line":13,"column":16}},"9":{"start":{"line":16,"column":2},"end":{"line":20,"column":3}},"10":{"start":{"line":17,"column":18},"end":{"line":17,"column":67}},"11":{"start":{"line":18,"column":4},"end":{"line":18,"column":27}},"12":{"start":{"line":19,"column":4},"end":{"line":19,"column":16}},"13":{"start":{"line":22,"column":2},"end":{"line":26,"column":3}},"14":{"start":{"line":23,"column":18},"end":{"line":23,"column":78}},"15":{"start":{"line":24,"column":4},"end":{"line":24,"column":27}},"16":{"start":{"line":25,"column":4},"end":{"line":25,"column":16}},"17":{"start":{"line":28,"column":2},"end":{"line":32,"column":3}},"18":{"start":{"line":29,"column":18},"end":{"line":29,"column":65}},"19":{"start":{"line":30,"column":4},"end":{"line":30,"column":27}},"20":{"start":{"line":31,"column":4},"end":{"line":31,"column":16}},"21":{"start":{"line":34,"column":2},"end":{"line":34,"column":16}},"22":{"start":{"line":37,"column":0},"end":{"line":37,"column":35}}},"fnMap":{"0":{"name":"validarNumero","decl":{"start":{"line":1,"column":9},"end":{"line":1,"column":22}},"loc":{"start":{"line":1,"column":74},"end":{"line":35,"column":1}},"line":1}},"branchMap":{"0":{"loc":{"start":{"line":1,"column":36},"end":{"line":1,"column":72}},"type":"default-arg","locations":[{"start":{"line":1,"column":70},"end":{"line":1,"column":72}}],"line":1},"1":{"loc":{"start":{"line":1,"column":38},"end":{"line":1,"column":57}},"type":"default-arg","locations":[{"start":{"line":1,"column":52},"end":{"line":1,"column":57}}],"line":1},"2":{"loc":{"start":{"line":2,"column":2},"end":{"line":6,"column":3}},"type":"if","locations":[{"start":{"line":2,"column":2},"end":{"line":6,"column":3}},{"start":{},"end":{}}],"line":2},"3":{"loc":{"start":{"line":2,"column":6},"end":{"line":2,"column":76}},"type":"binary-expr","locations":[{"start":{"line":2,"column":6},"end":{"line":2,"column":17}},{"start":{"line":2,"column":22},"end":{"line":2,"column":41}},{"start":{"line":2,"column":45},"end":{"line":2,"column":59}},{"start":{"line":2,"column":63},"end":{"line":2,"column":75}}],"line":2},"4":{"loc":{"start":{"line":10,"column":2},"end":{"line":14,"column":3}},"type":"if","locations":[{"start":{"line":10,"column":2},"end":{"line":14,"column":3}},{"start":{},"end":{}}],"line":10},"5":{"loc":{"start":{"line":16,"column":2},"end":{"line":20,"column":3}},"type":"if","locations":[{"start":{"line":16,"column":2},"end":{"line":20,"column":3}},{"start":{},"end":{}}],"line":16},"6":{"loc":{"start":{"line":22,"column":2},"end":{"line":26,"column":3}},"type":"if","locations":[{"start":{"line":22,"column":2},"end":{"line":26,"column":3}},{"start":{},"end":{}}],"line":22},"7":{"loc":{"start":{"line":22,"column":6},"end":{"line":22,"column":51}},"type":"binary-expr","locations":[{"start":{"line":22,"column":6},"end":{"line":22,"column":32}},{"start":{"line":22,"column":36},"end":{"line":22,"column":51}}],"line":22},"8":{"loc":{"start":{"line":28,"column":2},"end":{"line":32,"column":3}},"type":"if","locations":[{"start":{"line":28,"column":2},"end":{"line":32,"column":3}},{"start":{},"end":{}}],"line":28},"9":{"loc":{"start":{"line":28,"column":6},"end":{"line":28,"column":42}},"type":"binary-expr","locations":[{"start":{"line":28,"column":6},"end":{"line":28,"column":27}},{"start":{"line":28,"column":31},"end":{"line":28,"column":42}}],"line":28}},"s":{"0":9,"1":0,"2":0,"3":0,"4":9,"5":9,"6":0,"7":0,"8":0,"9":9,"10":0,"11":0,"12":0,"13":9,"14":1,"15":1,"16":1,"17":8,"18":0,"19":0,"20":0,"21":8,"22":7},"f":{"0":9},"b":{"0":[0],"1":[0],"2":[0,9],"3":[9,2,2,2],"4":[0,9],"5":[0,9],"6":[1,8],"7":[9,5],"8":[0,8],"9":[8,2]},"_coverageSchema":"1a1c01bbd47fc00a2c39e90264f33305004495a9","hash":"fe26dacfe610bef6eea00ff07d7525f0f236eb95"}
,"/home/lucas/Documents/semestre5/GCEIC26/api/src/equipe-15/freteRoutes.js": {"path":"/home/lucas/Documents/semestre5/GCEIC26/api/src/equipe-15/freteRoutes.js","statementMap":{"0":{"start":{"line":1,"column":19},"end":{"line":1,"column":37}},"1":{"start":{"line":2,"column":75},"end":{"line":2,"column":100}},"2":{"start":{"line":4,"column":20},"end":{"line":4,"column":28}},"3":{"start":{"line":11,"column":2},"end":{"line":23,"column":4}},"4":{"start":{"line":12,"column":4},"end":{"line":21,"column":5}},"5":{"start":{"line":13,"column":20},"end":{"line":13,"column":35}},"6":{"start":{"line":14,"column":6},"end":{"line":16,"column":7}},"7":{"start":{"line":15,"column":8},"end":{"line":15,"column":95}},"8":{"start":{"line":17,"column":18},"end":{"line":17,"column":31}},"9":{"start":{"line":18,"column":6},"end":{"line":20,"column":7}},"10":{"start":{"line":19,"column":8},"end":{"line":19,"column":110}},"11":{"start":{"line":22,"column":4},"end":{"line":22,"column":11}},"12":{"start":{"line":27,"column":23},"end":{"line":27,"column":58}},"13":{"start":{"line":28,"column":19},"end":{"line":28,"column":27}},"14":{"start":{"line":29,"column":2},"end":{"line":31,"column":3}},"15":{"start":{"line":30,"column":4},"end":{"line":30,"column":87}},"16":{"start":{"line":32,"column":2},"end":{"line":34,"column":3}},"17":{"start":{"line":33,"column":4},"end":{"line":33,"column":110}},"18":{"start":{"line":35,"column":2},"end":{"line":35,"column":9}},"19":{"start":{"line":39,"column":30},"end":{"line":39,"column":38}},"20":{"start":{"line":40,"column":2},"end":{"line":42,"column":3}},"21":{"start":{"line":41,"column":4},"end":{"line":41,"column":89}},"22":{"start":{"line":43,"column":2},"end":{"line":45,"column":3}},"23":{"start":{"line":44,"column":4},"end":{"line":44,"column":90}},"24":{"start":{"line":46,"column":2},"end":{"line":48,"column":3}},"25":{"start":{"line":47,"column":4},"end":{"line":47,"column":99}},"26":{"start":{"line":49,"column":2},"end":{"line":49,"column":9}},"27":{"start":{"line":55,"column":0},"end":{"line":57,"column":3}},"28":{"start":{"line":56,"column":2},"end":{"line":56,"column":57}},"29":{"start":{"line":62,"column":0},"end":{"line":78,"column":2}},"30":{"start":{"line":67,"column":4},"end":{"line":76,"column":5}},"31":{"start":{"line":68,"column":20},"end":{"line":72,"column":8}},"32":{"start":{"line":73,"column":6},"end":{"line":73,"column":53}},"33":{"start":{"line":75,"column":6},"end":{"line":75,"column":66}},"34":{"start":{"line":84,"column":0},"end":{"line":98,"column":2}},"35":{"start":{"line":88,"column":4},"end":{"line":96,"column":5}},"36":{"start":{"line":89,"column":20},"end":{"line":92,"column":8}},"37":{"start":{"line":93,"column":6},"end":{"line":93,"column":53}},"38":{"start":{"line":95,"column":6},"end":{"line":95,"column":66}},"39":{"start":{"line":100,"column":0},"end":{"line":103,"column":3}},"40":{"start":{"line":101,"column":16},"end":{"line":101,"column":31}},"41":{"start":{"line":102,"column":2},"end":{"line":102,"column":49}},"42":{"start":{"line":108,"column":0},"end":{"line":123,"column":2}},"43":{"start":{"line":113,"column":4},"end":{"line":121,"column":5}},"44":{"start":{"line":114,"column":20},"end":{"line":117,"column":8}},"45":{"start":{"line":118,"column":6},"end":{"line":118,"column":53}},"46":{"start":{"line":120,"column":6},"end":{"line":120,"column":66}},"47":{"start":{"line":125,"column":0},"end":{"line":125,"column":29}}},"fnMap":{"0":{"name":"validarNumeroPositivo","decl":{"start":{"line":10,"column":9},"end":{"line":10,"column":30}},"loc":{"start":{"line":10,"column":39},"end":{"line":24,"column":1}},"line":10},"1":{"name":"(anonymous_1)","decl":{"start":{"line":11,"column":9},"end":{"line":11,"column":10}},"loc":{"start":{"line":11,"column":29},"end":{"line":23,"column":3}},"line":11},"2":{"name":"validarTipoEntrega","decl":{"start":{"line":26,"column":9},"end":{"line":26,"column":27}},"loc":{"start":{"line":26,"column":44},"end":{"line":36,"column":1}},"line":26},"3":{"name":"validarCidades","decl":{"start":{"line":38,"column":9},"end":{"line":38,"column":23}},"loc":{"start":{"line":38,"column":40},"end":{"line":50,"column":1}},"line":38},"4":{"name":"(anonymous_4)","decl":{"start":{"line":55,"column":27},"end":{"line":55,"column":28}},"loc":{"start":{"line":55,"column":42},"end":{"line":57,"column":1}},"line":55},"5":{"name":"(anonymous_5)","decl":{"start":{"line":66,"column":2},"end":{"line":66,"column":3}},"loc":{"start":{"line":66,"column":16},"end":{"line":77,"column":3}},"line":66},"6":{"name":"(anonymous_6)","decl":{"start":{"line":87,"column":2},"end":{"line":87,"column":3}},"loc":{"start":{"line":87,"column":16},"end":{"line":97,"column":3}},"line":87},"7":{"name":"(anonymous_7)","decl":{"start":{"line":100,"column":44},"end":{"line":100,"column":45}},"loc":{"start":{"line":100,"column":59},"end":{"line":103,"column":1}},"line":100},"8":{"name":"(anonymous_8)","decl":{"start":{"line":112,"column":2},"end":{"line":112,"column":3}},"loc":{"start":{"line":112,"column":16},"end":{"line":122,"column":3}},"line":112}},"branchMap":{"0":{"loc":{"start":{"line":14,"column":6},"end":{"line":16,"column":7}},"type":"if","locations":[{"start":{"line":14,"column":6},"end":{"line":16,"column":7}},{"start":{},"end":{}}],"line":14},"1":{"loc":{"start":{"line":14,"column":10},"end":{"line":14,"column":63}},"type":"binary-expr","locations":[{"start":{"line":14,"column":10},"end":{"line":14,"column":29}},{"start":{"line":14,"column":33},"end":{"line":14,"column":47}},{"start":{"line":14,"column":51},"end":{"line":14,"column":63}}],"line":14},"2":{"loc":{"start":{"line":18,"column":6},"end":{"line":20,"column":7}},"type":"if","locations":[{"start":{"line":18,"column":6},"end":{"line":20,"column":7}},{"start":{},"end":{}}],"line":18},"3":{"loc":{"start":{"line":18,"column":10},"end":{"line":18,"column":32}},"type":"binary-expr","locations":[{"start":{"line":18,"column":10},"end":{"line":18,"column":20}},{"start":{"line":18,"column":24},"end":{"line":18,"column":32}}],"line":18},"4":{"loc":{"start":{"line":29,"column":2},"end":{"line":31,"column":3}},"type":"if","locations":[{"start":{"line":29,"column":2},"end":{"line":31,"column":3}},{"start":{},"end":{}}],"line":29},"5":{"loc":{"start":{"line":32,"column":2},"end":{"line":34,"column":3}},"type":"if","locations":[{"start":{"line":32,"column":2},"end":{"line":34,"column":3}},{"start":{},"end":{}}],"line":32},"6":{"loc":{"start":{"line":40,"column":2},"end":{"line":42,"column":3}},"type":"if","locations":[{"start":{"line":40,"column":2},"end":{"line":42,"column":3}},{"start":{},"end":{}}],"line":40},"7":{"loc":{"start":{"line":40,"column":6},"end":{"line":40,"column":45}},"type":"binary-expr","locations":[{"start":{"line":40,"column":6},"end":{"line":40,"column":13}},{"start":{"line":40,"column":17},"end":{"line":40,"column":45}}],"line":40},"8":{"loc":{"start":{"line":43,"column":2},"end":{"line":45,"column":3}},"type":"if","locations":[{"start":{"line":43,"column":2},"end":{"line":45,"column":3}},{"start":{},"end":{}}],"line":43},"9":{"loc":{"start":{"line":43,"column":6},"end":{"line":43,"column":47}},"type":"binary-expr","locations":[{"start":{"line":43,"column":6},"end":{"line":43,"column":14}},{"start":{"line":43,"column":18},"end":{"line":43,"column":47}}],"line":43},"10":{"loc":{"start":{"line":46,"column":2},"end":{"line":48,"column":3}},"type":"if","locations":[{"start":{"line":46,"column":2},"end":{"line":48,"column":3}},{"start":{},"end":{}}],"line":46},"11":{"loc":{"start":{"line":90,"column":24},"end":{"line":90,"column":45}},"type":"binary-expr","locations":[{"start":{"line":90,"column":24},"end":{"line":90,"column":39}},{"start":{"line":90,"column":43},"end":{"line":90,"column":45}}],"line":90},"12":{"loc":{"start":{"line":91,"column":24},"end":{"line":91,"column":46}},"type":"binary-expr","locations":[{"start":{"line":91,"column":24},"end":{"line":91,"column":40}},{"start":{"line":91,"column":44},"end":{"line":91,"column":46}}],"line":91}},"s":{"0":7,"1":7,"2":7,"3":14,"4":8,"5":11,"6":11,"7":2,"8":9,"9":9,"10":1,"11":5,"12":10,"13":10,"14":10,"15":0,"16":10,"17":2,"18":8,"19":5,"20":5,"21":1,"22":4,"23":0,"24":4,"25":1,"26":3,"27":7,"28":1,"29":7,"30":3,"31":3,"32":3,"33":0,"34":7,"35":3,"36":3,"37":2,"38":1,"39":7,"40":1,"41":1,"42":7,"43":2,"44":2,"45":2,"46":0,"47":7},"f":{"0":14,"1":8,"2":10,"3":5,"4":1,"5":3,"6":3,"7":1,"8":2},"b":{"0":[2,9],"1":[11,9,9],"2":[1,8],"3":[9,9],"4":[0,10],"5":[2,8],"6":[1,4],"7":[5,4],"8":[0,4],"9":[4,4],"10":[1,3],"11":[3,0],"12":[3,0]},"_coverageSchema":"1a1c01bbd47fc00a2c39e90264f33305004495a9","hash":"3c3673dadc1f468db2276e33d0cfb81de233b443"}
,"/home/lucas/Documents/semestre5/GCEIC26/api/src/equipe-15/freteService.js": {"path":"/home/lucas/Documents/semestre5/GCEIC26/api/src/equipe-15/freteService.js","statementMap":{"0":{"start":{"line":4,"column":22},"end":{"line":4,"column":26}},"1":{"start":{"line":5,"column":22},"end":{"line":5,"column":26}},"2":{"start":{"line":7,"column":20},"end":{"line":11,"column":1}},"3":{"start":{"line":14,"column":19},"end":{"line":25,"column":1}},"4":{"start":{"line":31,"column":2},"end":{"line":31,"column":70}},"5":{"start":{"line":31,"column":22},"end":{"line":31,"column":70}},"6":{"start":{"line":32,"column":2},"end":{"line":32,"column":75}},"7":{"start":{"line":32,"column":22},"end":{"line":32,"column":75}},"8":{"start":{"line":34,"column":17},"end":{"line":34,"column":34}},"9":{"start":{"line":35,"column":2},"end":{"line":35,"column":57}},"10":{"start":{"line":35,"column":15},"end":{"line":35,"column":57}},"11":{"start":{"line":37,"column":25},"end":{"line":37,"column":70}},"12":{"start":{"line":38,"column":25},"end":{"line":38,"column":75}},"13":{"start":{"line":39,"column":25},"end":{"line":39,"column":76}},"14":{"start":{"line":40,"column":25},"end":{"line":40,"column":82}},"15":{"start":{"line":42,"column":2},"end":{"line":52,"column":4}},"16":{"start":{"line":59,"column":2},"end":{"line":59,"column":80}},"17":{"start":{"line":59,"column":27},"end":{"line":59,"column":80}},"18":{"start":{"line":60,"column":2},"end":{"line":60,"column":84}},"19":{"start":{"line":60,"column":27},"end":{"line":60,"column":84}},"20":{"start":{"line":63,"column":4},"end":{"line":65,"column":8}},"21":{"start":{"line":67,"column":2},"end":{"line":69,"column":3}},"22":{"start":{"line":68,"column":4},"end":{"line":68,"column":67}},"23":{"start":{"line":71,"column":25},"end":{"line":71,"column":77}},"24":{"start":{"line":76,"column":2},"end":{"line":88,"column":3}},"25":{"start":{"line":77,"column":4},"end":{"line":77,"column":29}},"26":{"start":{"line":78,"column":4},"end":{"line":78,"column":50}},"27":{"start":{"line":79,"column":9},"end":{"line":88,"column":3}},"28":{"start":{"line":80,"column":4},"end":{"line":80,"column":32}},"29":{"start":{"line":81,"column":4},"end":{"line":81,"column":55}},"30":{"start":{"line":82,"column":9},"end":{"line":88,"column":3}},"31":{"start":{"line":83,"column":4},"end":{"line":83,"column":37}},"32":{"start":{"line":84,"column":4},"end":{"line":84,"column":61}},"33":{"start":{"line":86,"column":4},"end":{"line":86,"column":39}},"34":{"start":{"line":87,"column":4},"end":{"line":87,"column":58}},"35":{"start":{"line":90,"column":2},"end":{"line":90,"column":87}},"36":{"start":{"line":94,"column":2},"end":{"line":94,"column":40}},"37":{"start":{"line":101,"column":2},"end":{"line":101,"column":77}},"38":{"start":{"line":101,"column":24},"end":{"line":101,"column":77}},"39":{"start":{"line":103,"column":17},"end":{"line":103,"column":34}},"40":{"start":{"line":104,"column":2},"end":{"line":104,"column":57}},"41":{"start":{"line":104,"column":15},"end":{"line":104,"column":57}},"42":{"start":{"line":106,"column":23},"end":{"line":106,"column":84}},"43":{"start":{"line":107,"column":23},"end":{"line":107,"column":46}},"44":{"start":{"line":108,"column":23},"end":{"line":108,"column":46}},"45":{"start":{"line":109,"column":23},"end":{"line":109,"column":69}},"46":{"start":{"line":110,"column":23},"end":{"line":110,"column":53}},"47":{"start":{"line":112,"column":2},"end":{"line":112,"column":87}},"48":{"start":{"line":116,"column":15},"end":{"line":116,"column":25}},"49":{"start":{"line":117,"column":17},"end":{"line":117,"column":18}},"50":{"start":{"line":118,"column":2},"end":{"line":122,"column":3}},"51":{"start":{"line":119,"column":4},"end":{"line":119,"column":37}},"52":{"start":{"line":120,"column":22},"end":{"line":120,"column":35}},"53":{"start":{"line":121,"column":4},"end":{"line":121,"column":55}},"54":{"start":{"line":121,"column":44},"end":{"line":121,"column":55}},"55":{"start":{"line":123,"column":2},"end":{"line":123,"column":42}},"56":{"start":{"line":126,"column":0},"end":{"line":126,"column":84}}},"fnMap":{"0":{"name":"calcularFrete","decl":{"start":{"line":30,"column":9},"end":{"line":30,"column":22}},"loc":{"start":{"line":30,"column":50},"end":{"line":53,"column":1}},"line":30},"1":{"name":"calcularDistancia","decl":{"start":{"line":58,"column":9},"end":{"line":58,"column":26}},"loc":{"start":{"line":58,"column":48},"end":{"line":91,"column":1}},"line":58},"2":{"name":"listarCidades","decl":{"start":{"line":93,"column":9},"end":{"line":93,"column":22}},"loc":{"start":{"line":93,"column":25},"end":{"line":95,"column":1}},"line":93},"3":{"name":"calcularPrazo","decl":{"start":{"line":100,"column":9},"end":{"line":100,"column":22}},"loc":{"start":{"line":100,"column":46},"end":{"line":113,"column":1}},"line":100},"4":{"name":"calcularDataUtil","decl":{"start":{"line":115,"column":9},"end":{"line":115,"column":25}},"loc":{"start":{"line":115,"column":37},"end":{"line":124,"column":1}},"line":115}},"branchMap":{"0":{"loc":{"start":{"line":31,"column":2},"end":{"line":31,"column":70}},"type":"if","locations":[{"start":{"line":31,"column":2},"end":{"line":31,"column":70}},{"start":{},"end":{}}],"line":31},"1":{"loc":{"start":{"line":32,"column":2},"end":{"line":32,"column":75}},"type":"if","locations":[{"start":{"line":32,"column":2},"end":{"line":32,"column":75}},{"start":{},"end":{}}],"line":32},"2":{"loc":{"start":{"line":35,"column":2},"end":{"line":35,"column":57}},"type":"if","locations":[{"start":{"line":35,"column":2},"end":{"line":35,"column":57}},{"start":{},"end":{}}],"line":35},"3":{"loc":{"start":{"line":59,"column":2},"end":{"line":59,"column":80}},"type":"if","locations":[{"start":{"line":59,"column":2},"end":{"line":59,"column":80}},{"start":{},"end":{}}],"line":59},"4":{"loc":{"start":{"line":59,"column":6},"end":{"line":59,"column":25}},"type":"binary-expr","locations":[{"start":{"line":59,"column":6},"end":{"line":59,"column":13}},{"start":{"line":59,"column":17},"end":{"line":59,"column":25}}],"line":59},"5":{"loc":{"start":{"line":60,"column":2},"end":{"line":60,"column":84}},"type":"if","locations":[{"start":{"line":60,"column":2},"end":{"line":60,"column":84}},{"start":{},"end":{}}],"line":60},"6":{"loc":{"start":{"line":63,"column":4},"end":{"line":65,"column":8}},"type":"binary-expr","locations":[{"start":{"line":63,"column":5},"end":{"line":63,"column":23}},{"start":{"line":63,"column":27},"end":{"line":63,"column":54}},{"start":{"line":64,"column":5},"end":{"line":64,"column":24}},{"start":{"line":64,"column":28},"end":{"line":64,"column":55}},{"start":{"line":65,"column":4},"end":{"line":65,"column":8}}],"line":63},"7":{"loc":{"start":{"line":67,"column":2},"end":{"line":69,"column":3}},"type":"if","locations":[{"start":{"line":67,"column":2},"end":{"line":69,"column":3}},{"start":{},"end":{}}],"line":67},"8":{"loc":{"start":{"line":76,"column":2},"end":{"line":88,"column":3}},"type":"if","locations":[{"start":{"line":76,"column":2},"end":{"line":88,"column":3}},{"start":{"line":79,"column":9},"end":{"line":88,"column":3}}],"line":76},"9":{"loc":{"start":{"line":79,"column":9},"end":{"line":88,"column":3}},"type":"if","locations":[{"start":{"line":79,"column":9},"end":{"line":88,"column":3}},{"start":{"line":82,"column":9},"end":{"line":88,"column":3}}],"line":79},"10":{"loc":{"start":{"line":82,"column":9},"end":{"line":88,"column":3}},"type":"if","locations":[{"start":{"line":82,"column":9},"end":{"line":88,"column":3}},{"start":{"line":85,"column":9},"end":{"line":88,"column":3}}],"line":82},"11":{"loc":{"start":{"line":101,"column":2},"end":{"line":101,"column":77}},"type":"if","locations":[{"start":{"line":101,"column":2},"end":{"line":101,"column":77}},{"start":{},"end":{}}],"line":101},"12":{"loc":{"start":{"line":104,"column":2},"end":{"line":104,"column":57}},"type":"if","locations":[{"start":{"line":104,"column":2},"end":{"line":104,"column":57}},{"start":{},"end":{}}],"line":104},"13":{"loc":{"start":{"line":121,"column":4},"end":{"line":121,"column":55}},"type":"if","locations":[{"start":{"line":121,"column":4},"end":{"line":121,"column":55}},{"start":{},"end":{}}],"line":121},"14":{"loc":{"start":{"line":121,"column":8},"end":{"line":121,"column":42}},"type":"binary-expr","locations":[{"start":{"line":121,"column":8},"end":{"line":121,"column":23}},{"start":{"line":121,"column":27},"end":{"line":121,"column":42}}],"line":121}},"s":{"0":7,"1":7,"2":7,"3":7,"4":3,"5":0,"6":3,"7":0,"8":3,"9":3,"10":0,"11":3,"12":3,"13":3,"14":3,"15":3,"16":3,"17":0,"18":3,"19":0,"20":3,"21":3,"22":1,"23":2,"24":2,"25":0,"26":0,"27":2,"28":2,"29":2,"30":0,"31":0,"32":0,"33":0,"34":0,"35":2,"36":1,"37":2,"38":0,"39":2,"40":2,"41":0,"42":2,"43":2,"44":2,"45":2,"46":2,"47":2,"48":2,"49":2,"50":2,"51":9,"52":9,"53":9,"54":7,"55":2,"56":7},"f":{"0":3,"1":3,"2":1,"3":2,"4":2},"b":{"0":[0,3],"1":[0,3],"2":[0,3],"3":[0,3],"4":[3,3],"5":[0,3],"6":[3,3,1,0,1],"7":[1,2],"8":[0,2],"9":[2,0],"10":[0,0],"11":[0,2],"12":[0,2],"13":[7,2],"14":[9,8]},"_coverageSchema":"1a1c01bbd47fc00a2c39e90264f33305004495a9","hash":"630bb04ba2d06bc9e03047054d5f78fd6b0b7cbd"}
,"/home/lucas/Documents/semestre5/GCEIC26/api/src/equipe-16/funcoes.js": {"path":"/home/lucas/Documents/semestre5/GCEIC26/api/src/equipe-16/funcoes.js","statementMap":{"0":{"start":{"line":1,"column":15},"end":{"line":10,"column":1}},"1":{"start":{"line":13,"column":16},"end":{"line":13,"column":36}},"2":{"start":{"line":15,"column":2},"end":{"line":17,"column":3}},"3":{"start":{"line":16,"column":4},"end":{"line":16,"column":60}},"4":{"start":{"line":19,"column":2},"end":{"line":19,"column":15}},"5":{"start":{"line":23,"column":16},"end":{"line":23,"column":39}},"6":{"start":{"line":25,"column":2},"end":{"line":27,"column":3}},"7":{"start":{"line":26,"column":4},"end":{"line":26,"column":60}},"8":{"start":{"line":29,"column":2},"end":{"line":29,"column":21}},"9":{"start":{"line":33,"column":2},"end":{"line":35,"column":3}},"10":{"start":{"line":34,"column":4},"end":{"line":34,"column":56}},"11":{"start":{"line":37,"column":23},"end":{"line":37,"column":55}},"12":{"start":{"line":39,"column":2},"end":{"line":41,"column":3}},"13":{"start":{"line":40,"column":4},"end":{"line":40,"column":64}},"14":{"start":{"line":43,"column":24},"end":{"line":43,"column":61}},"15":{"start":{"line":44,"column":28},"end":{"line":44,"column":69}},"16":{"start":{"line":45,"column":19},"end":{"line":45,"column":51}},"17":{"start":{"line":46,"column":22},"end":{"line":46,"column":57}},"18":{"start":{"line":47,"column":26},"end":{"line":49,"column":16}},"19":{"start":{"line":51,"column":2},"end":{"line":53,"column":3}},"20":{"start":{"line":52,"column":4},"end":{"line":52,"column":70}},"21":{"start":{"line":55,"column":21},"end":{"line":55,"column":57}},"22":{"start":{"line":57,"column":2},"end":{"line":67,"column":4}},"23":{"start":{"line":71,"column":2},"end":{"line":71,"column":31}},"24":{"start":{"line":74,"column":0},"end":{"line":78,"column":2}}},"fnMap":{"0":{"name":"lerNumero","decl":{"start":{"line":12,"column":9},"end":{"line":12,"column":18}},"loc":{"start":{"line":12,"column":33},"end":{"line":20,"column":1}},"line":12},"1":{"name":"lerPercentual","decl":{"start":{"line":22,"column":9},"end":{"line":22,"column":22}},"loc":{"start":{"line":22,"column":37},"end":{"line":30,"column":1}},"line":22},"2":{"name":"calcularMarkup","decl":{"start":{"line":32,"column":9},"end":{"line":32,"column":23}},"loc":{"start":{"line":32,"column":31},"end":{"line":68,"column":1}},"line":32},"3":{"name":"calcular","decl":{"start":{"line":70,"column":9},"end":{"line":70,"column":17}},"loc":{"start":{"line":70,"column":25},"end":{"line":72,"column":1}},"line":70}},"branchMap":{"0":{"loc":{"start":{"line":15,"column":2},"end":{"line":17,"column":3}},"type":"if","locations":[{"start":{"line":15,"column":2},"end":{"line":17,"column":3}},{"start":{},"end":{}}],"line":15},"1":{"loc":{"start":{"line":25,"column":2},"end":{"line":27,"column":3}},"type":"if","locations":[{"start":{"line":25,"column":2},"end":{"line":27,"column":3}},{"start":{},"end":{}}],"line":25},"2":{"loc":{"start":{"line":33,"column":2},"end":{"line":35,"column":3}},"type":"if","locations":[{"start":{"line":33,"column":2},"end":{"line":35,"column":3}},{"start":{},"end":{}}],"line":33},"3":{"loc":{"start":{"line":33,"column":6},"end":{"line":33,"column":41}},"type":"binary-expr","locations":[{"start":{"line":33,"column":6},"end":{"line":33,"column":12}},{"start":{"line":33,"column":16},"end":{"line":33,"column":41}}],"line":33},"4":{"loc":{"start":{"line":39,"column":2},"end":{"line":41,"column":3}},"type":"if","locations":[{"start":{"line":39,"column":2},"end":{"line":41,"column":3}},{"start":{},"end":{}}],"line":39},"5":{"loc":{"start":{"line":51,"column":2},"end":{"line":53,"column":3}},"type":"if","locations":[{"start":{"line":51,"column":2},"end":{"line":53,"column":3}},{"start":{},"end":{}}],"line":51}},"s":{"0":2,"1":23,"2":23,"3":0,"4":23,"5":17,"6":17,"7":1,"8":16,"9":6,"10":0,"11":6,"12":6,"13":1,"14":5,"15":4,"16":4,"17":4,"18":4,"19":4,"20":2,"21":2,"22":2,"23":2,"24":2},"f":{"0":23,"1":17,"2":6,"3":2},"b":{"0":[0,23],"1":[1,16],"2":[0,6],"3":[6,6],"4":[1,5],"5":[2,2]},"_coverageSchema":"1a1c01bbd47fc00a2c39e90264f33305004495a9","hash":"38bc2e688ab46aaa2614353e98e99992c4b43547"}
,"/home/lucas/Documents/semestre5/GCEIC26/api/src/equipe-17/funcoes.js": {"path":"/home/lucas/Documents/semestre5/GCEIC26/api/src/equipe-17/funcoes.js","statementMap":{"0":{"start":{"line":1,"column":24},"end":{"line":62,"column":1}},"1":{"start":{"line":65,"column":16},"end":{"line":66,"column":55}},"2":{"start":{"line":67,"column":13},"end":{"line":67,"column":14}},"3":{"start":{"line":68,"column":2},"end":{"line":68,"column":78}},"4":{"start":{"line":68,"column":15},"end":{"line":68,"column":16}},"5":{"start":{"line":68,"column":31},"end":{"line":68,"column":78}},"6":{"start":{"line":69,"column":16},"end":{"line":69,"column":25}},"7":{"start":{"line":70,"column":2},"end":{"line":70,"column":36}},"8":{"start":{"line":74,"column":12},"end":{"line":74,"column":44}},"9":{"start":{"line":75,"column":2},"end":{"line":75,"column":99}},"10":{"start":{"line":75,"column":23},"end":{"line":75,"column":99}},"11":{"start":{"line":77,"column":17},"end":{"line":77,"column":34}},"12":{"start":{"line":78,"column":17},"end":{"line":78,"column":34}},"13":{"start":{"line":79,"column":17},"end":{"line":79,"column":35}},"14":{"start":{"line":80,"column":17},"end":{"line":80,"column":36}},"15":{"start":{"line":81,"column":17},"end":{"line":81,"column":36}},"16":{"start":{"line":82,"column":17},"end":{"line":82,"column":36}},"17":{"start":{"line":83,"column":17},"end":{"line":83,"column":36}},"18":{"start":{"line":84,"column":17},"end":{"line":84,"column":36}},"19":{"start":{"line":85,"column":17},"end":{"line":85,"column":53}},"20":{"start":{"line":87,"column":19},"end":{"line":87,"column":58}},"21":{"start":{"line":88,"column":19},"end":{"line":88,"column":47}},"22":{"start":{"line":89,"column":19},"end":{"line":89,"column":46}},"23":{"start":{"line":90,"column":19},"end":{"line":90,"column":39}},"24":{"start":{"line":91,"column":19},"end":{"line":91,"column":90}},"25":{"start":{"line":93,"column":2},"end":{"line":110,"column":4}},"26":{"start":{"line":124,"column":6},"end":{"line":124,"column":11}},"27":{"start":{"line":126,"column":2},"end":{"line":126,"column":63}},"28":{"start":{"line":126,"column":14},"end":{"line":126,"column":63}},"29":{"start":{"line":127,"column":2},"end":{"line":127,"column":85}},"30":{"start":{"line":127,"column":25},"end":{"line":127,"column":85}},"31":{"start":{"line":128,"column":2},"end":{"line":128,"column":60}},"32":{"start":{"line":128,"column":15},"end":{"line":128,"column":60}},"33":{"start":{"line":129,"column":2},"end":{"line":131,"column":3}},"34":{"start":{"line":130,"column":4},"end":{"line":130,"column":66}},"35":{"start":{"line":133,"column":15},"end":{"line":133,"column":40}},"36":{"start":{"line":135,"column":22},"end":{"line":135,"column":80}},"37":{"start":{"line":136,"column":2},"end":{"line":136,"column":68}},"38":{"start":{"line":136,"column":24},"end":{"line":136,"column":68}},"39":{"start":{"line":138,"column":22},"end":{"line":140,"column":21}},"40":{"start":{"line":142,"column":21},"end":{"line":142,"column":89}},"41":{"start":{"line":144,"column":22},"end":{"line":144,"column":93}},"42":{"start":{"line":145,"column":22},"end":{"line":145,"column":94}},"43":{"start":{"line":146,"column":22},"end":{"line":146,"column":94}},"44":{"start":{"line":147,"column":22},"end":{"line":147,"column":94}},"45":{"start":{"line":149,"column":26},"end":{"line":149,"column":103}},"46":{"start":{"line":150,"column":26},"end":{"line":150,"column":127}},"47":{"start":{"line":151,"column":26},"end":{"line":151,"column":94}},"48":{"start":{"line":153,"column":2},"end":{"line":175,"column":4}},"49":{"start":{"line":178,"column":0},"end":{"line":178,"column":82}}},"fnMap":{"0":{"name":"_calcularDV","decl":{"start":{"line":64,"column":9},"end":{"line":64,"column":20}},"loc":{"start":{"line":64,"column":30},"end":{"line":71,"column":1}},"line":64},"1":{"name":"decodificarChaveNF","decl":{"start":{"line":73,"column":9},"end":{"line":73,"column":27}},"loc":{"start":{"line":73,"column":35},"end":{"line":111,"column":1}},"line":73},"2":{"name":"calcularImpostosNFVenda","decl":{"start":{"line":113,"column":9},"end":{"line":113,"column":32}},"loc":{"start":{"line":113,"column":40},"end":{"line":176,"column":1}},"line":113}},"branchMap":{"0":{"loc":{"start":{"line":70,"column":9},"end":{"line":70,"column":35}},"type":"cond-expr","locations":[{"start":{"line":70,"column":21},"end":{"line":70,"column":22}},{"start":{"line":70,"column":25},"end":{"line":70,"column":35}}],"line":70},"1":{"loc":{"start":{"line":75,"column":2},"end":{"line":75,"column":99}},"type":"if","locations":[{"start":{"line":75,"column":2},"end":{"line":75,"column":99}},{"start":{},"end":{}}],"line":75},"2":{"loc":{"start":{"line":97,"column":21},"end":{"line":97,"column":82}},"type":"cond-expr","locations":[{"start":{"line":97,"column":30},"end":{"line":97,"column":64}},{"start":{"line":97,"column":67},"end":{"line":97,"column":82}}],"line":97},"3":{"loc":{"start":{"line":98,"column":21},"end":{"line":98,"column":49}},"type":"cond-expr","locations":[{"start":{"line":98,"column":30},"end":{"line":98,"column":42}},{"start":{"line":98,"column":45},"end":{"line":98,"column":49}}],"line":98},"4":{"loc":{"start":{"line":99,"column":21},"end":{"line":99,"column":46}},"type":"cond-expr","locations":[{"start":{"line":99,"column":30},"end":{"line":99,"column":41}},{"start":{"line":99,"column":44},"end":{"line":99,"column":46}}],"line":99},"5":{"loc":{"start":{"line":104,"column":21},"end":{"line":104,"column":68}},"type":"binary-expr","locations":[{"start":{"line":104,"column":21},"end":{"line":104,"column":49}},{"start":{"line":104,"column":53},"end":{"line":104,"column":68}}],"line":104},"6":{"loc":{"start":{"line":108,"column":21},"end":{"line":108,"column":77}},"type":"binary-expr","locations":[{"start":{"line":108,"column":21},"end":{"line":108,"column":57}},{"start":{"line":108,"column":61},"end":{"line":108,"column":77}}],"line":108},"7":{"loc":{"start":{"line":116,"column":4},"end":{"line":116,"column":25}},"type":"default-arg","locations":[{"start":{"line":116,"column":24},"end":{"line":116,"column":25}}],"line":116},"8":{"loc":{"start":{"line":117,"column":4},"end":{"line":117,"column":25}},"type":"default-arg","locations":[{"start":{"line":117,"column":24},"end":{"line":117,"column":25}}],"line":117},"9":{"loc":{"start":{"line":118,"column":4},"end":{"line":118,"column":35}},"type":"default-arg","locations":[{"start":{"line":118,"column":24},"end":{"line":118,"column":35}}],"line":118},"10":{"loc":{"start":{"line":119,"column":4},"end":{"line":119,"column":28}},"type":"default-arg","locations":[{"start":{"line":119,"column":24},"end":{"line":119,"column":28}}],"line":119},"11":{"loc":{"start":{"line":120,"column":4},"end":{"line":120,"column":25}},"type":"default-arg","locations":[{"start":{"line":120,"column":24},"end":{"line":120,"column":25}}],"line":120},"12":{"loc":{"start":{"line":121,"column":4},"end":{"line":121,"column":25}},"type":"default-arg","locations":[{"start":{"line":121,"column":24},"end":{"line":121,"column":25}}],"line":121},"13":{"loc":{"start":{"line":122,"column":4},"end":{"line":122,"column":25}},"type":"default-arg","locations":[{"start":{"line":122,"column":24},"end":{"line":122,"column":25}}],"line":122},"14":{"loc":{"start":{"line":123,"column":4},"end":{"line":123,"column":25}},"type":"default-arg","locations":[{"start":{"line":123,"column":24},"end":{"line":123,"column":25}}],"line":123},"15":{"loc":{"start":{"line":126,"column":2},"end":{"line":126,"column":63}},"type":"if","locations":[{"start":{"line":126,"column":2},"end":{"line":126,"column":63}},{"start":{},"end":{}}],"line":126},"16":{"loc":{"start":{"line":127,"column":2},"end":{"line":127,"column":85}},"type":"if","locations":[{"start":{"line":127,"column":2},"end":{"line":127,"column":85}},{"start":{},"end":{}}],"line":127},"17":{"loc":{"start":{"line":128,"column":2},"end":{"line":128,"column":60}},"type":"if","locations":[{"start":{"line":128,"column":2},"end":{"line":128,"column":60}},{"start":{},"end":{}}],"line":128},"18":{"loc":{"start":{"line":129,"column":2},"end":{"line":131,"column":3}},"type":"if","locations":[{"start":{"line":129,"column":2},"end":{"line":131,"column":3}},{"start":{},"end":{}}],"line":129},"19":{"loc":{"start":{"line":129,"column":6},"end":{"line":129,"column":68}},"type":"binary-expr","locations":[{"start":{"line":129,"column":6},"end":{"line":129,"column":15}},{"start":{"line":129,"column":19},"end":{"line":129,"column":29}},{"start":{"line":129,"column":33},"end":{"line":129,"column":51}},{"start":{"line":129,"column":55},"end":{"line":129,"column":68}}],"line":129},"20":{"loc":{"start":{"line":136,"column":2},"end":{"line":136,"column":68}},"type":"if","locations":[{"start":{"line":136,"column":2},"end":{"line":136,"column":68}},{"start":{},"end":{}}],"line":136},"21":{"loc":{"start":{"line":138,"column":22},"end":{"line":140,"column":21}},"type":"cond-expr","locations":[{"start":{"line":139,"column":6},"end":{"line":139,"column":23}},{"start":{"line":140,"column":6},"end":{"line":140,"column":21}}],"line":138},"22":{"loc":{"start":{"line":138,"column":22},"end":{"line":138,"column":74}},"type":"binary-expr","locations":[{"start":{"line":138,"column":22},"end":{"line":138,"column":48}},{"start":{"line":138,"column":52},"end":{"line":138,"column":74}}],"line":138},"23":{"loc":{"start":{"line":142,"column":21},"end":{"line":142,"column":89}},"type":"binary-expr","locations":[{"start":{"line":142,"column":21},"end":{"line":142,"column":52}},{"start":{"line":142,"column":56},"end":{"line":142,"column":89}}],"line":142}},"s":{"0":7,"1":12,"2":12,"3":12,"4":12,"5":516,"6":12,"7":12,"8":16,"9":16,"10":4,"11":12,"12":12,"13":12,"14":12,"15":12,"16":12,"17":12,"18":12,"19":12,"20":12,"21":12,"22":12,"23":12,"24":12,"25":12,"26":12,"27":12,"28":1,"29":11,"30":2,"31":9,"32":1,"33":8,"34":0,"35":8,"36":7,"37":7,"38":0,"39":7,"40":7,"41":7,"42":7,"43":7,"44":7,"45":7,"46":7,"47":7,"48":7,"49":7},"f":{"0":12,"1":16,"2":12},"b":{"0":[1,11],"1":[4,12],"2":[12,0],"3":[12,0],"4":[12,0],"5":[12,0],"6":[12,0],"7":[0],"8":[8],"9":[6],"10":[11],"11":[12],"12":[12],"13":[12],"14":[12],"15":[1,11],"16":[2,9],"17":[1,8],"18":[0,8],"19":[8,8,8,8],"20":[0,7],"21":[1,6],"22":[7,1],"23":[7,0]},"_coverageSchema":"1a1c01bbd47fc00a2c39e90264f33305004495a9","hash":"bb8b0683f502e337b4df90589ebd8d3e0e526cef"}
,"/home/lucas/Documents/semestre5/GCEIC26/api/src/equipe-17/nfvendaRoutes.js": {"path":"/home/lucas/Documents/semestre5/GCEIC26/api/src/equipe-17/nfvendaRoutes.js","statementMap":{"0":{"start":{"line":1,"column":19},"end":{"line":1,"column":37}},"1":{"start":{"line":2,"column":73},"end":{"line":2,"column":93}},"2":{"start":{"line":4,"column":22},"end":{"line":4,"column":30}},"3":{"start":{"line":6,"column":0},"end":{"line":8,"column":3}},"4":{"start":{"line":7,"column":2},"end":{"line":7,"column":53}},"5":{"start":{"line":10,"column":0},"end":{"line":19,"column":3}},"6":{"start":{"line":11,"column":2},"end":{"line":18,"column":3}},"7":{"start":{"line":12,"column":22},"end":{"line":12,"column":30}},"8":{"start":{"line":13,"column":4},"end":{"line":13,"column":104}},"9":{"start":{"line":13,"column":16},"end":{"line":13,"column":104}},"10":{"start":{"line":14,"column":17},"end":{"line":14,"column":42}},"11":{"start":{"line":15,"column":4},"end":{"line":15,"column":45}},"12":{"start":{"line":17,"column":4},"end":{"line":17,"column":72}},"13":{"start":{"line":21,"column":0},"end":{"line":28,"column":3}},"14":{"start":{"line":22,"column":2},"end":{"line":27,"column":3}},"15":{"start":{"line":23,"column":17},"end":{"line":23,"column":50}},"16":{"start":{"line":24,"column":4},"end":{"line":24,"column":45}},"17":{"start":{"line":26,"column":4},"end":{"line":26,"column":72}},"18":{"start":{"line":30,"column":0},"end":{"line":30,"column":31}}},"fnMap":{"0":{"name":"(anonymous_0)","decl":{"start":{"line":6,"column":30},"end":{"line":6,"column":31}},"loc":{"start":{"line":6,"column":45},"end":{"line":8,"column":1}},"line":6},"1":{"name":"(anonymous_1)","decl":{"start":{"line":10,"column":35},"end":{"line":10,"column":36}},"loc":{"start":{"line":10,"column":49},"end":{"line":19,"column":1}},"line":10},"2":{"name":"(anonymous_2)","decl":{"start":{"line":21,"column":32},"end":{"line":21,"column":33}},"loc":{"start":{"line":21,"column":46},"end":{"line":28,"column":1}},"line":21}},"branchMap":{"0":{"loc":{"start":{"line":13,"column":4},"end":{"line":13,"column":104}},"type":"if","locations":[{"start":{"line":13,"column":4},"end":{"line":13,"column":104}},{"start":{},"end":{}}],"line":13}},"s":{"0":7,"1":7,"2":7,"3":7,"4":1,"5":7,"6":3,"7":3,"8":3,"9":1,"10":2,"11":1,"12":1,"13":7,"14":4,"15":4,"16":2,"17":2,"18":7},"f":{"0":1,"1":3,"2":4},"b":{"0":[1,2]},"_coverageSchema":"1a1c01bbd47fc00a2c39e90264f33305004495a9","hash":"83b43cb0bc9e8bb42b9364d829431d7a039b0017"}
,"/home/lucas/Documents/semestre5/GCEIC26/api/src/equipe-21/funcoes.js": {"path":"/home/lucas/Documents/semestre5/GCEIC26/api/src/equipe-21/funcoes.js","statementMap":{"0":{"start":{"line":1,"column":30},"end":{"line":9,"column":1}},"1":{"start":{"line":11,"column":15},"end":{"line":19,"column":1}},"2":{"start":{"line":22,"column":2},"end":{"line":24,"column":3}},"3":{"start":{"line":23,"column":4},"end":{"line":23,"column":58}},"4":{"start":{"line":26,"column":17},"end":{"line":26,"column":30}},"5":{"start":{"line":28,"column":2},"end":{"line":30,"column":3}},"6":{"start":{"line":29,"column":4},"end":{"line":29,"column":58}},"7":{"start":{"line":32,"column":2},"end":{"line":32,"column":16}},"8":{"start":{"line":36,"column":2},"end":{"line":36,"column":34}},"9":{"start":{"line":40,"column":2},"end":{"line":42,"column":3}},"10":{"start":{"line":41,"column":4},"end":{"line":41,"column":53}},"11":{"start":{"line":44,"column":17},"end":{"line":52,"column":7}},"12":{"start":{"line":45,"column":18},"end":{"line":45,"column":54}},"13":{"start":{"line":47,"column":4},"end":{"line":49,"column":5}},"14":{"start":{"line":48,"column":6},"end":{"line":48,"column":56}},"15":{"start":{"line":51,"column":4},"end":{"line":51,"column":25}},"16":{"start":{"line":54,"column":21},"end":{"line":54,"column":68}},"17":{"start":{"line":55,"column":22},"end":{"line":55,"column":71}},"18":{"start":{"line":57,"column":2},"end":{"line":59,"column":3}},"19":{"start":{"line":58,"column":4},"end":{"line":58,"column":58}},"20":{"start":{"line":61,"column":2},"end":{"line":63,"column":3}},"21":{"start":{"line":62,"column":4},"end":{"line":62,"column":57}},"22":{"start":{"line":65,"column":21},"end":{"line":65,"column":27}},"23":{"start":{"line":66,"column":24},"end":{"line":66,"column":47}},"24":{"start":{"line":67,"column":29},"end":{"line":67,"column":70}},"25":{"start":{"line":68,"column":34},"end":{"line":68,"column":68}},"26":{"start":{"line":70,"column":2},"end":{"line":75,"column":4}},"27":{"start":{"line":78,"column":0},"end":{"line":81,"column":2}}},"fnMap":{"0":{"name":"converterNumero","decl":{"start":{"line":21,"column":9},"end":{"line":21,"column":24}},"loc":{"start":{"line":21,"column":39},"end":{"line":33,"column":1}},"line":21},"1":{"name":"arredondarMoeda","decl":{"start":{"line":35,"column":9},"end":{"line":35,"column":24}},"loc":{"start":{"line":35,"column":32},"end":{"line":37,"column":1}},"line":35},"2":{"name":"calcularBurgcalc","decl":{"start":{"line":39,"column":9},"end":{"line":39,"column":25}},"loc":{"start":{"line":39,"column":33},"end":{"line":76,"column":1}},"line":39},"3":{"name":"(anonymous_3)","decl":{"start":{"line":44,"column":46},"end":{"line":44,"column":47}},"loc":{"start":{"line":44,"column":64},"end":{"line":52,"column":3}},"line":44}},"branchMap":{"0":{"loc":{"start":{"line":22,"column":2},"end":{"line":24,"column":3}},"type":"if","locations":[{"start":{"line":22,"column":2},"end":{"line":24,"column":3}},{"start":{},"end":{}}],"line":22},"1":{"loc":{"start":{"line":22,"column":6},"end":{"line":22,"column":54}},"type":"binary-expr","locations":[{"start":{"line":22,"column":6},"end":{"line":22,"column":31}},{"start":{"line":22,"column":35},"end":{"line":22,"column":54}}],"line":22},"2":{"loc":{"start":{"line":28,"column":2},"end":{"line":30,"column":3}},"type":"if","locations":[{"start":{"line":28,"column":2},"end":{"line":30,"column":3}},{"start":{},"end":{}}],"line":28},"3":{"loc":{"start":{"line":40,"column":2},"end":{"line":42,"column":3}},"type":"if","locations":[{"start":{"line":40,"column":2},"end":{"line":42,"column":3}},{"start":{},"end":{}}],"line":40},"4":{"loc":{"start":{"line":40,"column":6},"end":{"line":40,"column":65}},"type":"binary-expr","locations":[{"start":{"line":40,"column":6},"end":{"line":40,"column":12}},{"start":{"line":40,"column":16},"end":{"line":40,"column":41}},{"start":{"line":40,"column":45},"end":{"line":40,"column":65}}],"line":40},"5":{"loc":{"start":{"line":47,"column":4},"end":{"line":49,"column":5}},"type":"if","locations":[{"start":{"line":47,"column":4},"end":{"line":49,"column":5}},{"start":{},"end":{}}],"line":47},"6":{"loc":{"start":{"line":57,"column":2},"end":{"line":59,"column":3}},"type":"if","locations":[{"start":{"line":57,"column":2},"end":{"line":59,"column":3}},{"start":{},"end":{}}],"line":57},"7":{"loc":{"start":{"line":61,"column":2},"end":{"line":63,"column":3}},"type":"if","locations":[{"start":{"line":61,"column":2},"end":{"line":63,"column":3}},{"start":{},"end":{}}],"line":61}},"s":{"0":8,"1":8,"2":58,"3":0,"4":58,"5":58,"6":2,"7":56,"8":8,"9":9,"10":0,"11":9,"12":46,"13":44,"14":1,"15":43,"16":6,"17":6,"18":6,"19":3,"20":3,"21":1,"22":2,"23":2,"24":2,"25":2,"26":2,"27":8},"f":{"0":58,"1":8,"2":9,"3":46},"b":{"0":[0,58],"1":[58,2],"2":[2,56],"3":[0,9],"4":[9,9,9],"5":[1,43],"6":[3,3],"7":[1,2]},"_coverageSchema":"1a1c01bbd47fc00a2c39e90264f33305004495a9","hash":"38d35515fcc3894d3ca471366e1cf73561cd8f56"}
,"/home/lucas/Documents/semestre5/GCEIC26/api/src/equipe-21/routes.js": {"path":"/home/lucas/Documents/semestre5/GCEIC26/api/src/equipe-21/routes.js","statementMap":{"0":{"start":{"line":1,"column":19},"end":{"line":1,"column":37}},"1":{"start":{"line":2,"column":37},"end":{"line":2,"column":57}},"2":{"start":{"line":4,"column":15},"end":{"line":4,"column":23}},"3":{"start":{"line":6,"column":0},"end":{"line":12,"column":3}},"4":{"start":{"line":7,"column":2},"end":{"line":11,"column":5}},"5":{"start":{"line":14,"column":0},"end":{"line":23,"column":3}},"6":{"start":{"line":15,"column":2},"end":{"line":22,"column":5}},"7":{"start":{"line":25,"column":0},"end":{"line":39,"column":3}},"8":{"start":{"line":26,"column":2},"end":{"line":38,"column":3}},"9":{"start":{"line":27,"column":4},"end":{"line":32,"column":5}},"10":{"start":{"line":28,"column":6},"end":{"line":31,"column":9}},"11":{"start":{"line":34,"column":22},"end":{"line":34,"column":48}},"12":{"start":{"line":35,"column":4},"end":{"line":35,"column":68}},"13":{"start":{"line":37,"column":4},"end":{"line":37,"column":72}},"14":{"start":{"line":41,"column":0},"end":{"line":41,"column":24}}},"fnMap":{"0":{"name":"(anonymous_0)","decl":{"start":{"line":6,"column":22},"end":{"line":6,"column":23}},"loc":{"start":{"line":6,"column":37},"end":{"line":12,"column":1}},"line":6},"1":{"name":"(anonymous_1)","decl":{"start":{"line":14,"column":23},"end":{"line":14,"column":24}},"loc":{"start":{"line":14,"column":38},"end":{"line":23,"column":1}},"line":14},"2":{"name":"(anonymous_2)","decl":{"start":{"line":25,"column":25},"end":{"line":25,"column":26}},"loc":{"start":{"line":25,"column":39},"end":{"line":39,"column":1}},"line":25}},"branchMap":{"0":{"loc":{"start":{"line":27,"column":4},"end":{"line":32,"column":5}},"type":"if","locations":[{"start":{"line":27,"column":4},"end":{"line":32,"column":5}},{"start":{},"end":{}}],"line":27},"1":{"loc":{"start":{"line":27,"column":8},"end":{"line":27,"column":76}},"type":"binary-expr","locations":[{"start":{"line":27,"column":8},"end":{"line":27,"column":17}},{"start":{"line":27,"column":21},"end":{"line":27,"column":49}},{"start":{"line":27,"column":53},"end":{"line":27,"column":76}}],"line":27}},"s":{"0":7,"1":7,"2":7,"3":7,"4":1,"5":7,"6":1,"7":7,"8":3,"9":3,"10":0,"11":3,"12":1,"13":2,"14":7},"f":{"0":1,"1":1,"2":3},"b":{"0":[0,3],"1":[3,3,3]},"_coverageSchema":"1a1c01bbd47fc00a2c39e90264f33305004495a9","hash":"02ec68eca3c13ed126d39f903bb4de5ff3eef851"}
,"/home/lucas/Documents/semestre5/GCEIC26/api/src/equipe-6/rotasSaunaGrupo6.js": {"path":"/home/lucas/Documents/semestre5/GCEIC26/api/src/equipe-6/rotasSaunaGrupo6.js","statementMap":{"0":{"start":{"line":1,"column":16},"end":{"line":1,"column":34}},"1":{"start":{"line":2,"column":15},"end":{"line":2,"column":31}},"2":{"start":{"line":5,"column":0},"end":{"line":35,"column":3}},"3":{"start":{"line":6,"column":51},"end":{"line":6,"column":59}},"4":{"start":{"line":9,"column":4},"end":{"line":11,"column":5}},"5":{"start":{"line":10,"column":8},"end":{"line":10,"column":81}},"6":{"start":{"line":14,"column":21},"end":{"line":14,"column":42}},"7":{"start":{"line":15,"column":24},"end":{"line":15,"column":75}},"8":{"start":{"line":16,"column":24},"end":{"line":16,"column":46}},"9":{"start":{"line":17,"column":21},"end":{"line":17,"column":51}},"10":{"start":{"line":20,"column":32},"end":{"line":20,"column":65}},"11":{"start":{"line":21,"column":30},"end":{"line":21,"column":63}},"12":{"start":{"line":22,"column":28},"end":{"line":22,"column":47}},"13":{"start":{"line":23,"column":23},"end":{"line":23,"column":58}},"14":{"start":{"line":25,"column":27},"end":{"line":25,"column":75}},"15":{"start":{"line":27,"column":4},"end":{"line":34,"column":7}},"16":{"start":{"line":38,"column":0},"end":{"line":70,"column":3}},"17":{"start":{"line":39,"column":31},"end":{"line":39,"column":39}},"18":{"start":{"line":41,"column":4},"end":{"line":43,"column":5}},"19":{"start":{"line":42,"column":8},"end":{"line":42,"column":81}},"20":{"start":{"line":46,"column":28},"end":{"line":46,"column":31}},"21":{"start":{"line":47,"column":4},"end":{"line":51,"column":5}},"22":{"start":{"line":48,"column":8},"end":{"line":48,"column":33}},"23":{"start":{"line":49,"column":11},"end":{"line":51,"column":5}},"24":{"start":{"line":50,"column":8},"end":{"line":50,"column":33}},"25":{"start":{"line":54,"column":23},"end":{"line":54,"column":30}},"26":{"start":{"line":55,"column":4},"end":{"line":55,"column":59}},"27":{"start":{"line":55,"column":36},"end":{"line":55,"column":59}},"28":{"start":{"line":56,"column":4},"end":{"line":56,"column":59}},"29":{"start":{"line":56,"column":36},"end":{"line":56,"column":59}},"30":{"start":{"line":58,"column":31},"end":{"line":58,"column":37}},"31":{"start":{"line":59,"column":28},"end":{"line":59,"column":61}},"32":{"start":{"line":61,"column":30},"end":{"line":61,"column":81}},"33":{"start":{"line":63,"column":4},"end":{"line":69,"column":7}},"34":{"start":{"line":73,"column":0},"end":{"line":94,"column":3}},"35":{"start":{"line":74,"column":57},"end":{"line":74,"column":65}},"36":{"start":{"line":76,"column":4},"end":{"line":78,"column":5}},"37":{"start":{"line":77,"column":8},"end":{"line":77,"column":81}},"38":{"start":{"line":81,"column":29},"end":{"line":81,"column":60}},"39":{"start":{"line":82,"column":31},"end":{"line":82,"column":58}},"40":{"start":{"line":84,"column":35},"end":{"line":84,"column":40}},"41":{"start":{"line":86,"column":34},"end":{"line":86,"column":77}},"42":{"start":{"line":88,"column":4},"end":{"line":93,"column":7}},"43":{"start":{"line":96,"column":0},"end":{"line":96,"column":24}}},"fnMap":{"0":{"name":"(anonymous_0)","decl":{"start":{"line":5,"column":26},"end":{"line":5,"column":27}},"loc":{"start":{"line":5,"column":40},"end":{"line":35,"column":1}},"line":5},"1":{"name":"(anonymous_1)","decl":{"start":{"line":38,"column":29},"end":{"line":38,"column":30}},"loc":{"start":{"line":38,"column":43},"end":{"line":70,"column":1}},"line":38},"2":{"name":"(anonymous_2)","decl":{"start":{"line":73,"column":27},"end":{"line":73,"column":28}},"loc":{"start":{"line":73,"column":41},"end":{"line":94,"column":1}},"line":73}},"branchMap":{"0":{"loc":{"start":{"line":9,"column":4},"end":{"line":11,"column":5}},"type":"if","locations":[{"start":{"line":9,"column":4},"end":{"line":11,"column":5}},{"start":{},"end":{}}],"line":9},"1":{"loc":{"start":{"line":9,"column":8},"end":{"line":9,"column":52}},"type":"binary-expr","locations":[{"start":{"line":9,"column":8},"end":{"line":9,"column":16}},{"start":{"line":9,"column":20},"end":{"line":9,"column":32}},{"start":{"line":9,"column":36},"end":{"line":9,"column":43}},{"start":{"line":9,"column":47},"end":{"line":9,"column":52}}],"line":9},"2":{"loc":{"start":{"line":20,"column":32},"end":{"line":20,"column":65}},"type":"cond-expr","locations":[{"start":{"line":20,"column":51},"end":{"line":20,"column":56}},{"start":{"line":20,"column":59},"end":{"line":20,"column":65}}],"line":20},"3":{"loc":{"start":{"line":23,"column":23},"end":{"line":23,"column":58}},"type":"cond-expr","locations":[{"start":{"line":23,"column":42},"end":{"line":23,"column":48}},{"start":{"line":23,"column":51},"end":{"line":23,"column":58}}],"line":23},"4":{"loc":{"start":{"line":41,"column":4},"end":{"line":43,"column":5}},"type":"if","locations":[{"start":{"line":41,"column":4},"end":{"line":43,"column":5}},{"start":{},"end":{}}],"line":41},"5":{"loc":{"start":{"line":41,"column":8},"end":{"line":41,"column":26}},"type":"binary-expr","locations":[{"start":{"line":41,"column":8},"end":{"line":41,"column":17}},{"start":{"line":41,"column":21},"end":{"line":41,"column":26}}],"line":41},"6":{"loc":{"start":{"line":47,"column":4},"end":{"line":51,"column":5}},"type":"if","locations":[{"start":{"line":47,"column":4},"end":{"line":51,"column":5}},{"start":{"line":49,"column":11},"end":{"line":51,"column":5}}],"line":47},"7":{"loc":{"start":{"line":47,"column":8},"end":{"line":47,"column":39}},"type":"binary-expr","locations":[{"start":{"line":47,"column":8},"end":{"line":47,"column":21}},{"start":{"line":47,"column":25},"end":{"line":47,"column":39}}],"line":47},"8":{"loc":{"start":{"line":49,"column":11},"end":{"line":51,"column":5}},"type":"if","locations":[{"start":{"line":49,"column":11},"end":{"line":51,"column":5}},{"start":{},"end":{}}],"line":49},"9":{"loc":{"start":{"line":55,"column":4},"end":{"line":55,"column":59}},"type":"if","locations":[{"start":{"line":55,"column":4},"end":{"line":55,"column":59}},{"start":{},"end":{}}],"line":55},"10":{"loc":{"start":{"line":56,"column":4},"end":{"line":56,"column":59}},"type":"if","locations":[{"start":{"line":56,"column":4},"end":{"line":56,"column":59}},{"start":{},"end":{}}],"line":56},"11":{"loc":{"start":{"line":59,"column":28},"end":{"line":59,"column":61}},"type":"cond-expr","locations":[{"start":{"line":59,"column":46},"end":{"line":59,"column":52}},{"start":{"line":59,"column":55},"end":{"line":59,"column":61}}],"line":59},"12":{"loc":{"start":{"line":76,"column":4},"end":{"line":78,"column":5}},"type":"if","locations":[{"start":{"line":76,"column":4},"end":{"line":78,"column":5}},{"start":{},"end":{}}],"line":76},"13":{"loc":{"start":{"line":76,"column":8},"end":{"line":76,"column":55}},"type":"binary-expr","locations":[{"start":{"line":76,"column":8},"end":{"line":76,"column":26}},{"start":{"line":76,"column":30},"end":{"line":76,"column":42}},{"start":{"line":76,"column":46},"end":{"line":76,"column":55}}],"line":76}},"s":{"0":7,"1":7,"2":7,"3":2,"4":2,"5":1,"6":1,"7":1,"8":1,"9":1,"10":1,"11":1,"12":1,"13":1,"14":1,"15":1,"16":7,"17":2,"18":2,"19":1,"20":1,"21":1,"22":1,"23":0,"24":0,"25":1,"26":1,"27":1,"28":1,"29":0,"30":1,"31":1,"32":1,"33":1,"34":7,"35":2,"36":2,"37":1,"38":1,"39":1,"40":1,"41":1,"42":1,"43":7},"f":{"0":2,"1":2,"2":2},"b":{"0":[1,1],"1":[2,2,1,1],"2":[1,0],"3":[1,0],"4":[1,1],"5":[2,2],"6":[1,0],"7":[1,1],"8":[0,0],"9":[1,0],"10":[0,1],"11":[1,0],"12":[1,1],"13":[2,2,2]},"_coverageSchema":"1a1c01bbd47fc00a2c39e90264f33305004495a9","hash":"7500e825d0d76dd259d55080935e0050a3afe50c"}
,"/home/lucas/Documents/semestre5/GCEIC26/api/src/grupo13-markup/markupController.js": {"path":"/home/lucas/Documents/semestre5/GCEIC26/api/src/grupo13-markup/markupController.js","statementMap":{"0":{"start":{"line":1,"column":24},"end":{"line":20,"column":1}},"1":{"start":{"line":2,"column":37},"end":{"line":2,"column":45}},"2":{"start":{"line":3,"column":2},"end":{"line":4,"column":86}},"3":{"start":{"line":4,"column":4},"end":{"line":4,"column":86}},"4":{"start":{"line":5,"column":2},"end":{"line":6,"column":78}},"5":{"start":{"line":6,"column":4},"end":{"line":6,"column":78}},"6":{"start":{"line":7,"column":16},"end":{"line":7,"column":32}},"7":{"start":{"line":8,"column":2},"end":{"line":9,"column":99}},"8":{"start":{"line":9,"column":4},"end":{"line":9,"column":99}},"9":{"start":{"line":10,"column":21},"end":{"line":10,"column":46}},"10":{"start":{"line":11,"column":21},"end":{"line":11,"column":42}},"11":{"start":{"line":12,"column":2},"end":{"line":19,"column":5}},"12":{"start":{"line":22,"column":22},"end":{"line":41,"column":1}},"13":{"start":{"line":23,"column":42},"end":{"line":23,"column":50}},"14":{"start":{"line":24,"column":2},"end":{"line":25,"column":87}},"15":{"start":{"line":25,"column":4},"end":{"line":25,"column":87}},"16":{"start":{"line":26,"column":2},"end":{"line":27,"column":96}},"17":{"start":{"line":27,"column":4},"end":{"line":27,"column":96}},"18":{"start":{"line":28,"column":2},"end":{"line":29,"column":88}},"19":{"start":{"line":29,"column":4},"end":{"line":29,"column":88}},"20":{"start":{"line":30,"column":24},"end":{"line":30,"column":53}},"21":{"start":{"line":31,"column":21},"end":{"line":31,"column":55}},"22":{"start":{"line":32,"column":22},"end":{"line":32,"column":53}},"23":{"start":{"line":33,"column":2},"end":{"line":40,"column":5}},"24":{"start":{"line":43,"column":27},"end":{"line":59,"column":1}},"25":{"start":{"line":44,"column":53},"end":{"line":44,"column":61}},"26":{"start":{"line":45,"column":2},"end":{"line":46,"column":94}},"27":{"start":{"line":46,"column":4},"end":{"line":46,"column":94}},"28":{"start":{"line":47,"column":2},"end":{"line":48,"column":100}},"29":{"start":{"line":48,"column":4},"end":{"line":48,"column":100}},"30":{"start":{"line":49,"column":24},"end":{"line":49,"column":52}},"31":{"start":{"line":50,"column":16},"end":{"line":50,"column":41}},"32":{"start":{"line":51,"column":2},"end":{"line":58,"column":5}},"33":{"start":{"line":61,"column":0},"end":{"line":61,"column":71}}},"fnMap":{"0":{"name":"(anonymous_0)","decl":{"start":{"line":1,"column":24},"end":{"line":1,"column":25}},"loc":{"start":{"line":1,"column":38},"end":{"line":20,"column":1}},"line":1},"1":{"name":"(anonymous_1)","decl":{"start":{"line":22,"column":22},"end":{"line":22,"column":23}},"loc":{"start":{"line":22,"column":36},"end":{"line":41,"column":1}},"line":22},"2":{"name":"(anonymous_2)","decl":{"start":{"line":43,"column":27},"end":{"line":43,"column":28}},"loc":{"start":{"line":43,"column":41},"end":{"line":59,"column":1}},"line":43}},"branchMap":{"0":{"loc":{"start":{"line":3,"column":2},"end":{"line":4,"column":86}},"type":"if","locations":[{"start":{"line":3,"column":2},"end":{"line":4,"column":86}},{"start":{},"end":{}}],"line":3},"1":{"loc":{"start":{"line":3,"column":6},"end":{"line":3,"column":74}},"type":"binary-expr","locations":[{"start":{"line":3,"column":6},"end":{"line":3,"column":25}},{"start":{"line":3,"column":29},"end":{"line":3,"column":51}},{"start":{"line":3,"column":55},"end":{"line":3,"column":74}}],"line":3},"2":{"loc":{"start":{"line":5,"column":2},"end":{"line":6,"column":78}},"type":"if","locations":[{"start":{"line":5,"column":2},"end":{"line":6,"column":78}},{"start":{},"end":{}}],"line":5},"3":{"loc":{"start":{"line":8,"column":2},"end":{"line":9,"column":99}},"type":"if","locations":[{"start":{"line":8,"column":2},"end":{"line":9,"column":99}},{"start":{},"end":{}}],"line":8},"4":{"loc":{"start":{"line":24,"column":2},"end":{"line":25,"column":87}},"type":"if","locations":[{"start":{"line":24,"column":2},"end":{"line":25,"column":87}},{"start":{},"end":{}}],"line":24},"5":{"loc":{"start":{"line":24,"column":6},"end":{"line":24,"column":79}},"type":"binary-expr","locations":[{"start":{"line":24,"column":6},"end":{"line":24,"column":30}},{"start":{"line":24,"column":34},"end":{"line":24,"column":53}},{"start":{"line":24,"column":57},"end":{"line":24,"column":79}}],"line":24},"6":{"loc":{"start":{"line":26,"column":2},"end":{"line":27,"column":96}},"type":"if","locations":[{"start":{"line":26,"column":2},"end":{"line":27,"column":96}},{"start":{},"end":{}}],"line":26},"7":{"loc":{"start":{"line":26,"column":6},"end":{"line":26,"column":35}},"type":"binary-expr","locations":[{"start":{"line":26,"column":6},"end":{"line":26,"column":21}},{"start":{"line":26,"column":25},"end":{"line":26,"column":35}}],"line":26},"8":{"loc":{"start":{"line":28,"column":2},"end":{"line":29,"column":88}},"type":"if","locations":[{"start":{"line":28,"column":2},"end":{"line":29,"column":88}},{"start":{},"end":{}}],"line":28},"9":{"loc":{"start":{"line":45,"column":2},"end":{"line":46,"column":94}},"type":"if","locations":[{"start":{"line":45,"column":2},"end":{"line":46,"column":94}},{"start":{},"end":{}}],"line":45},"10":{"loc":{"start":{"line":45,"column":6},"end":{"line":45,"column":90}},"type":"binary-expr","locations":[{"start":{"line":45,"column":6},"end":{"line":45,"column":29}},{"start":{"line":45,"column":33},"end":{"line":45,"column":57}},{"start":{"line":45,"column":61},"end":{"line":45,"column":90}}],"line":45},"11":{"loc":{"start":{"line":47,"column":2},"end":{"line":48,"column":100}},"type":"if","locations":[{"start":{"line":47,"column":2},"end":{"line":48,"column":100}},{"start":{},"end":{}}],"line":47}},"s":{"0":7,"1":3,"2":3,"3":1,"4":2,"5":0,"6":2,"7":2,"8":1,"9":1,"10":1,"11":1,"12":7,"13":2,"14":2,"15":0,"16":2,"17":0,"18":2,"19":1,"20":1,"21":1,"22":1,"23":1,"24":7,"25":2,"26":2,"27":0,"28":2,"29":1,"30":1,"31":1,"32":1,"33":7},"f":{"0":3,"1":2,"2":2},"b":{"0":[1,2],"1":[3,3,2],"2":[0,2],"3":[1,1],"4":[0,2],"5":[2,2,2],"6":[0,2],"7":[2,2],"8":[1,1],"9":[0,2],"10":[2,2,2],"11":[1,1]},"_coverageSchema":"1a1c01bbd47fc00a2c39e90264f33305004495a9","hash":"431379f54877a1c5b8651e15581252d9a2d2ffd3"}
,"/home/lucas/Documents/semestre5/GCEIC26/api/src/grupo13-markup/routes.js": {"path":"/home/lucas/Documents/semestre5/GCEIC26/api/src/grupo13-markup/routes.js","statementMap":{"0":{"start":{"line":1,"column":17},"end":{"line":1,"column":35}},"1":{"start":{"line":2,"column":15},"end":{"line":2,"column":31}},"2":{"start":{"line":3,"column":62},"end":{"line":3,"column":91}},"3":{"start":{"line":5,"column":0},"end":{"line":5,"column":91}},"4":{"start":{"line":5,"column":30},"end":{"line":5,"column":89}},"5":{"start":{"line":6,"column":0},"end":{"line":6,"column":39}},"6":{"start":{"line":7,"column":0},"end":{"line":7,"column":37}},"7":{"start":{"line":8,"column":0},"end":{"line":8,"column":47}},"8":{"start":{"line":10,"column":0},"end":{"line":10,"column":24}}},"fnMap":{"0":{"name":"(anonymous_0)","decl":{"start":{"line":5,"column":16},"end":{"line":5,"column":17}},"loc":{"start":{"line":5,"column":30},"end":{"line":5,"column":89}},"line":5}},"branchMap":{},"s":{"0":7,"1":7,"2":7,"3":7,"4":0,"5":7,"6":7,"7":7,"8":7},"f":{"0":0},"b":{},"_coverageSchema":"1a1c01bbd47fc00a2c39e90264f33305004495a9","hash":"e0a261d4983ad3ffb90b89e4f6d57412b7ace7ac"}
}
