TN:
SF:src/app.js
FN:15,(anonymous_0)
FN:28,(anonymous_1)
FN:41,(anonymous_2)
FNF:3
FNH:2
FNDA:1,(anonymous_0)
FNDA:1,(anonymous_1)
FNDA:0,(anonymous_2)
DA:1,2
DA:2,2
DA:3,2
DA:5,2
DA:7,2
DA:9,2
DA:10,2
DA:11,2
DA:15,2
DA:16,1
DA:23,2
DA:28,2
DA:29,1
DA:30,1
DA:41,2
DA:42,0
DA:43,0
DA:44,0
DA:45,0
DA:47,0
DA:48,0
DA:51,0
DA:52,0
DA:53,0
DA:55,0
DA:56,0
DA:60,2
LF:27
LH:16
BRDA:47,0,0,0
BRDA:47,0,1,0
BRDA:47,1,0,0
BRDA:47,1,1,0
BRF:4
BRH:0
end_of_record
TN:
SF:src/funcoes.js
FN:13,calcularArea
FN:23,calcular
FNF:2
FNH:1
FNDA:4,calcularArea
FNDA:0,calcular
DA:3,2
DA:15,4
DA:16,2
DA:17,1
DA:18,1
DA:19,1
DA:24,0
DA:25,0
DA:26,0
DA:27,0
DA:28,0
DA:29,0
DA:30,0
DA:35,2
LF:14
LH:7
BRDA:15,0,0,2
BRDA:15,0,1,2
BRDA:16,1,0,1
BRDA:16,1,1,1
BRDA:25,2,0,0
BRDA:25,3,0,0
BRDA:26,4,0,0
BRDA:26,4,1,0
BRDA:27,5,0,0
BRDA:27,5,1,0
BRF:10
BRH:4
end_of_record
TN:
SF:src/rotasSaunaGrupo6.js
FN:5,(anonymous_0)
FN:38,(anonymous_1)
FN:73,(anonymous_2)
FNF:3
FNH:3
FNDA:2,(anonymous_0)
FNDA:2,(anonymous_1)
FNDA:2,(anonymous_2)
DA:1,2
DA:2,2
DA:5,2
DA:6,2
DA:9,2
DA:10,1
DA:14,1
DA:15,1
DA:16,1
DA:17,1
DA:20,1
DA:21,1
DA:22,1
DA:23,1
DA:25,1
DA:27,1
DA:38,2
DA:39,2
DA:41,2
DA:42,1
DA:46,1
DA:47,1
DA:48,1
DA:49,0
DA:50,0
DA:54,1
DA:55,1
DA:56,1
DA:58,1
DA:59,1
DA:61,1
DA:63,1
DA:73,2
DA:74,2
DA:76,2
DA:77,1
DA:81,1
DA:82,1
DA:84,1
DA:86,1
DA:88,1
DA:96,2
LF:42
LH:40
BRDA:9,0,0,1
BRDA:9,0,1,1
BRDA:9,1,0,2
BRDA:9,1,1,2
BRDA:9,1,2,1
BRDA:9,1,3,1
BRDA:20,2,0,1
BRDA:20,2,1,0
BRDA:23,3,0,1
BRDA:23,3,1,0
BRDA:41,4,0,1
BRDA:41,4,1,1
BRDA:41,5,0,2
BRDA:41,5,1,2
BRDA:47,6,0,1
BRDA:47,6,1,0
BRDA:47,7,0,1
BRDA:47,7,1,1
BRDA:49,8,0,0
BRDA:49,8,1,0
BRDA:55,9,0,1
BRDA:55,9,1,0
BRDA:56,10,0,0
BRDA:56,10,1,1
BRDA:59,11,0,1
BRDA:59,11,1,0
BRDA:76,12,0,1
BRDA:76,12,1,1
BRDA:76,13,0,2
BRDA:76,13,1,2
BRDA:76,13,2,2
BRF:31
BRH:23
end_of_record
