TN:
SF:src/app.js
FN:31,(anonymous_0)
FN:49,(anonymous_1)
FN:52,(anonymous_2)
FN:65,handleLocalCalculation
FN:66,(anonymous_4)
FN:77,(anonymous_5)
FN:90,(anonymous_6)
FN:104,(anonymous_7)
FN:113,(anonymous_8)
FN:139,(anonymous_9)
FN:157,(anonymous_10)
FN:176,(anonymous_11)
FN:190,(anonymous_12)
FN:199,(anonymous_13)
FN:225,(anonymous_14)
FN:239,(anonymous_15)
FN:255,(anonymous_16)
FN:287,(anonymous_17)
FN:297,(anonymous_18)
FN:307,(anonymous_19)
FN:327,(anonymous_20)
FN:341,(anonymous_21)
FN:356,(anonymous_22)
FN:379,(anonymous_23)
FN:387,(anonymous_24)
FN:393,(anonymous_25)
FNF:26
FNH:13
FNDA:5,(anonymous_0)
FNDA:1,(anonymous_1)
FNDA:1,(anonymous_2)
FNDA:72,handleLocalCalculation
FNDA:5,(anonymous_4)
FNDA:1,(anonymous_5)
FNDA:0,(anonymous_6)
FNDA:1,(anonymous_7)
FNDA:4,(anonymous_8)
FNDA:2,(anonymous_9)
FNDA:5,(anonymous_10)
FNDA:0,(anonymous_11)
FNDA:0,(anonymous_12)
FNDA:0,(anonymous_13)
FNDA:0,(anonymous_14)
FNDA:0,(anonymous_15)
FNDA:0,(anonymous_16)
FNDA:0,(anonymous_17)
FNDA:0,(anonymous_18)
FNDA:0,(anonymous_19)
FNDA:0,(anonymous_20)
FNDA:0,(anonymous_21)
FNDA:0,(anonymous_22)
FNDA:2,(anonymous_23)
FNDA:1,(anonymous_24)
FNDA:1,(anonymous_25)
DA:1,18
DA:2,18
DA:3,18
DA:4,18
DA:6,18
DA:8,18
DA:10,18
DA:11,18
DA:12,18
DA:14,18
DA:15,18
DA:16,18
DA:17,18
DA:18,18
DA:19,18
DA:20,18
DA:21,18
DA:23,18
DA:24,18
DA:25,18
DA:26,18
DA:27,18
DA:28,18
DA:31,18
DA:32,5
DA:35,18
DA:36,18
DA:37,18
DA:38,18
DA:39,18
DA:40,18
DA:44,18
DA:45,18
DA:49,18
DA:50,18
DA:52,18
DA:53,1
DA:55,18
DA:63,18
DA:66,72
DA:67,5
DA:68,5
DA:69,4
DA:71,1
DA:77,18
DA:78,18
DA:79,18
DA:80,18
DA:81,18
DA:87,18
DA:90,18
DA:91,0
DA:92,0
DA:104,18
DA:105,1
DA:106,1
DA:113,18
DA:114,4
DA:115,4
DA:116,4
DA:118,4
DA:119,0
DA:125,4
DA:126,1
DA:131,3
DA:139,18
DA:140,2
DA:141,2
DA:142,2
DA:143,0
DA:145,2
DA:146,1
DA:148,1
DA:153,18
DA:157,18
DA:158,5
DA:159,5
DA:160,5
DA:161,0
DA:163,5
DA:164,2
DA:166,3
DA:173,18
DA:176,18
DA:177,0
DA:178,0
DA:190,18
DA:191,0
DA:192,0
DA:199,18
DA:200,0
DA:201,0
DA:202,0
DA:204,0
DA:205,0
DA:211,0
DA:212,0
DA:217,0
DA:225,18
DA:226,0
DA:227,0
DA:228,0
DA:229,0
DA:231,0
DA:232,0
DA:234,0
DA:239,18
DA:240,0
DA:241,0
DA:242,0
DA:243,0
DA:245,0
DA:246,0
DA:248,0
DA:255,18
DA:256,0
DA:257,0
DA:258,0
DA:260,0
DA:261,0
DA:264,0
DA:265,0
DA:267,0
DA:269,0
DA:270,0
DA:271,0
DA:273,0
DA:274,0
DA:277,0
DA:278,0
DA:280,0
DA:285,18
DA:287,18
DA:288,0
DA:289,0
DA:290,0
DA:291,0
DA:293,0
DA:297,18
DA:298,0
DA:299,0
DA:300,0
DA:301,0
DA:303,0
DA:307,18
DA:308,0
DA:309,0
DA:310,0
DA:311,0
DA:313,0
DA:317,18
DA:319,18
DA:320,18
DA:321,18
DA:324,18
DA:327,18
DA:328,0
DA:329,0
DA:330,0
DA:334,0
DA:336,0
DA:341,18
DA:342,0
DA:343,0
DA:344,0
DA:349,0
DA:351,0
DA:356,18
DA:357,0
DA:358,0
DA:359,0
DA:365,0
DA:367,0
DA:371,18
DA:372,18
DA:374,18
DA:375,18
DA:379,18
DA:380,2
DA:381,2
DA:382,2
DA:383,2
DA:384,2
DA:385,1
DA:387,18
DA:388,1
DA:389,1
DA:390,1
DA:391,0
DA:393,18
DA:394,1
DA:395,1
DA:396,1
DA:397,0
DA:400,18
DA:401,18
DA:403,18
DA:404,18
DA:406,18
LF:199
LH:120
BRDA:118,0,0,0
BRDA:118,0,1,4
BRDA:118,1,0,4
BRDA:118,1,1,4
BRDA:142,2,0,0
BRDA:142,2,1,2
BRDA:142,3,0,2
BRDA:142,3,1,2
BRDA:160,4,0,0
BRDA:160,4,1,5
BRDA:160,5,0,5
BRDA:160,5,1,5
BRDA:204,6,0,0
BRDA:204,6,1,0
BRDA:204,7,0,0
BRDA:204,7,1,0
BRDA:228,8,0,0
BRDA:228,8,1,0
BRDA:228,9,0,0
BRDA:228,9,1,0
BRDA:242,10,0,0
BRDA:242,10,1,0
BRDA:242,11,0,0
BRDA:242,11,1,0
BRDA:260,12,0,0
BRDA:260,12,1,0
BRDA:260,13,0,0
BRDA:260,13,1,0
BRDA:273,14,0,0
BRDA:273,14,1,0
BRDA:273,15,0,0
BRDA:273,15,1,0
BRDA:300,16,0,0
BRDA:300,16,1,0
BRDA:383,17,0,0
BRDA:383,17,1,2
BRDA:383,18,0,2
BRDA:383,18,1,2
BRF:38
BRH:12
end_of_record
TN:
SF:src/equipe-08/controllers/piscinaController.js
FN:1,(anonymous_0)
FN:17,(anonymous_1)
FN:31,(anonymous_2)
FN:63,(anonymous_3)
FN:82,(anonymous_4)
FNF:5
FNH:0
FNDA:0,(anonymous_0)
FNDA:0,(anonymous_1)
FNDA:0,(anonymous_2)
FNDA:0,(anonymous_3)
FNDA:0,(anonymous_4)
DA:1,18
DA:2,0
DA:4,0
DA:5,0
DA:8,0
DA:9,0
DA:11,0
DA:17,18
DA:18,0
DA:20,0
DA:21,0
DA:24,0
DA:26,0
DA:31,18
DA:32,0
DA:34,0
DA:35,0
DA:38,0
DA:44,0
DA:45,0
DA:46,0
DA:50,0
DA:51,0
DA:52,0
DA:54,0
DA:63,18
DA:64,0
DA:66,0
DA:67,0
DA:71,0
DA:72,0
DA:73,0
DA:75,0
DA:82,18
DA:83,0
DA:85,0
DA:86,0
DA:89,0
DA:91,0
LF:39
LH:5
BRDA:4,0,0,0
BRDA:4,0,1,0
BRDA:4,1,0,0
BRDA:4,1,1,0
BRDA:4,1,2,0
BRDA:20,2,0,0
BRDA:20,2,1,0
BRDA:20,3,0,0
BRDA:20,3,1,0
BRDA:34,4,0,0
BRDA:34,4,1,0
BRDA:34,5,0,0
BRDA:34,5,1,0
BRDA:45,6,0,0
BRDA:45,6,1,0
BRDA:66,7,0,0
BRDA:66,7,1,0
BRDA:66,8,0,0
BRDA:66,8,1,0
BRDA:85,9,0,0
BRDA:85,9,1,0
BRDA:85,10,0,0
BRDA:85,10,1,0
BRDA:85,10,2,0
BRF:24
BRH:0
end_of_record
TN:
SF:src/equipe-08/routes/piscina.js
FNF:0
FNH:0
DA:1,18
DA:2,18
DA:3,18
DA:5,18
DA:6,18
DA:7,18
DA:8,18
DA:9,18
DA:11,18
LF:9
LH:9
BRF:0
BRH:0
end_of_record
TN:
SF:src/equipe-1/app.js
FN:8,(anonymous_0)
FN:12,(anonymous_1)
FN:30,(anonymous_2)
FNF:3
FNH:2
FNDA:0,(anonymous_0)
FNDA:2,(anonymous_1)
FNDA:2,(anonymous_2)
DA:1,18
DA:2,18
DA:3,18
DA:4,18
DA:6,18
DA:8,18
DA:9,0
DA:12,18
DA:13,2
DA:14,2
DA:15,2
DA:16,0
DA:18,2
DA:24,1
DA:26,1
DA:30,18
DA:31,2
DA:32,2
DA:33,2
DA:34,0
DA:36,2
DA:42,1
DA:44,1
DA:48,18
LF:24
LH:21
BRDA:15,0,0,0
BRDA:15,0,1,2
BRDA:15,1,0,2
BRDA:15,1,1,2
BRDA:33,2,0,0
BRDA:33,2,1,2
BRDA:33,3,0,2
BRDA:33,3,1,2
BRF:8
BRH:6
end_of_record
TN:
SF:src/equipe-1/funcoes.js
FN:1,calcularParcela
FN:30,calcularCapacidade
FNF:2
FNH:2
FNDA:7,calcularParcela
FNDA:5,calcularCapacidade
DA:2,7
DA:3,5
DA:4,4
DA:5,3
DA:7,2
DA:8,2
DA:11,2
DA:12,0
DA:14,2
DA:17,2
DA:18,2
DA:20,2
DA:31,5
DA:32,3
DA:34,2
DA:35,2
DA:38,2
DA:39,0
DA:41,2
DA:44,2
DA:46,2
DA:54,19
LF:22
LH:20
BRDA:2,0,0,2
BRDA:2,0,1,5
BRDA:2,1,0,7
BRDA:2,1,1,5
BRDA:3,2,0,1
BRDA:3,2,1,4
BRDA:4,3,0,1
BRDA:4,3,1,3
BRDA:5,4,0,1
BRDA:5,4,1,2
BRDA:5,5,0,3
BRDA:5,5,1,2
BRDA:11,6,0,0
BRDA:11,6,1,2
BRDA:31,7,0,2
BRDA:31,7,1,3
BRDA:31,8,0,5
BRDA:31,8,1,3
BRDA:32,9,0,1
BRDA:32,9,1,2
BRDA:38,10,0,0
BRDA:38,10,1,2
BRF:22
BRH:20
end_of_record
TN:
SF:src/equipe-10/calcFinanceiraApp.js
FN:9,(anonymous_0)
FN:18,(anonymous_1)
FN:27,(anonymous_2)
FNF:3
FNH:1
FNDA:3,(anonymous_0)
FNDA:0,(anonymous_1)
FNDA:0,(anonymous_2)
DA:1,18
DA:2,18
DA:7,18
DA:9,18
DA:10,3
DA:11,3
DA:12,1
DA:14,2
DA:18,18
DA:19,0
DA:20,0
DA:21,0
DA:23,0
DA:27,18
DA:28,0
DA:29,0
DA:30,0
DA:32,0
DA:36,18
LF:19
LH:11
BRF:0
BRH:0
end_of_record
TN:
SF:src/equipe-10/calcFinanceiraFunc.js
FN:1,calcularJurosSimples
FN:12,calcularJurosCompostos
FN:23,simularInvestimento
FNF:3
FNH:3
FNDA:5,calcularJurosSimples
FNDA:1,calcularJurosCompostos
FNDA:1,simularInvestimento
DA:2,5
DA:3,5
DA:4,2
DA:5,2
DA:7,2
DA:8,2
DA:9,2
DA:13,1
DA:14,1
DA:15,1
DA:16,1
DA:18,1
DA:19,1
DA:20,1
DA:24,1
DA:25,1
DA:26,1
DA:27,1
DA:29,1
DA:30,1
DA:31,1
DA:32,1
DA:34,1
DA:35,1
DA:37,1
DA:44,19
LF:26
LH:26
BRDA:3,0,0,3
BRDA:3,0,1,2
BRDA:3,1,0,5
BRDA:3,1,1,3
BRDA:4,2,0,0
BRDA:4,2,1,2
BRDA:4,3,0,2
BRDA:4,3,1,2
BRDA:5,4,0,0
BRDA:5,4,1,2
BRDA:5,5,0,2
BRDA:5,5,1,2
BRDA:14,6,0,0
BRDA:14,6,1,1
BRDA:14,7,0,1
BRDA:14,7,1,1
BRDA:15,8,0,0
BRDA:15,8,1,1
BRDA:15,9,0,1
BRDA:15,9,1,1
BRDA:16,10,0,0
BRDA:16,10,1,1
BRDA:16,11,0,1
BRDA:16,11,1,1
BRDA:25,12,0,0
BRDA:25,12,1,1
BRDA:25,13,0,1
BRDA:25,13,1,1
BRDA:26,14,0,0
BRDA:26,14,1,1
BRDA:26,15,0,1
BRDA:26,15,1,1
BRDA:27,16,0,0
BRDA:27,16,1,1
BRDA:27,17,0,1
BRDA:27,17,1,1
BRF:36
BRH:28
end_of_record
TN:
SF:src/equipe-11/funcoes.js
FN:4,calculateField
FN:28,calculateMaintenance
FN:43,calculateRevenue
FNF:3
FNH:0
FNDA:0,calculateField
FNDA:0,calculateMaintenance
FNDA:0,calculateRevenue
DA:1,18
DA:2,18
DA:5,0
DA:6,0
DA:8,0
DA:9,0
DA:10,0
DA:12,0
DA:13,0
DA:14,0
DA:16,0
DA:29,0
DA:33,0
DA:44,0
DA:48,0
DA:57,18
LF:16
LH:3
BRDA:8,0,0,0
BRDA:8,0,1,0
BRDA:9,1,0,0
BRDA:9,1,1,0
BRDA:10,2,0,0
BRDA:10,2,1,0
BRF:6
BRH:0
end_of_record
TN:
SF:src/equipe-11/routes.js
FN:12,(anonymous_0)
FN:22,checkAuth
FN:33,(anonymous_2)
FN:67,(anonymous_3)
FN:107,(anonymous_4)
FNF:5
FNH:0
FNDA:0,(anonymous_0)
FNDA:0,checkAuth
FNDA:0,(anonymous_2)
FNDA:0,(anonymous_3)
FNDA:0,(anonymous_4)
DA:1,18
DA:8,18
DA:10,18
DA:12,18
DA:13,0
DA:15,0
DA:16,0
DA:19,0
DA:23,0
DA:24,0
DA:26,0
DA:27,0
DA:30,0
DA:33,18
DA:40,0
DA:42,0
DA:43,0
DA:45,0
DA:49,0
DA:52,0
DA:53,0
DA:61,0
DA:63,0
DA:67,18
DA:74,0
DA:76,0
DA:77,0
DA:78,0
DA:79,0
DA:80,0
DA:82,0
DA:89,0
DA:92,0
DA:93,0
DA:101,0
DA:103,0
DA:107,18
DA:113,0
DA:115,0
DA:116,0
DA:117,0
DA:118,0
DA:120,0
DA:126,0
DA:129,0
DA:130,0
DA:137,0
DA:139,0
DA:143,18
LF:49
LH:8
BRDA:15,0,0,0
BRDA:15,0,1,0
BRDA:15,1,0,0
BRDA:15,1,1,0
BRDA:23,2,0,0
BRDA:23,2,1,0
BRDA:26,3,0,0
BRDA:26,3,1,0
BRDA:37,4,0,0
BRDA:38,5,0,0
BRDA:39,6,0,0
BRDA:45,7,0,0
BRDA:45,7,1,0
BRDA:46,8,0,0
BRDA:46,8,1,0
BRDA:46,8,2,0
BRDA:46,8,3,0
BRDA:69,9,0,0
BRDA:70,10,0,0
BRDA:71,11,0,0
BRDA:72,12,0,0
BRDA:73,13,0,0
BRDA:82,14,0,0
BRDA:82,14,1,0
BRDA:83,15,0,0
BRDA:83,15,1,0
BRDA:83,15,2,0
BRDA:83,15,3,0
BRDA:83,15,4,0
BRDA:83,15,5,0
BRDA:83,15,6,0
BRDA:83,15,7,0
BRDA:83,15,8,0
BRDA:83,15,9,0
BRDA:109,16,0,0
BRDA:110,17,0,0
BRDA:111,18,0,0
BRDA:112,19,0,0
BRDA:120,20,0,0
BRDA:120,20,1,0
BRDA:121,21,0,0
BRDA:121,21,1,0
BRDA:121,21,2,0
BRDA:121,21,3,0
BRDA:121,21,4,0
BRDA:121,21,5,0
BRDA:121,21,6,0
BRDA:121,21,7,0
BRF:48
BRH:0
end_of_record
TN:
SF:src/equipe-12/funcoes.js
FN:22,calcularPrecoVenda
FN:37,calcularMarkupDivisor
FN:63,calcularMarkup
FN:80,calcularMargem
FN:98,calcularPontoEquilibrio
FN:123,calcular
FN:154,arred
FN:158,arred4
FNF:8
FNH:8
FNDA:4,calcularPrecoVenda
FNDA:6,calcularMarkupDivisor
FNDA:4,calcularMarkup
FNDA:5,calcularMargem
FNDA:6,calcularPontoEquilibrio
FNDA:9,calcular
FNDA:61,arred
FNDA:8,arred4
DA:1,19
DA:23,4
DA:24,3
DA:26,2
DA:27,2
DA:29,2
DA:38,6
DA:40,5
DA:41,5
DA:42,2
DA:45,3
DA:46,3
DA:47,3
DA:48,3
DA:50,3
DA:64,4
DA:65,3
DA:67,2
DA:68,2
DA:69,2
DA:71,2
DA:81,5
DA:82,4
DA:83,3
DA:85,2
DA:86,2
DA:87,2
DA:89,2
DA:99,6
DA:100,5
DA:101,4
DA:102,3
DA:103,1
DA:106,2
DA:107,2
DA:108,2
DA:109,2
DA:111,2
DA:124,9
DA:125,9
DA:126,1
DA:129,8
DA:131,1
DA:133,3
DA:140,1
DA:142,1
DA:144,1
DA:150,1
DA:155,61
DA:159,8
DA:162,19
LF:51
LH:51
BRDA:23,0,0,1
BRDA:23,0,1,3
BRDA:24,1,0,1
BRDA:24,1,1,2
BRDA:38,2,0,1
BRDA:38,2,1,5
BRDA:41,3,0,2
BRDA:41,3,1,3
BRDA:64,4,0,1
BRDA:64,4,1,3
BRDA:65,5,0,1
BRDA:65,5,1,2
BRDA:81,6,0,1
BRDA:81,6,1,4
BRDA:82,7,0,1
BRDA:82,7,1,3
BRDA:83,8,0,1
BRDA:83,8,1,2
BRDA:99,9,0,1
BRDA:99,9,1,5
BRDA:100,10,0,1
BRDA:100,10,1,4
BRDA:101,11,0,1
BRDA:101,11,1,3
BRDA:102,12,0,1
BRDA:102,12,1,2
BRDA:125,13,0,1
BRDA:125,13,1,8
BRDA:129,14,0,1
BRDA:129,14,1,3
BRDA:129,14,2,1
BRDA:129,14,3,1
BRDA:129,14,4,1
BRDA:129,14,5,1
BRF:34
BRH:34
end_of_record
TN:
SF:src/equipe-12/routes.js
FN:6,(anonymous_0)
FN:13,(anonymous_1)
FNF:2
FNH:2
FNDA:1,(anonymous_0)
FNDA:3,(anonymous_1)
DA:1,18
DA:2,18
DA:4,18
DA:6,18
DA:7,1
DA:13,18
DA:14,3
DA:15,3
DA:16,1
DA:19,2
DA:20,1
DA:22,1
DA:26,18
LF:13
LH:13
BRDA:15,0,0,1
BRDA:15,0,1,2
BRDA:15,1,0,3
BRDA:15,1,1,2
BRF:4
BRH:4
end_of_record
TN:
SF:src/equipe-14/pricingRoutes.js
FN:11,(anonymous_0)
FN:15,(anonymous_1)
FN:16,(anonymous_2)
FN:26,(anonymous_3)
FN:27,(anonymous_4)
FN:37,(anonymous_5)
FN:38,(anonymous_6)
FN:49,responderCalculo
FN:61,normalizarEntrada
FN:62,(anonymous_9)
FN:65,(anonymous_10)
FN:66,(anonymous_11)
FNF:12
FNH:7
FNDA:1,(anonymous_0)
FNDA:2,(anonymous_1)
FNDA:2,(anonymous_2)
FNDA:0,(anonymous_3)
FNDA:0,(anonymous_4)
FNDA:0,(anonymous_5)
FNDA:0,(anonymous_6)
FNDA:2,responderCalculo
FNDA:2,normalizarEntrada
FNDA:9,(anonymous_9)
FNDA:0,(anonymous_10)
FNDA:9,(anonymous_11)
DA:1,18
DA:6,18
DA:7,18
DA:9,18
DA:11,18
DA:12,1
DA:15,18
DA:16,2
DA:26,18
DA:27,0
DA:37,18
DA:38,0
DA:50,2
DA:51,2
DA:53,1
DA:62,2
DA:63,9
DA:64,9
DA:65,9
DA:66,9
DA:68,9
DA:69,8
DA:73,18
LF:23
LH:21
BRDA:53,0,0,1
BRDA:53,0,1,0
BRDA:54,1,0,1
BRDA:54,1,1,0
BRDA:63,2,0,7
BRDA:63,3,0,9
BRDA:64,4,0,2
BRDA:64,4,1,7
BRDA:66,5,0,9
BRDA:66,5,1,8
BRDA:66,5,2,8
BRDA:68,6,0,9
BRDA:68,6,1,1
BRF:13
BRH:11
end_of_record
TN:
SF:src/equipe-14/pricingService.js
FN:3,calcularPrecoLiquido
FN:41,calcularPrecoBrutoNecessario
FN:79,calcularLucroMargem
FN:111,percentual
FN:115,calcularCargaTributaria
FN:119,validarCargaTributaria
FN:127,arredondarResultado
FN:129,(anonymous_7)
FNF:8
FNH:6
FNDA:1,calcularPrecoLiquido
FNDA:0,calcularPrecoBrutoNecessario
FNDA:0,calcularLucroMargem
FNDA:1,percentual
FNDA:1,calcularCargaTributaria
FNDA:1,validarCargaTributaria
FNDA:1,arredondarResultado
FNDA:13,(anonymous_7)
DA:1,18
DA:11,1
DA:12,1
DA:18,1
DA:20,1
DA:21,1
DA:22,1
DA:24,1
DA:49,0
DA:55,0
DA:57,0
DA:58,0
DA:59,0
DA:60,0
DA:62,0
DA:88,0
DA:96,0
DA:97,0
DA:98,0
DA:99,0
DA:101,0
DA:112,1
DA:116,1
DA:120,1
DA:121,0
DA:122,0
DA:123,0
DA:128,1
DA:129,13
DA:136,18
LF:30
LH:14
BRDA:5,0,0,0
BRDA:6,1,0,0
BRDA:7,2,0,0
BRDA:8,3,0,0
BRDA:9,4,0,0
BRDA:43,5,0,0
BRDA:44,6,0,0
BRDA:45,7,0,0
BRDA:46,8,0,0
BRDA:47,9,0,0
BRDA:82,10,0,0
BRDA:83,11,0,0
BRDA:84,12,0,0
BRDA:85,13,0,0
BRDA:86,14,0,0
BRDA:98,15,0,0
BRDA:98,15,1,0
BRDA:99,16,0,0
BRDA:99,16,1,0
BRDA:120,17,0,0
BRDA:120,17,1,1
BRDA:131,18,0,13
BRDA:131,18,1,0
BRF:23
BRH:2
end_of_record
TN:
SF:src/equipe-14/validation.js
FN:1,validarNumero
FNF:1
FNH:1
FNDA:9,validarNumero
DA:2,9
DA:3,0
DA:4,0
DA:5,0
DA:8,9
DA:10,9
DA:11,0
DA:12,0
DA:13,0
DA:16,9
DA:17,0
DA:18,0
DA:19,0
DA:22,9
DA:23,1
DA:24,1
DA:25,1
DA:28,8
DA:29,0
DA:30,0
DA:31,0
DA:34,8
DA:37,18
LF:23
LH:11
BRDA:1,0,0,0
BRDA:1,1,0,0
BRDA:2,2,0,0
BRDA:2,2,1,9
BRDA:2,3,0,9
BRDA:2,3,1,2
BRDA:2,3,2,2
BRDA:2,3,3,2
BRDA:10,4,0,0
BRDA:10,4,1,9
BRDA:16,5,0,0
BRDA:16,5,1,9
BRDA:22,6,0,1
BRDA:22,6,1,8
BRDA:22,7,0,9
BRDA:22,7,1,5
BRDA:28,8,0,0
BRDA:28,8,1,8
BRDA:28,9,0,8
BRDA:28,9,1,2
BRF:20
BRH:14
end_of_record
TN:
SF:src/equipe-15/freteRoutes.js
FN:10,validarNumeroPositivo
FN:11,(anonymous_1)
FN:26,validarTipoEntrega
FN:38,validarCidades
FN:55,(anonymous_4)
FN:66,(anonymous_5)
FN:87,(anonymous_6)
FN:100,(anonymous_7)
FN:112,(anonymous_8)
FNF:9
FNH:9
FNDA:36,validarNumeroPositivo
FNDA:8,(anonymous_1)
FNDA:10,validarTipoEntrega
FNDA:5,validarCidades
FNDA:1,(anonymous_4)
FNDA:3,(anonymous_5)
FNDA:3,(anonymous_6)
FNDA:1,(anonymous_7)
FNDA:2,(anonymous_8)
DA:1,18
DA:2,18
DA:4,18
DA:11,36
DA:12,8
DA:13,11
DA:14,11
DA:15,2
DA:17,9
DA:18,9
DA:19,1
DA:22,5
DA:27,10
DA:28,10
DA:29,10
DA:30,0
DA:32,10
DA:33,2
DA:35,8
DA:39,5
DA:40,5
DA:41,1
DA:43,4
DA:44,0
DA:46,4
DA:47,1
DA:49,3
DA:55,18
DA:56,1
DA:62,18
DA:67,3
DA:68,3
DA:73,3
DA:75,0
DA:84,18
DA:88,3
DA:89,3
DA:93,2
DA:95,1
DA:100,18
DA:101,1
DA:102,1
DA:108,18
DA:113,2
DA:114,2
DA:118,2
DA:120,0
DA:125,18
LF:48
LH:44
BRDA:14,0,0,2
BRDA:14,0,1,9
BRDA:14,1,0,11
BRDA:14,1,1,9
BRDA:14,1,2,9
BRDA:18,2,0,1
BRDA:18,2,1,8
BRDA:18,3,0,9
BRDA:18,3,1,9
BRDA:29,4,0,0
BRDA:29,4,1,10
BRDA:32,5,0,2
BRDA:32,5,1,8
BRDA:40,6,0,1
BRDA:40,6,1,4
BRDA:40,7,0,5
BRDA:40,7,1,4
BRDA:43,8,0,0
BRDA:43,8,1,4
BRDA:43,9,0,4
BRDA:43,9,1,4
BRDA:46,10,0,1
BRDA:46,10,1,3
BRDA:90,11,0,3
BRDA:90,11,1,0
BRDA:91,12,0,3
BRDA:91,12,1,0
BRF:27
BRH:23
end_of_record
TN:
SF:src/equipe-15/freteService.js
FN:30,calcularFrete
FN:58,calcularDistancia
FN:93,listarCidades
FN:100,calcularPrazo
FN:115,calcularDataUtil
FNF:5
FNH:5
FNDA:3,calcularFrete
FNDA:3,calcularDistancia
FNDA:1,listarCidades
FNDA:2,calcularPrazo
FNDA:2,calcularDataUtil
DA:4,18
DA:5,18
DA:7,18
DA:14,18
DA:31,3
DA:32,3
DA:34,3
DA:35,3
DA:37,3
DA:38,3
DA:39,3
DA:40,3
DA:42,3
DA:59,3
DA:60,3
DA:63,3
DA:67,3
DA:68,1
DA:71,2
DA:76,2
DA:77,0
DA:78,0
DA:79,2
DA:80,2
DA:81,2
DA:82,0
DA:83,0
DA:84,0
DA:86,0
DA:87,0
DA:90,2
DA:94,1
DA:101,2
DA:103,2
DA:104,2
DA:106,2
DA:107,2
DA:108,2
DA:109,2
DA:110,2
DA:112,2
DA:116,2
DA:117,2
DA:118,2
DA:119,11
DA:120,11
DA:121,11
DA:123,2
DA:126,18
LF:49
LH:42
BRDA:31,0,0,0
BRDA:31,0,1,3
BRDA:32,1,0,0
BRDA:32,1,1,3
BRDA:35,2,0,0
BRDA:35,2,1,3
BRDA:59,3,0,0
BRDA:59,3,1,3
BRDA:59,4,0,3
BRDA:59,4,1,3
BRDA:60,5,0,0
BRDA:60,5,1,3
BRDA:63,6,0,3
BRDA:63,6,1,3
BRDA:63,6,2,1
BRDA:63,6,3,0
BRDA:63,6,4,1
BRDA:67,7,0,1
BRDA:67,7,1,2
BRDA:76,8,0,0
BRDA:76,8,1,2
BRDA:79,9,0,2
BRDA:79,9,1,0
BRDA:82,10,0,0
BRDA:82,10,1,0
BRDA:101,11,0,0
BRDA:101,11,1,2
BRDA:104,12,0,0
BRDA:104,12,1,2
BRDA:121,13,0,7
BRDA:121,13,1,4
BRDA:121,14,0,11
BRDA:121,14,1,9
BRF:33
BRH:21
end_of_record
TN:
SF:src/equipe-17/funcoes.js
FN:64,_calcularDV
FN:73,decodificarChaveNF
FN:113,calcularImpostosNFVenda
FNF:3
FNH:3
FNDA:12,_calcularDV
FNDA:16,decodificarChaveNF
FNDA:12,calcularImpostosNFVenda
DA:1,18
DA:65,12
DA:67,12
DA:68,516
DA:69,12
DA:70,12
DA:74,16
DA:75,16
DA:77,12
DA:78,12
DA:79,12
DA:80,12
DA:81,12
DA:82,12
DA:83,12
DA:84,12
DA:85,12
DA:87,12
DA:88,12
DA:89,12
DA:90,12
DA:91,12
DA:93,12
DA:124,12
DA:126,12
DA:127,11
DA:128,9
DA:129,8
DA:130,0
DA:133,8
DA:135,7
DA:136,7
DA:138,7
DA:142,7
DA:144,7
DA:145,7
DA:146,7
DA:147,7
DA:149,7
DA:150,7
DA:151,7
DA:153,7
DA:178,18
LF:43
LH:42
BRDA:70,0,0,1
BRDA:70,0,1,11
BRDA:75,1,0,4
BRDA:75,1,1,12
BRDA:97,2,0,12
BRDA:97,2,1,0
BRDA:98,3,0,12
BRDA:98,3,1,0
BRDA:99,4,0,12
BRDA:99,4,1,0
BRDA:104,5,0,12
BRDA:104,5,1,0
BRDA:108,6,0,12
BRDA:108,6,1,0
BRDA:116,7,0,0
BRDA:117,8,0,8
BRDA:118,9,0,6
BRDA:119,10,0,11
BRDA:120,11,0,12
BRDA:121,12,0,12
BRDA:122,13,0,12
BRDA:123,14,0,12
BRDA:126,15,0,1
BRDA:126,15,1,11
BRDA:127,16,0,2
BRDA:127,16,1,9
BRDA:128,17,0,1
BRDA:128,17,1,8
BRDA:129,18,0,0
BRDA:129,18,1,8
BRDA:129,19,0,8
BRDA:129,19,1,8
BRDA:129,19,2,8
BRDA:129,19,3,8
BRDA:136,20,0,0
BRDA:136,20,1,7
BRDA:138,21,0,1
BRDA:138,21,1,6
BRDA:138,22,0,7
BRDA:138,22,1,1
BRDA:142,23,0,7
BRDA:142,23,1,0
BRF:42
BRH:33
end_of_record
TN:
SF:src/equipe-17/nfvendaRoutes.js
FN:6,(anonymous_0)
FN:10,(anonymous_1)
FN:21,(anonymous_2)
FNF:3
FNH:3
FNDA:1,(anonymous_0)
FNDA:3,(anonymous_1)
FNDA:4,(anonymous_2)
DA:1,18
DA:2,18
DA:4,18
DA:6,18
DA:7,1
DA:10,18
DA:11,3
DA:12,3
DA:13,3
DA:14,2
DA:15,1
DA:17,1
DA:21,18
DA:22,4
DA:23,4
DA:24,2
DA:26,2
DA:30,18
LF:18
LH:18
BRDA:13,0,0,1
BRDA:13,0,1,2
BRF:2
BRH:2
end_of_record
TN:
SF:src/equipe-18/local-nf-service.js
FN:46,icmsService
FN:82,ipiService
FN:122,pisCofinService
FN:145,nfCompletaService
FNF:4
FNH:4
FNDA:3,icmsService
FNDA:2,ipiService
FNDA:2,pisCofinService
FNDA:1,nfCompletaService
DA:1,18
DA:8,18
DA:38,18
DA:47,3
DA:49,3
DA:50,1
DA:53,2
DA:54,0
DA:57,2
DA:58,2
DA:60,2
DA:61,0
DA:64,2
DA:65,2
DA:67,2
DA:88,2
DA:90,2
DA:91,0
DA:94,2
DA:95,0
DA:98,2
DA:100,2
DA:101,0
DA:104,2
DA:105,2
DA:106,2
DA:108,2
DA:123,2
DA:125,2
DA:126,0
DA:129,2
DA:130,2
DA:131,2
DA:132,2
DA:134,2
DA:154,1
DA:157,1
DA:160,1
DA:168,1
DA:175,1
DA:176,1
DA:177,1
DA:178,1
DA:180,1
DA:181,1
DA:183,1
DA:220,18
LF:47
LH:41
BRDA:49,0,0,1
BRDA:49,0,1,2
BRDA:49,1,0,3
BRDA:49,1,1,2
BRDA:53,2,0,0
BRDA:53,2,1,2
BRDA:53,3,0,2
BRDA:53,3,1,2
BRDA:60,4,0,0
BRDA:60,4,1,2
BRDA:85,5,0,0
BRDA:86,6,0,0
BRDA:90,7,0,0
BRDA:90,7,1,2
BRDA:90,8,0,2
BRDA:90,8,1,2
BRDA:94,9,0,0
BRDA:94,9,1,2
BRDA:100,10,0,0
BRDA:100,10,1,2
BRDA:123,11,0,0
BRDA:123,12,0,0
BRDA:125,13,0,0
BRDA:125,13,1,2
BRDA:125,14,0,2
BRDA:125,14,1,2
BRDA:150,15,0,0
BRDA:151,16,0,0
BRF:28
BRH:16
end_of_record
TN:
SF:src/equipe-2/irpRoutes.js
FN:6,(anonymous_0)
FNF:1
FNH:1
FNDA:11,(anonymous_0)
DA:1,18
DA:2,18
DA:4,18
DA:6,18
DA:7,11
DA:9,11
DA:10,2
DA:13,9
DA:14,1
DA:17,8
DA:18,1
DA:21,7
DA:24,18
LF:13
LH:13
BRDA:9,0,0,2
BRDA:9,0,1,9
BRDA:9,1,0,11
BRDA:9,1,1,10
BRDA:13,2,0,1
BRDA:13,2,1,8
BRDA:13,3,0,9
BRDA:13,3,1,8
BRDA:17,4,0,1
BRDA:17,4,1,7
BRF:10
BRH:10
end_of_record
TN:
SF:src/equipe-2/irpService.js
FN:7,calcularImposto
FNF:1
FNH:1
FNDA:7,calcularImposto
DA:8,7
DA:9,7
DA:10,7
DA:11,7
DA:13,7
DA:14,7
DA:16,7
DA:17,3
DA:23,4
DA:24,1
DA:25,1
DA:27,1
DA:33,1
DA:40,3
DA:41,3
DA:42,3
DA:43,3
DA:44,3
DA:46,3
DA:52,3
DA:58,3
DA:66,7
DA:74,18
LF:23
LH:23
BRDA:16,0,0,3
BRDA:16,0,1,4
BRDA:23,1,0,1
BRDA:23,1,1,3
BRF:4
BRH:4
end_of_record
TN:
SF:src/equipe-20/funcoes.js
FN:25,calcularConsumoDiario
FN:44,calcularCustoMensal
FN:52,(anonymous_2)
FN:70,calcularEconomia
FN:99,calcular
FNF:5
FNH:0
FNDA:0,calcularConsumoDiario
FNDA:0,calcularCustoMensal
FNDA:0,(anonymous_2)
FNDA:0,calcularEconomia
FNDA:0,calcular
DA:6,18
DA:26,0
DA:27,0
DA:28,0
DA:30,0
DA:32,0
DA:34,0
DA:45,0
DA:46,0
DA:47,0
DA:49,0
DA:50,0
DA:52,0
DA:55,0
DA:57,0
DA:71,0
DA:72,0
DA:73,0
DA:74,0
DA:76,0
DA:77,0
DA:78,0
DA:79,0
DA:82,0
DA:83,0
DA:84,0
DA:86,0
DA:100,0
DA:101,0
DA:102,0
DA:103,0
DA:104,0
DA:108,18
LF:33
LH:2
BRDA:25,0,0,0
BRDA:26,1,0,0
BRDA:26,1,1,0
BRDA:27,2,0,0
BRDA:27,2,1,0
BRDA:28,3,0,0
BRDA:28,3,1,0
BRDA:44,4,0,0
BRDA:45,5,0,0
BRDA:45,5,1,0
BRDA:46,6,0,0
BRDA:46,6,1,0
BRDA:47,7,0,0
BRDA:47,7,1,0
BRDA:47,8,0,0
BRDA:47,8,1,0
BRDA:52,9,0,0
BRDA:52,9,1,0
BRDA:70,10,0,0
BRDA:71,11,0,0
BRDA:71,11,1,0
BRDA:72,12,0,0
BRDA:72,12,1,0
BRDA:72,13,0,0
BRDA:72,13,1,0
BRDA:73,14,0,0
BRDA:73,14,1,0
BRDA:74,15,0,0
BRDA:74,15,1,0
BRDA:100,16,0,0
BRDA:100,17,0,0
BRDA:100,18,0,0
BRDA:100,19,0,0
BRDA:100,20,0,0
BRDA:100,21,0,0
BRF:35
BRH:0
end_of_record
TN:
SF:src/equipe-21/funcoes.js
FN:21,converterNumero
FN:35,arredondarMoeda
FN:39,calcularBurgcalc
FN:44,(anonymous_3)
FNF:4
FNH:4
FNDA:58,converterNumero
FNDA:8,arredondarMoeda
FNDA:9,calcularBurgcalc
FNDA:46,(anonymous_3)
DA:1,19
DA:11,19
DA:22,58
DA:23,0
DA:26,58
DA:28,58
DA:29,2
DA:32,56
DA:36,8
DA:40,9
DA:41,0
DA:44,9
DA:45,46
DA:47,44
DA:48,1
DA:51,43
DA:54,6
DA:55,6
DA:57,6
DA:58,3
DA:61,3
DA:62,1
DA:65,2
DA:66,2
DA:67,2
DA:68,2
DA:70,2
DA:78,19
LF:28
LH:26
BRDA:22,0,0,0
BRDA:22,0,1,58
BRDA:22,1,0,58
BRDA:22,1,1,2
BRDA:28,2,0,2
BRDA:28,2,1,56
BRDA:40,3,0,0
BRDA:40,3,1,9
BRDA:40,4,0,9
BRDA:40,4,1,9
BRDA:40,4,2,9
BRDA:47,5,0,1
BRDA:47,5,1,43
BRDA:57,6,0,3
BRDA:57,6,1,3
BRDA:61,7,0,1
BRDA:61,7,1,2
BRF:17
BRH:15
end_of_record
TN:
SF:src/equipe-21/routes.js
FN:6,(anonymous_0)
FN:14,(anonymous_1)
FN:25,(anonymous_2)
FNF:3
FNH:3
FNDA:1,(anonymous_0)
FNDA:1,(anonymous_1)
FNDA:3,(anonymous_2)
DA:1,18
DA:2,18
DA:4,18
DA:6,18
DA:7,1
DA:14,18
DA:15,1
DA:25,18
DA:26,3
DA:27,3
DA:28,0
DA:34,3
DA:35,1
DA:37,2
DA:41,18
LF:15
LH:14
BRDA:27,0,0,0
BRDA:27,0,1,3
BRDA:27,1,0,3
BRDA:27,1,1,3
BRDA:27,1,2,3
BRF:5
BRH:4
end_of_record
TN:
SF:src/equipe-22/funcoes.js
FN:41,encontrarPotencia
FN:43,(anonymous_1)
FN:53,calcularKit
FN:75,calcularInstalacao
FN:115,calcular
FNF:5
FNH:5
FNDA:18,encontrarPotencia
FNDA:36,(anonymous_1)
FNDA:9,calcularKit
FNDA:8,calcularInstalacao
FNDA:7,calcular
DA:6,19
DA:42,18
DA:43,36
DA:44,17
DA:45,17
DA:54,9
DA:55,8
DA:56,7
DA:58,6
DA:59,6
DA:60,6
DA:62,6
DA:76,8
DA:77,8
DA:78,8
DA:80,8
DA:81,8
DA:84,8
DA:85,8
DA:86,8
DA:87,8
DA:90,8
DA:91,8
DA:92,8
DA:93,8
DA:94,8
DA:96,8
DA:116,7
DA:118,7
DA:119,6
DA:120,5
DA:122,3
DA:123,3
DA:125,3
DA:136,19
LF:35
LH:35
BRDA:42,0,0,1
BRDA:42,0,1,17
BRDA:44,1,0,0
BRDA:44,1,1,17
BRDA:54,2,0,1
BRDA:54,2,1,8
BRDA:55,3,0,1
BRDA:55,3,1,7
BRDA:56,4,0,1
BRDA:56,4,1,6
BRDA:76,5,0,0
BRDA:76,5,1,8
BRDA:77,6,0,0
BRDA:77,6,1,8
BRDA:78,7,0,0
BRDA:78,7,1,8
BRDA:90,8,0,8
BRDA:90,8,1,6
BRDA:91,9,0,8
BRDA:91,9,1,6
BRDA:92,10,0,8
BRDA:92,10,1,6
BRDA:118,11,0,1
BRDA:118,11,1,6
BRDA:119,12,0,1
BRDA:119,12,1,5
BRDA:120,13,0,2
BRDA:120,13,1,3
BRF:28
BRH:24
end_of_record
TN:
SF:src/equipe-22/routes.js
FN:6,(anonymous_0)
FNF:1
FNH:0
FNDA:0,(anonymous_0)
DA:1,18
DA:2,18
DA:3,18
DA:6,18
DA:7,0
DA:8,0
DA:10,0
DA:12,0
DA:16,18
LF:9
LH:5
BRF:0
BRH:0
end_of_record
TN:
SF:src/equipe-23/autonomiaController.js
FN:3,calcularAutonomia
FN:29,calcularCustoViagem
FN:52,compararCombustivel
FNF:3
FNH:0
FNDA:0,calcularAutonomia
FNDA:0,calcularCustoViagem
FNDA:0,compararCombustivel
DA:4,0
DA:5,0
DA:7,0
DA:8,0
DA:11,0
DA:14,0
DA:15,0
DA:16,0
DA:17,0
DA:19,0
DA:30,0
DA:31,0
DA:33,0
DA:34,0
DA:37,0
DA:38,0
DA:39,0
DA:41,0
DA:53,0
DA:54,0
DA:56,0
DA:57,0
DA:60,0
DA:61,0
DA:63,0
DA:65,0
DA:66,0
DA:68,0
DA:72,0
DA:85,18
LF:30
LH:1
BRDA:4,0,0,0
BRDA:4,0,1,0
BRDA:4,1,0,0
BRDA:4,1,1,0
BRDA:7,2,0,0
BRDA:7,2,1,0
BRDA:7,3,0,0
BRDA:7,3,1,0
BRDA:14,4,0,0
BRDA:14,4,1,0
BRDA:15,5,0,0
BRDA:15,5,1,0
BRDA:16,6,0,0
BRDA:16,6,1,0
BRDA:30,7,0,0
BRDA:30,7,1,0
BRDA:30,8,0,0
BRDA:30,8,1,0
BRDA:30,8,2,0
BRDA:33,9,0,0
BRDA:33,9,1,0
BRDA:33,10,0,0
BRDA:33,10,1,0
BRDA:33,10,2,0
BRDA:53,11,0,0
BRDA:53,11,1,0
BRDA:53,12,0,0
BRDA:53,12,1,0
BRDA:53,12,2,0
BRDA:53,12,3,0
BRDA:56,13,0,0
BRDA:56,13,1,0
BRDA:56,14,0,0
BRDA:56,14,1,0
BRDA:56,14,2,0
BRDA:56,14,3,0
BRDA:66,15,0,0
BRDA:66,15,1,0
BRDA:68,16,0,0
BRDA:68,16,1,0
BRDA:79,17,0,0
BRDA:79,17,1,0
BRF:42
BRH:0
end_of_record
TN:
SF:src/equipe-25/funcoes.js
FN:10,calcularMaoDeObra
FN:67,calcularCustosOperacionais
FN:101,calcularPrecoFinal
FN:146,calcular
FNF:4
FNH:4
FNDA:17,calcularMaoDeObra
FNDA:9,calcularCustosOperacionais
FNDA:7,calcularPrecoFinal
FNDA:4,calcular
DA:1,19
DA:11,17
DA:12,17
DA:13,17
DA:14,17
DA:15,17
DA:17,17
DA:18,3
DA:20,14
DA:21,2
DA:23,12
DA:24,2
DA:26,10
DA:27,0
DA:29,10
DA:30,2
DA:34,8
DA:36,8
DA:38,8
DA:40,8
DA:41,8
DA:45,8
DA:46,8
DA:49,8
DA:51,8
DA:68,9
DA:69,9
DA:70,9
DA:71,9
DA:73,9
DA:74,1
DA:76,8
DA:77,1
DA:79,7
DA:80,0
DA:82,7
DA:83,0
DA:86,7
DA:87,7
DA:88,7
DA:90,7
DA:102,7
DA:103,7
DA:104,7
DA:105,7
DA:106,7
DA:107,7
DA:109,7
DA:110,0
DA:112,7
DA:113,0
DA:115,7
DA:116,1
DA:120,6
DA:124,6
DA:127,6
DA:128,6
DA:130,6
DA:131,6
DA:133,6
DA:148,4
DA:151,4
DA:159,4
DA:169,4
DA:177,19
LF:65
LH:60
BRDA:12,0,0,10
BRDA:12,0,1,7
BRDA:12,1,0,17
BRDA:12,1,1,10
BRDA:13,2,0,10
BRDA:13,2,1,7
BRDA:13,3,0,17
BRDA:13,3,1,10
BRDA:14,4,0,8
BRDA:14,4,1,9
BRDA:14,5,0,17
BRDA:14,5,1,8
BRDA:15,6,0,10
BRDA:15,6,1,7
BRDA:15,7,0,17
BRDA:15,7,1,10
BRDA:17,8,0,3
BRDA:17,8,1,14
BRDA:17,9,0,17
BRDA:17,9,1,17
BRDA:20,10,0,2
BRDA:20,10,1,12
BRDA:20,11,0,14
BRDA:20,11,1,13
BRDA:23,12,0,2
BRDA:23,12,1,10
BRDA:23,13,0,12
BRDA:23,13,1,11
BRDA:26,14,0,0
BRDA:26,14,1,10
BRDA:26,15,0,10
BRDA:26,15,1,10
BRDA:29,16,0,2
BRDA:29,16,1,8
BRDA:29,17,0,10
BRDA:29,17,1,9
BRDA:68,18,0,9
BRDA:68,18,1,0
BRDA:69,19,0,9
BRDA:69,19,1,1
BRDA:73,20,0,1
BRDA:73,20,1,8
BRDA:73,21,0,9
BRDA:73,21,1,9
BRDA:76,22,0,1
BRDA:76,22,1,7
BRDA:76,23,0,8
BRDA:76,23,1,8
BRDA:79,24,0,0
BRDA:79,24,1,7
BRDA:79,25,0,7
BRDA:79,25,1,7
BRDA:82,26,0,0
BRDA:82,26,1,7
BRDA:82,27,0,7
BRDA:82,27,1,7
BRDA:104,28,0,7
BRDA:104,28,1,0
BRDA:105,29,0,7
BRDA:105,29,1,1
BRDA:109,30,0,0
BRDA:109,30,1,7
BRDA:109,31,0,7
BRDA:109,31,1,7
BRDA:112,32,0,0
BRDA:112,32,1,7
BRDA:112,33,0,7
BRDA:112,33,1,7
BRDA:115,34,0,1
BRDA:115,34,1,6
BRDA:115,35,0,7
BRDA:115,35,1,7
BRDA:115,35,2,7
BRDA:124,36,0,0
BRDA:124,36,1,6
BRF:75
BRH:67
end_of_record
TN:
SF:src/equipe-25/routes.js
FN:6,(anonymous_0)
FN:26,(anonymous_1)
FN:43,(anonymous_2)
FN:60,(anonymous_3)
FN:77,(anonymous_4)
FNF:5
FNH:5
FNDA:1,(anonymous_0)
FNDA:2,(anonymous_1)
FNDA:1,(anonymous_2)
FNDA:1,(anonymous_3)
FNDA:2,(anonymous_4)
DA:1,18
DA:2,18
DA:3,18
DA:6,18
DA:7,1
DA:8,1
DA:18,0
DA:26,18
DA:27,2
DA:28,2
DA:29,2
DA:30,0
DA:32,2
DA:33,1
DA:35,1
DA:43,18
DA:44,1
DA:45,1
DA:46,1
DA:47,0
DA:49,1
DA:50,1
DA:52,0
DA:60,18
DA:61,1
DA:62,1
DA:63,1
DA:64,0
DA:66,1
DA:67,1
DA:69,0
DA:77,18
DA:78,2
DA:79,2
DA:81,2
DA:82,0
DA:86,2
DA:87,1
DA:88,1
DA:89,1
DA:90,0
DA:92,1
DA:93,1
DA:97,1
DA:98,1
DA:100,0
DA:101,0
DA:105,18
LF:48
LH:38
BRDA:29,0,0,0
BRDA:29,0,1,2
BRDA:29,1,0,2
BRDA:29,1,1,2
BRDA:46,2,0,0
BRDA:46,2,1,1
BRDA:46,3,0,1
BRDA:46,3,1,1
BRDA:63,4,0,0
BRDA:63,4,1,1
BRDA:63,5,0,1
BRDA:63,5,1,1
BRDA:81,6,0,0
BRDA:81,6,1,2
BRDA:81,7,0,2
BRDA:81,7,1,2
BRDA:86,8,0,1
BRDA:86,8,1,1
BRDA:86,9,0,2
BRDA:86,9,1,1
BRDA:89,10,0,0
BRDA:89,10,1,1
BRDA:89,11,0,1
BRDA:89,11,1,1
BRDA:89,11,2,1
BRDA:89,11,3,1
BRF:26
BRH:21
end_of_record
TN:
SF:src/equipe-5/server.js
FN:11,(anonymous_0)
FN:18,(anonymous_1)
FNF:2
FNH:0
FNDA:0,(anonymous_0)
FNDA:0,(anonymous_1)
DA:1,1
DA:2,1
DA:3,1
DA:5,1
DA:6,1
DA:8,1
DA:9,1
DA:11,1
DA:12,0
DA:15,1
DA:17,1
DA:18,0
DA:19,0
DA:23,1
LF:14
LH:11
BRDA:6,0,0,1
BRDA:6,0,1,1
BRDA:17,1,0,0
BRDA:17,1,1,1
BRF:4
BRH:3
end_of_record
TN:
SF:src/equipe-5/controllers/energyController.js
FN:3,(anonymous_0)
FN:13,(anonymous_1)
FN:28,(anonymous_2)
FNF:3
FNH:3
FNDA:2,(anonymous_0)
FNDA:2,(anonymous_1)
FNDA:2,(anonymous_2)
DA:1,19
DA:3,19
DA:4,2
DA:5,2
DA:6,2
DA:7,1
DA:9,1
DA:13,19
DA:14,2
DA:15,2
DA:17,2
DA:18,1
DA:21,1
DA:22,1
DA:24,0
DA:28,19
DA:29,2
DA:30,2
DA:32,2
DA:33,1
DA:36,1
DA:37,1
DA:39,0
DA:43,19
LF:24
LH:22
BRDA:17,0,0,1
BRDA:17,0,1,1
BRDA:17,1,0,2
BRDA:17,1,1,2
BRDA:32,2,0,1
BRDA:32,2,1,1
BRDA:32,3,0,2
BRDA:32,3,1,1
BRDA:32,3,2,1
BRF:9
BRH:9
end_of_record
TN:
SF:src/equipe-5/routes/energy.js
FNF:0
FNH:0
DA:1,19
DA:2,19
DA:4,19
DA:6,19
DA:7,19
DA:8,19
DA:10,19
LF:7
LH:7
BRF:0
BRH:0
end_of_record
TN:
SF:src/equipe-5/services/energyService.js
FN:8,calcularConsumo
FN:13,(anonymous_1)
FN:25,(anonymous_2)
FN:29,calcularConta
FN:44,simularComparacao
FNF:5
FNH:5
FNDA:17,calcularConsumo
FNDA:17,(anonymous_1)
FNDA:15,(anonymous_2)
FNDA:16,calcularConta
FNDA:5,simularComparacao
DA:1,20
DA:9,17
DA:10,3
DA:13,14
DA:14,17
DA:15,1
DA:17,16
DA:18,1
DA:21,15
DA:22,15
DA:25,15
DA:26,12
DA:30,16
DA:31,15
DA:33,14
DA:34,1
DA:37,13
DA:38,13
DA:39,13
DA:41,13
DA:45,5
DA:46,4
DA:48,4
DA:49,4
DA:51,4
DA:52,4
DA:54,4
DA:63,20
LF:28
LH:28
BRDA:8,0,0,16
BRDA:9,1,0,3
BRDA:9,1,1,14
BRDA:9,2,0,17
BRDA:9,2,1,16
BRDA:14,3,0,1
BRDA:14,3,1,16
BRDA:14,4,0,17
BRDA:14,4,1,17
BRDA:14,4,2,17
BRDA:17,5,0,1
BRDA:17,5,1,15
BRDA:17,6,0,16
BRDA:17,6,1,15
BRDA:29,7,0,2
BRDA:30,8,0,1
BRDA:30,8,1,15
BRDA:31,9,0,1
BRDA:31,9,1,14
BRDA:33,10,0,1
BRDA:33,10,1,13
BRDA:44,11,0,4
BRDA:59,12,0,4
BRDA:59,12,1,0
BRF:24
BRH:23
end_of_record
TN:
SF:src/equipe-6/rotasSaunaGrupo6.js
FN:5,(anonymous_0)
FN:38,(anonymous_1)
FN:73,(anonymous_2)
FNF:3
FNH:3
FNDA:2,(anonymous_0)
FNDA:2,(anonymous_1)
FNDA:2,(anonymous_2)
DA:1,18
DA:2,18
DA:5,18
DA:6,2
DA:9,2
DA:10,1
DA:14,1
DA:15,1
DA:16,1
DA:17,1
DA:20,1
DA:21,1
DA:22,1
DA:23,1
DA:25,1
DA:27,1
DA:38,18
DA:39,2
DA:41,2
DA:42,1
DA:46,1
DA:47,1
DA:48,1
DA:49,0
DA:50,0
DA:54,1
DA:55,1
DA:56,1
DA:58,1
DA:59,1
DA:61,1
DA:63,1
DA:73,18
DA:74,2
DA:76,2
DA:77,1
DA:81,1
DA:82,1
DA:84,1
DA:86,1
DA:88,1
DA:96,18
LF:42
LH:40
BRDA:9,0,0,1
BRDA:9,0,1,1
BRDA:9,1,0,2
BRDA:9,1,1,2
BRDA:9,1,2,1
BRDA:9,1,3,1
BRDA:20,2,0,1
BRDA:20,2,1,0
BRDA:23,3,0,1
BRDA:23,3,1,0
BRDA:41,4,0,1
BRDA:41,4,1,1
BRDA:41,5,0,2
BRDA:41,5,1,2
BRDA:47,6,0,1
BRDA:47,6,1,0
BRDA:47,7,0,1
BRDA:47,7,1,1
BRDA:49,8,0,0
BRDA:49,8,1,0
BRDA:55,9,0,1
BRDA:55,9,1,0
BRDA:56,10,0,0
BRDA:56,10,1,1
BRDA:59,11,0,1
BRDA:59,11,1,0
BRDA:76,12,0,1
BRDA:76,12,1,1
BRDA:76,13,0,2
BRDA:76,13,1,2
BRDA:76,13,2,2
BRF:31
BRH:23
end_of_record
TN:
SF:src/equipe-7/custos.js
FN:4,(anonymous_0)
FNF:1
FNH:1
FNDA:1,(anonymous_0)
DA:1,19
DA:2,19
DA:4,19
DA:5,1
DA:6,1
DA:7,1
DA:8,1
DA:14,19
LF:8
LH:8
BRF:0
BRH:0
end_of_record
TN:
SF:src/equipe-7/materiais.js
FN:4,(anonymous_0)
FNF:1
FNH:1
FNDA:2,(anonymous_0)
DA:1,19
DA:2,19
DA:4,19
DA:5,2
DA:6,2
DA:7,2
DA:10,19
LF:7
LH:7
BRF:0
BRH:0
end_of_record
TN:
SF:src/equipe-7/volume.js
FN:4,(anonymous_0)
FNF:1
FNH:1
FNDA:2,(anonymous_0)
DA:1,19
DA:2,19
DA:4,19
DA:5,2
DA:6,2
DA:7,2
DA:10,19
LF:7
LH:7
BRF:0
BRH:0
end_of_record
TN:
SF:src/equipe-9/funcoes.js
FN:10,calcularNF
FN:52,calcularNFInverso
FN:83,compararAliquotas
FNF:3
FNH:3
FNDA:28,calcularNF
FNDA:7,calcularNFInverso
FNDA:14,compararAliquotas
DA:1,2
DA:18,28
DA:21,28
DA:22,4
DA:25,24
DA:26,5
DA:30,19
DA:31,19
DA:32,19
DA:33,19
DA:36,19
DA:42,19
DA:60,7
DA:62,7
DA:63,4
DA:65,3
DA:66,3
DA:68,3
DA:69,3
DA:70,3
DA:71,3
DA:73,3
DA:89,14
DA:91,14
DA:93,10
DA:94,8
DA:96,7
DA:97,7
DA:99,7
DA:111,2
LF:30
LH:30
BRDA:13,0,0,1
BRDA:14,1,0,1
BRDA:15,2,0,1
BRDA:16,3,0,1
BRDA:17,4,0,1
BRDA:21,5,0,4
BRDA:21,5,1,24
BRDA:25,6,0,5
BRDA:25,6,1,19
BRDA:25,7,0,24
BRDA:25,7,1,20
BRDA:25,7,2,19
BRDA:25,7,3,19
BRDA:55,8,0,0
BRDA:56,9,0,0
BRDA:57,10,0,0
BRDA:58,11,0,0
BRDA:59,12,0,0
BRDA:62,13,0,3
BRDA:62,13,1,4
BRDA:63,14,0,1
BRDA:63,14,1,3
BRDA:63,15,0,4
BRDA:63,15,1,3
BRDA:63,15,2,3
BRDA:63,15,3,3
BRDA:86,16,0,1
BRDA:87,17,0,1
BRDA:88,18,0,1
BRDA:91,19,0,4
BRDA:91,19,1,10
BRDA:106,20,0,3
BRDA:106,20,1,4
BRDA:106,21,0,1
BRDA:106,21,1,3
BRF:35
BRH:30
end_of_record
TN:
SF:src/etec/constants/taxTables2026.js
FNF:0
FNH:0
DA:1,19
DA:11,19
DA:22,19
DA:29,19
DA:35,19
LF:5
LH:5
BRF:0
BRH:0
end_of_record
TN:
SF:src/etec/controllers/etecController.js
FN:17,getMetadata
FN:37,getTables
FN:49,postSalary
FN:55,postVacation
FN:61,postTermination
FN:67,validateJsonBody
FNF:6
FNH:6
FNDA:1,getMetadata
FNDA:1,getTables
FNDA:2,postSalary
FNDA:1,postVacation
FNDA:1,postTermination
FNDA:4,validateJsonBody
DA:1,18
DA:7,18
DA:8,18
DA:9,18
DA:10,18
DA:15,18
DA:18,1
DA:38,1
DA:50,2
DA:51,1
DA:52,1
DA:56,1
DA:57,1
DA:58,1
DA:62,1
DA:63,1
DA:64,1
DA:68,4
DA:69,0
DA:72,4
DA:75,18
LF:21
LH:20
BRDA:68,0,0,0
BRDA:68,0,1,4
BRDA:68,1,0,4
BRDA:68,1,1,4
BRDA:68,1,2,4
BRF:5
BRH:4
end_of_record
TN:
SF:src/etec/errors/ValidationError.js
FN:2,(anonymous_0)
FNF:1
FNH:1
FNDA:1,(anonymous_0)
DA:3,1
DA:4,1
DA:5,1
DA:9,18
LF:4
LH:4
BRF:0
BRH:0
end_of_record
TN:
SF:src/etec/middlewares/errorMiddleware.js
FN:1,handleError
FNF:1
FNH:1
FNDA:1,handleError
DA:2,1
DA:4,1
DA:10,18
LF:3
LH:3
BRDA:2,0,0,1
BRDA:2,0,1,0
BRDA:6,1,0,0
BRDA:6,1,1,1
BRF:4
BRH:2
end_of_record
TN:
SF:src/etec/routes/etecRoutes.js
FNF:0
FNH:0
DA:1,18
DA:9,18
DA:10,18
DA:12,18
DA:14,18
DA:15,18
DA:16,18
DA:17,18
DA:18,18
DA:19,18
DA:21,18
LF:11
LH:11
BRF:0
BRH:0
end_of_record
TN:
SF:src/etec/services/salaryService.js
FN:5,calculateEmployerCharges
FN:25,calculateSalary
FNF:2
FNH:2
FNDA:2,calculateEmployerCharges
FNDA:2,calculateSalary
DA:1,19
DA:2,19
DA:3,19
DA:6,2
DA:9,2
DA:10,2
DA:13,2
DA:17,2
DA:31,2
DA:32,2
DA:33,2
DA:38,2
DA:39,2
DA:42,2
DA:49,2
DA:61,19
LF:16
LH:16
BRDA:27,0,0,0
BRDA:28,1,0,0
BRDA:29,2,0,0
BRF:3
BRH:0
end_of_record
TN:
SF:src/etec/services/taxService.js
FN:7,calculateProgressiveTax
FN:32,calculateInssEmpregado
FN:37,calculateIrrf
FN:42,(anonymous_3)
FNF:4
FNH:4
FNDA:10,calculateProgressiveTax
FNDA:9,calculateInssEmpregado
FNDA:8,calculateIrrf
FNDA:19,(anonymous_3)
DA:4,19
DA:5,19
DA:8,10
DA:9,10
DA:11,10
DA:12,24
DA:13,24
DA:18,24
DA:19,24
DA:22,24
DA:24,24
DA:25,10
DA:29,10
DA:33,9
DA:34,9
DA:38,8
DA:42,19
DA:43,8
DA:45,8
DA:48,19
LF:20
LH:20
BRDA:18,0,0,24
BRDA:18,0,1,0
BRDA:24,1,0,10
BRDA:24,1,1,14
BRDA:37,2,0,0
BRDA:37,3,0,0
BRF:6
BRH:3
end_of_record
TN:
SF:src/etec/services/terminationService.js
FN:4,calculateTermination
FNF:1
FNH:1
FNDA:3,calculateTermination
DA:1,19
DA:2,19
DA:13,3
DA:14,3
DA:17,3
DA:20,3
DA:23,3
DA:27,3
DA:28,3
DA:35,3
DA:38,3
DA:39,3
DA:44,3
DA:46,3
DA:62,19
LF:15
LH:15
BRDA:9,0,0,0
BRDA:10,1,0,0
BRDA:11,2,0,0
BRDA:23,3,0,1
BRDA:23,3,1,2
BRDA:27,4,0,2
BRDA:27,4,1,1
BRDA:27,5,0,3
BRDA:27,5,1,3
BRF:9
BRH:6
end_of_record
TN:
SF:src/etec/services/vacationService.js
FN:4,calculateVacation
FNF:1
FNH:1
FNDA:2,calculateVacation
DA:1,19
DA:2,19
DA:5,2
DA:6,2
DA:7,2
DA:8,2
DA:9,2
DA:15,2
DA:25,19
LF:9
LH:9
BRDA:4,0,0,0
BRDA:4,1,0,0
BRF:2
BRH:0
end_of_record
TN:
SF:src/etec/utils/money.js
FN:1,roundMoney
FNF:1
FNH:1
FNDA:67,roundMoney
DA:2,67
DA:5,19
LF:2
LH:2
BRF:0
BRH:0
end_of_record
TN:
SF:src/etec/validators/calculationValidators.js
FN:3,readNumber
FN:35,readBoolean
FN:50,readEnum
FN:60,validateSalaryPayload
FN:83,validateVacationPayload
FN:103,validateTerminationPayload
FNF:6
FNH:6
FNDA:12,readNumber
FNDA:2,readBoolean
FNDA:1,readEnum
FNDA:2,validateSalaryPayload
FNDA:1,validateVacationPayload
FNDA:1,validateTerminationPayload
DA:1,18
DA:10,12
DA:11,12
DA:13,12
DA:14,2
DA:15,0
DA:18,10
DA:20,10
DA:21,0
DA:24,10
DA:25,0
DA:28,10
DA:29,1
DA:32,9
DA:36,2
DA:38,2
DA:39,0
DA:42,2
DA:44,0
DA:45,0
DA:47,0
DA:51,1
DA:53,1
DA:54,0
DA:57,1
DA:61,2
DA:84,1
DA:104,1
DA:132,18
LF:29
LH:21
BRDA:3,0,0,0
BRDA:5,1,0,7
BRDA:6,2,0,7
BRDA:7,3,0,0
BRDA:8,4,0,6
BRDA:9,5,0,6
BRDA:13,6,0,2
BRDA:13,6,1,10
BRDA:13,7,0,12
BRDA:13,7,1,10
BRDA:13,7,2,10
BRDA:14,8,0,2
BRDA:14,8,1,0
BRDA:20,9,0,0
BRDA:20,9,1,10
BRDA:24,10,0,0
BRDA:24,10,1,10
BRDA:24,11,0,10
BRDA:24,11,1,6
BRDA:28,12,0,1
BRDA:28,12,1,9
BRDA:28,13,0,10
BRDA:28,13,1,9
BRDA:35,14,0,0
BRDA:38,15,0,0
BRDA:38,15,1,2
BRDA:38,16,0,2
BRDA:38,16,1,2
BRDA:38,16,2,2
BRDA:42,17,0,2
BRDA:42,17,1,0
BRDA:44,18,0,0
BRDA:44,18,1,0
BRDA:45,19,0,0
BRDA:45,19,1,0
BRDA:51,20,0,1
BRDA:51,20,1,0
BRDA:53,21,0,0
BRDA:53,21,1,1
BRF:39
BRH:25
end_of_record
TN:
SF:src/etec64/controllers/aprovacaoController.js
FN:16,(anonymous_0)
FN:35,(anonymous_1)
FNF:2
FNH:2
FNDA:7,(anonymous_0)
FNDA:6,(anonymous_1)
DA:8,18
DA:16,18
DA:17,7
DA:18,4
DA:19,2
DA:20,2
DA:35,18
DA:36,6
DA:37,6
DA:40,6
DA:41,1
DA:48,5
DA:49,5
DA:50,2
DA:51,2
DA:52,1
DA:57,1
DA:59,3
DA:60,3
DA:61,0
DA:69,4
DA:70,4
DA:71,0
DA:78,4
DA:79,4
DA:80,0
DA:88,4
DA:89,4
DA:91,4
DA:92,4
DA:93,4
DA:96,4
DA:97,3
DA:98,1
DA:99,1
DA:100,1
DA:103,2
DA:104,1
DA:105,1
DA:106,1
DA:110,1
DA:111,1
DA:114,1
DA:115,1
DA:117,1
DA:126,1
DA:127,1
DA:128,1
DA:129,1
DA:131,1
DA:132,1
DA:134,1
DA:135,0
DA:137,1
DA:138,1
DA:139,0
DA:146,1
DA:147,1
DA:148,1
DA:149,1
DA:151,1
DA:152,1
DA:153,0
DA:155,1
DA:156,0
DA:159,1
DA:160,1
DA:162,1
DA:175,4
DA:187,0
LF:70
LH:62
BRDA:17,0,0,3
BRDA:17,0,1,4
BRDA:18,1,0,2
BRDA:18,1,1,2
BRDA:19,2,0,0
BRDA:19,2,1,2
BRDA:40,3,0,1
BRDA:40,3,1,5
BRDA:40,4,0,6
BRDA:40,4,1,6
BRDA:49,5,0,2
BRDA:49,5,1,3
BRDA:51,6,0,1
BRDA:51,6,1,1
BRDA:60,7,0,0
BRDA:60,7,1,3
BRDA:60,8,0,3
BRDA:60,8,1,3
BRDA:60,8,2,3
BRDA:70,9,0,0
BRDA:70,9,1,4
BRDA:70,10,0,4
BRDA:70,10,1,4
BRDA:70,10,2,4
BRDA:78,11,0,4
BRDA:78,11,1,0
BRDA:79,12,0,0
BRDA:79,12,1,4
BRDA:79,13,0,4
BRDA:79,13,1,4
BRDA:79,13,2,4
BRDA:96,14,0,3
BRDA:96,14,1,1
BRDA:97,15,0,1
BRDA:97,15,1,2
BRDA:103,16,0,1
BRDA:103,16,1,1
BRDA:118,17,0,0
BRDA:118,17,1,1
BRDA:118,18,0,0
BRDA:118,18,1,1
BRDA:134,19,0,0
BRDA:134,19,1,1
BRDA:138,20,0,0
BRDA:138,20,1,1
BRDA:152,21,0,0
BRDA:152,21,1,1
BRDA:155,22,0,0
BRDA:155,22,1,1
BRDA:159,23,0,1
BRDA:159,23,1,0
BRDA:160,24,0,0
BRDA:160,24,1,1
BRDA:163,25,0,1
BRDA:163,25,1,0
BRDA:164,26,0,0
BRDA:164,26,1,1
BRDA:169,27,0,1
BRDA:169,27,1,0
BRDA:169,28,0,1
BRDA:169,28,1,1
BRF:61
BRH:45
end_of_record
TN:
SF:src/etec64/controllers/frequenciaController.js
FN:17,(anonymous_0)
FNF:1
FNH:1
FNDA:7,(anonymous_0)
DA:17,18
DA:18,7
DA:19,7
DA:22,7
DA:23,1
DA:29,6
DA:30,6
DA:32,6
DA:33,1
DA:39,5
DA:40,1
DA:46,4
DA:47,1
DA:54,3
DA:55,3
DA:58,3
DA:59,3
DA:62,3
DA:63,3
DA:65,3
DA:82,0
LF:21
LH:20
BRDA:22,0,0,1
BRDA:22,0,1,6
BRDA:22,1,0,7
BRDA:22,1,1,7
BRDA:32,2,0,1
BRDA:32,2,1,5
BRDA:32,3,0,6
BRDA:32,3,1,6
BRDA:39,4,0,1
BRDA:39,4,1,4
BRDA:39,5,0,5
BRDA:39,5,1,5
BRDA:46,6,0,1
BRDA:46,6,1,3
BRDA:75,7,0,2
BRDA:75,7,1,1
BRDA:76,8,0,2
BRDA:76,8,1,1
BRF:18
BRH:18
end_of_record
TN:
SF:src/etec64/controllers/mediaController.js
FN:15,(anonymous_0)
FN:33,(anonymous_1)
FN:81,(anonymous_2)
FNF:3
FNH:3
FNDA:3,(anonymous_0)
FNDA:6,(anonymous_1)
FNDA:10,(anonymous_2)
DA:7,18
DA:15,18
DA:16,3
DA:17,3
DA:18,1
DA:19,1
DA:33,18
DA:34,6
DA:35,6
DA:37,6
DA:38,1
DA:44,5
DA:45,5
DA:48,5
DA:49,14
DA:51,14
DA:52,8
DA:53,0
DA:59,8
DA:60,8
DA:61,1
DA:66,7
DA:69,6
DA:70,6
DA:71,1
DA:76,5
DA:81,10
DA:82,3
DA:83,3
DA:84,3
DA:86,3
DA:102,0
LF:32
LH:30
BRDA:16,0,0,0
BRDA:16,0,1,3
BRDA:17,1,0,2
BRDA:17,1,1,1
BRDA:18,2,0,0
BRDA:18,2,1,1
BRDA:37,3,0,1
BRDA:37,3,1,5
BRDA:37,4,0,6
BRDA:37,4,1,6
BRDA:37,4,2,6
BRDA:45,5,0,5
BRDA:45,5,1,2
BRDA:45,6,0,1
BRDA:45,6,1,1
BRDA:51,7,0,8
BRDA:51,7,1,6
BRDA:52,8,0,0
BRDA:52,8,1,8
BRDA:60,9,0,1
BRDA:60,9,1,7
BRDA:70,10,0,1
BRDA:70,10,1,5
BRDA:70,11,0,6
BRDA:70,11,1,6
BRDA:70,11,2,6
BRDA:96,12,0,2
BRDA:96,12,1,1
BRF:28
BRH:25
end_of_record
TN:
SF:src/etec64/routes/etecRoutes.js
FNF:0
FNH:0
DA:1,18
DA:2,18
DA:3,18
DA:4,18
DA:6,18
DA:8,18
DA:9,18
DA:10,18
DA:12,18
LF:9
LH:9
BRF:0
BRH:0
end_of_record
TN:
SF:src/grupo-19/server.js
FN:14,(anonymous_0)
FN:35,(anonymous_1)
FNF:2
FNH:1
FNDA:1,(anonymous_0)
FNDA:0,(anonymous_1)
DA:1,1
DA:2,1
DA:3,1
DA:5,1
DA:6,1
DA:8,1
DA:9,1
DA:12,1
DA:14,1
DA:15,1
DA:34,1
DA:35,0
DA:36,0
DA:37,0
DA:41,1
LF:15
LH:12
BRDA:6,0,0,1
BRDA:6,0,1,1
BRDA:34,1,0,0
BRDA:34,1,1,1
BRF:4
BRH:3
end_of_record
TN:
SF:src/grupo-19/controllers/FinanciamentoController.js
FN:13,(anonymous_0)
FN:25,(anonymous_1)
FN:35,(anonymous_2)
FN:45,(anonymous_3)
FN:55,(anonymous_4)
FNF:5
FNH:5
FNDA:22,(anonymous_0)
FNDA:8,(anonymous_1)
FNDA:5,(anonymous_2)
FNDA:6,(anonymous_3)
FNDA:8,(anonymous_4)
DA:1,2
DA:2,2
DA:3,2
DA:14,22
DA:15,22
DA:16,22
DA:17,22
DA:19,22
DA:20,7
DA:22,15
DA:26,8
DA:27,8
DA:28,6
DA:29,3
DA:31,5
DA:36,5
DA:37,5
DA:38,4
DA:39,3
DA:41,2
DA:46,6
DA:47,6
DA:48,4
DA:49,4
DA:51,2
DA:56,8
DA:57,8
DA:58,8
DA:59,8
DA:61,8
DA:62,2
DA:64,6
DA:67,3
DA:68,3
DA:69,3
DA:72,3
DA:74,3
DA:85,5
DA:90,2
LF:39
LH:39
BRDA:19,0,0,7
BRDA:19,0,1,15
BRDA:61,1,0,2
BRDA:61,1,1,6
BRDA:64,2,0,3
BRDA:64,2,1,3
BRF:6
BRH:6
end_of_record
TN:
SF:src/grupo-19/models/ComparadorFinanciamento.js
FN:9,(anonymous_0)
FN:14,(anonymous_1)
FNF:2
FNH:2
FNDA:8,(anonymous_0)
FNDA:8,(anonymous_1)
DA:1,3
DA:2,3
DA:10,8
DA:11,8
DA:15,8
DA:16,8
DA:17,8
DA:19,8
DA:34,3
LF:9
LH:9
BRDA:28,0,0,8
BRDA:28,0,1,0
BRF:2
BRH:1
end_of_record
TN:
SF:src/grupo-19/models/Financiamento.js
FN:12,(anonymous_0)
FN:25,(anonymous_1)
FN:34,(anonymous_2)
FN:39,(anonymous_3)
FN:41,(anonymous_4)
FNF:5
FNH:4
FNDA:42,(anonymous_0)
FNDA:41,(anonymous_1)
FNDA:0,(anonymous_2)
FNDA:23,(anonymous_3)
FNDA:2760,(anonymous_4)
DA:13,42
DA:14,1
DA:16,41
DA:17,35
DA:18,35
DA:19,35
DA:20,35
DA:21,35
DA:22,35
DA:26,41
DA:27,41
DA:28,41
DA:29,38
DA:30,35
DA:35,0
DA:40,23
DA:41,2760
DA:42,23
DA:43,23
DA:60,3
LF:20
LH:19
BRDA:13,0,0,1
BRDA:13,0,1,41
BRDA:26,1,0,0
BRDA:26,1,1,41
BRDA:27,2,0,0
BRDA:27,2,1,41
BRDA:28,3,0,3
BRDA:28,3,1,38
BRDA:29,4,0,3
BRDA:29,4,1,35
BRDA:30,5,0,0
BRDA:30,5,1,35
BRDA:30,6,0,35
BRDA:30,6,1,35
BRF:14
BRH:11
end_of_record
TN:
SF:src/grupo-19/models/FinanciamentoPRICE.js
FN:9,(anonymous_0)
FN:17,(anonymous_1)
FN:28,(anonymous_2)
FNF:3
FNH:3
FNDA:17,(anonymous_0)
FNDA:16,(anonymous_1)
FNDA:16,(anonymous_2)
DA:1,3
DA:10,17
DA:18,16
DA:19,16
DA:20,16
DA:21,16
DA:29,16
DA:30,16
DA:31,16
DA:33,16
DA:34,1920
DA:35,1920
DA:36,1920
DA:38,1920
DA:46,16
DA:50,3
LF:16
LH:16
BRF:0
BRH:0
end_of_record
TN:
SF:src/grupo-19/models/FinanciamentoSAC.js
FN:9,(anonymous_0)
FN:17,(anonymous_1)
FNF:2
FNH:2
FNDA:24,(anonymous_0)
FNDA:16,(anonymous_1)
DA:1,3
DA:10,24
DA:18,16
DA:19,16
DA:20,16
DA:22,16
DA:23,1920
DA:24,1920
DA:25,1920
DA:27,1920
DA:35,16
DA:39,3
LF:12
LH:12
BRF:0
BRH:0
end_of_record
TN:
SF:src/grupo-19/routes/financiamento.js
FN:6,(anonymous_0)
FN:7,(anonymous_1)
FN:8,(anonymous_2)
FN:9,(anonymous_3)
FN:11,(anonymous_4)
FNF:5
FNH:5
FNDA:5,(anonymous_0)
FNDA:3,(anonymous_1)
FNDA:4,(anonymous_2)
FNDA:4,(anonymous_3)
FNDA:1,(anonymous_4)
DA:1,1
DA:2,1
DA:3,1
DA:6,5
DA:7,3
DA:8,4
DA:9,4
DA:11,1
DA:12,1
DA:15,1
LF:10
LH:10
BRF:0
BRH:0
end_of_record
TN:
SF:src/grupo13-markup/markupController.js
FN:1,(anonymous_0)
FN:22,(anonymous_1)
FN:43,(anonymous_2)
FNF:3
FNH:3
FNDA:3,(anonymous_0)
FNDA:2,(anonymous_1)
FNDA:2,(anonymous_2)
DA:1,18
DA:2,3
DA:3,3
DA:4,1
DA:5,2
DA:6,0
DA:7,2
DA:8,2
DA:9,1
DA:10,1
DA:11,1
DA:12,1
DA:22,18
DA:23,2
DA:24,2
DA:25,0
DA:26,2
DA:27,0
DA:28,2
DA:29,1
DA:30,1
DA:31,1
DA:32,1
DA:33,1
DA:43,18
DA:44,2
DA:45,2
DA:46,0
DA:47,2
DA:48,1
DA:49,1
DA:50,1
DA:51,1
DA:61,18
LF:34
LH:30
BRDA:3,0,0,1
BRDA:3,0,1,2
BRDA:3,1,0,3
BRDA:3,1,1,3
BRDA:3,1,2,2
BRDA:5,2,0,0
BRDA:5,2,1,2
BRDA:8,3,0,1
BRDA:8,3,1,1
BRDA:24,4,0,0
BRDA:24,4,1,2
BRDA:24,5,0,2
BRDA:24,5,1,2
BRDA:24,5,2,2
BRDA:26,6,0,0
BRDA:26,6,1,2
BRDA:26,7,0,2
BRDA:26,7,1,2
BRDA:28,8,0,1
BRDA:28,8,1,1
BRDA:45,9,0,0
BRDA:45,9,1,2
BRDA:45,10,0,2
BRDA:45,10,1,2
BRDA:45,10,2,2
BRDA:47,11,0,1
BRDA:47,11,1,1
BRF:27
BRH:23
end_of_record
TN:
SF:src/grupo13-markup/routes.js
FN:5,(anonymous_0)
FNF:1
FNH:0
FNDA:0,(anonymous_0)
DA:1,18
DA:2,18
DA:3,18
DA:5,18
DA:6,18
DA:7,18
DA:8,18
DA:10,18
LF:8
LH:8
BRF:0
BRH:0
end_of_record
