<?xml version="1.0" encoding="UTF-8"?>
<testsuites name="jest tests" tests="9" failures="0" errors="0" time="0.393">
  <testsuite name="Teste de Saude -&gt; GET /health" errors="0" failures="0" skipped="0" timestamp="2026-05-21T00:39:13" time="0.214" tests="2">
    <testcase classname="Teste de Saude -&gt; GET /health deve retornar status ok" name="Teste de Saude -&gt; GET /health deve retornar status ok" time="0.018">
    </testcase>
    <testcase classname="GET /api/tabelas deve retornar a tebela de constantes " name="GET /api/tabelas deve retornar a tebela de constantes " time="0.004">
    </testcase>
  </testsuite>
  <testsuite name="Testes da API - Calculadora de Sauna" errors="0" failures="0" skipped="0" timestamp="2026-05-21T00:39:14" time="0.072" tests="6">
    <testcase classname="Testes da API - Calculadora de Sauna Deve calcular os materiais da sauna úmida corretamente" name="Testes da API - Calculadora de Sauna Deve calcular os materiais da sauna úmida corretamente" time="0.009">
    </testcase>
    <testcase classname="Testes da API - Calculadora de Sauna Deve retornar erro 400 se faltarem parâmetros no POST de materiais" name="Testes da API - Calculadora de Sauna Deve retornar erro 400 se faltarem parâmetros no POST de materiais" time="0.003">
    </testcase>
    <testcase classname="Testes da API - Calculadora de Sauna Deve calcular os equipamentos da sauna seca corretamente para volume médio" name="Testes da API - Calculadora de Sauna Deve calcular os equipamentos da sauna seca corretamente para volume médio" time="0.002">
    </testcase>
    <testcase classname="Testes da API - Calculadora de Sauna Deve retornar erro 400 se faltarem parâmetros em equipamentos" name="Testes da API - Calculadora de Sauna Deve retornar erro 400 se faltarem parâmetros em equipamentos" time="0.002">
    </testcase>
    <testcase classname="Testes da API - Calculadora de Sauna Deve calcular os custos de manutenção mensal corretamente" name="Testes da API - Calculadora de Sauna Deve calcular os custos de manutenção mensal corretamente" time="0.002">
    </testcase>
    <testcase classname="Testes da API - Calculadora de Sauna Deve retornar erro 400 se faltarem parâmetros em manutenção" name="Testes da API - Calculadora de Sauna Deve retornar erro 400 se faltarem parâmetros em manutenção" time="0.001">
    </testcase>
  </testsuite>
  <testsuite name="Teste de unitario" errors="0" failures="0" skipped="0" timestamp="2026-05-21T00:39:14" time="0.026" tests="1">
    <testcase classname="Teste de unitario deve retornar calculos" name="Teste de unitario deve retornar calculos" time="0.008">
    </testcase>
  </testsuite>
</testsuites>