<?xml version="1.0" encoding="UTF-8"?>
<testsuites name="jest tests" tests="34" failures="0" errors="0" time="7.93">
  <testsuite name="Unitário - calcularNF" errors="0" failures="0" skipped="0" timestamp="2026-05-27T17:55:58" time="4.982" tests="21">
    <testcase classname="Unitário - calcularNF deve calcular corretamente com alíquotas padrão" name="Unitário - calcularNF deve calcular corretamente com alíquotas padrão" time="0.004">
    </testcase>
    <testcase classname="Unitário - calcularNF deve calcular corretamente com valor diferente" name="Unitário - calcularNF deve calcular corretamente com valor diferente" time="0">
    </testcase>
    <testcase classname="Unitário - calcularNF deve lançar erro se valorProduto for zero" name="Unitário - calcularNF deve lançar erro se valorProduto for zero" time="0.036">
    </testcase>
    <testcase classname="Unitário - calcularNF deve lançar erro se valorProduto for negativo" name="Unitário - calcularNF deve lançar erro se valorProduto for negativo" time="0.001">
    </testcase>
    <testcase classname="Unitário - calcularNF deve lançar erro se algum imposto for negativo" name="Unitário - calcularNF deve lançar erro se algum imposto for negativo" time="0.001">
    </testcase>
    <testcase classname="Unitário - calcularNF deve funcionar com impostos zerados" name="Unitário - calcularNF deve funcionar com impostos zerados" time="0.001">
    </testcase>
    <testcase classname="Unitário - calcularNF TABELA deve ter as alíquotas padrão corretas" name="Unitário - calcularNF TABELA deve ter as alíquotas padrão corretas" time="0">
    </testcase>
    <testcase classname="Unitário - calcularNFInverso deve calcular o valor original corretamente" name="Unitário - calcularNFInverso deve calcular o valor original corretamente" time="0.001">
    </testcase>
    <testcase classname="Unitário - calcularNFInverso deve lançar erro se totalNF for zero" name="Unitário - calcularNFInverso deve lançar erro se totalNF for zero" time="0.001">
    </testcase>
    <testcase classname="Unitário - calcularNFInverso deve lançar erro se totalNF for negativo" name="Unitário - calcularNFInverso deve lançar erro se totalNF for negativo" time="0">
    </testcase>
    <testcase classname="Unitário - calcularNFInverso deve lançar erro se imposto for negativo" name="Unitário - calcularNFInverso deve lançar erro se imposto for negativo" time="0.001">
    </testcase>
    <testcase classname="Unitário - calcularNFInverso deve funcionar com impostos zerados" name="Unitário - calcularNFInverso deve funcionar com impostos zerados" time="0">
    </testcase>
    <testcase classname="Unitário - compararAliquotas deve identificar cenário B como mais vantajoso quando tem menor carga tributária" name="Unitário - compararAliquotas deve identificar cenário B como mais vantajoso quando tem menor carga tributária" time="0.001">
    </testcase>
    <testcase classname="Unitário - compararAliquotas deve identificar cenário A como mais vantajoso quando tem menor carga tributária" name="Unitário - compararAliquotas deve identificar cenário A como mais vantajoso quando tem menor carga tributária" time="0">
    </testcase>
    <testcase classname="Unitário - compararAliquotas deve retornar empate quando cenários têm mesmas alíquotas" name="Unitário - compararAliquotas deve retornar empate quando cenários têm mesmas alíquotas" time="0.001">
    </testcase>
    <testcase classname="Unitário - compararAliquotas deve retornar diferencaPercentual correta" name="Unitário - compararAliquotas deve retornar diferencaPercentual correta" time="0">
    </testcase>
    <testcase classname="Unitário - compararAliquotas deve lançar erro se valorProduto for zero" name="Unitário - compararAliquotas deve lançar erro se valorProduto for zero" time="0.001">
    </testcase>
    <testcase classname="Unitário - compararAliquotas deve lançar erro se valorProduto for negativo" name="Unitário - compararAliquotas deve lançar erro se valorProduto for negativo" time="0.001">
    </testcase>
    <testcase classname="Unitário - compararAliquotas deve lançar erro se alguma alíquota do cenário A for negativa" name="Unitário - compararAliquotas deve lançar erro se alguma alíquota do cenário A for negativa" time="0.001">
    </testcase>
    <testcase classname="Unitário - compararAliquotas deve lançar erro se alguma alíquota do cenário B for negativa" name="Unitário - compararAliquotas deve lançar erro se alguma alíquota do cenário B for negativa" time="0">
    </testcase>
    <testcase classname="Unitário - compararAliquotas deve funcionar com cenários sem alíquotas (tudo zero)" name="Unitário - compararAliquotas deve funcionar com cenários sem alíquotas (tudo zero)" time="0">
    </testcase>
  </testsuite>
  <testsuite name="GET /api/equipe-9/health" errors="0" failures="0" skipped="0" timestamp="2026-05-27T17:55:58" time="5.675" tests="13">
    <testcase classname="GET /api/equipe-9/health deve retornar status ok" name="GET /api/equipe-9/health deve retornar status ok" time="0.021">
    </testcase>
    <testcase classname="GET /api/equipe-9/tabelas deve retornar a tabela de alíquotas padrão" name="GET /api/equipe-9/tabelas deve retornar a tabela de alíquotas padrão" time="0.008">
    </testcase>
    <testcase classname="API - POST /api/equipe-9/calcular deve calcular NF corretamente" name="API - POST /api/equipe-9/calcular deve calcular NF corretamente" time="0.013">
    </testcase>
    <testcase classname="API - POST /api/equipe-9/calcular deve retornar erro com valorProduto inválido" name="API - POST /api/equipe-9/calcular deve retornar erro com valorProduto inválido" time="0.004">
    </testcase>
    <testcase classname="API - POST /api/equipe-9/calcular deve retornar erro com imposto negativo" name="API - POST /api/equipe-9/calcular deve retornar erro com imposto negativo" time="0.004">
    </testcase>
    <testcase classname="API - POST /api/equipe-9/calcular deve retornar erro com corpo vazio" name="API - POST /api/equipe-9/calcular deve retornar erro com corpo vazio" time="0.003">
    </testcase>
    <testcase classname="API - POST /api/equipe-9/calcular-inverso deve retornar o valor original do produto" name="API - POST /api/equipe-9/calcular-inverso deve retornar o valor original do produto" time="0.003">
    </testcase>
    <testcase classname="API - POST /api/equipe-9/calcular-inverso deve retornar erro com totalNF inválido" name="API - POST /api/equipe-9/calcular-inverso deve retornar erro com totalNF inválido" time="0.003">
    </testcase>
    <testcase classname="API - POST /api/equipe-9/comparar deve comparar dois cenários e retornar o mais vantajoso" name="API - POST /api/equipe-9/comparar deve comparar dois cenários e retornar o mais vantajoso" time="0.005">
    </testcase>
    <testcase classname="API - POST /api/equipe-9/comparar deve retornar empate quando alíquotas são iguais" name="API - POST /api/equipe-9/comparar deve retornar empate quando alíquotas são iguais" time="0.004">
    </testcase>
    <testcase classname="API - POST /api/equipe-9/comparar deve retornar erro com valorProduto inválido" name="API - POST /api/equipe-9/comparar deve retornar erro com valorProduto inválido" time="0.002">
    </testcase>
    <testcase classname="API - POST /api/equipe-9/comparar deve retornar erro com alíquota negativa" name="API - POST /api/equipe-9/comparar deve retornar erro com alíquota negativa" time="0.002">
    </testcase>
    <testcase classname="API - POST /api/equipe-9/comparar deve retornar erro com corpo vazio" name="API - POST /api/equipe-9/comparar deve retornar erro com corpo vazio" time="0.003">
    </testcase>
  </testsuite>
</testsuites>